[2023-12-20T11:17:46.729+0000] {processor.py:161} INFO - Started process (PID=88) to work on /home/airflow/.local/lib/python3.8/site-packages/airflow/example_dags/example_branch_labels.py
[2023-12-20T11:17:46.732+0000] {processor.py:830} INFO - Processing file /home/airflow/.local/lib/python3.8/site-packages/airflow/example_dags/example_branch_labels.py for tasks to queue
[2023-12-20T11:17:46.737+0000] {logging_mixin.py:188} INFO - [2023-12-20T11:17:46.737+0000] {dagbag.py:538} INFO - Filling up the DagBag from /home/airflow/.local/lib/python3.8/site-packages/airflow/example_dags/example_branch_labels.py
[2023-12-20T11:17:46.753+0000] {processor.py:840} INFO - DAG(s) 'example_branch_labels' retrieved from /home/airflow/.local/lib/python3.8/site-packages/airflow/example_dags/example_branch_labels.py
[2023-12-20T11:17:47.052+0000] {logging_mixin.py:188} INFO - [2023-12-20T11:17:47.047+0000] {override.py:1769} INFO - Created Permission View: can edit on DAG:example_branch_labels
[2023-12-20T11:17:47.085+0000] {logging_mixin.py:188} INFO - [2023-12-20T11:17:47.084+0000] {override.py:1769} INFO - Created Permission View: can read on DAG:example_branch_labels
[2023-12-20T11:17:47.103+0000] {logging_mixin.py:188} INFO - [2023-12-20T11:17:47.102+0000] {override.py:1769} INFO - Created Permission View: can delete on DAG:example_branch_labels
[2023-12-20T11:17:47.107+0000] {logging_mixin.py:188} INFO - [2023-12-20T11:17:47.105+0000] {dag.py:3033} INFO - Sync 1 DAGs
[2023-12-20T11:17:47.219+0000] {logging_mixin.py:188} INFO - [2023-12-20T11:17:47.211+0000] {dag.py:3055} INFO - Creating ORM DAG for example_branch_labels
[2023-12-20T11:17:47.260+0000] {logging_mixin.py:188} INFO - [2023-12-20T11:17:47.260+0000] {dag.py:3820} INFO - Setting next_dagrun for example_branch_labels to 2023-12-19T00:00:00+00:00, run_after=2023-12-20T00:00:00+00:00
[2023-12-20T11:17:47.430+0000] {processor.py:183} INFO - Processing /home/airflow/.local/lib/python3.8/site-packages/airflow/example_dags/example_branch_labels.py took 0.707 seconds
[2023-12-20T11:18:19.163+0000] {processor.py:161} INFO - Started process (PID=143) to work on /home/airflow/.local/lib/python3.8/site-packages/airflow/example_dags/example_branch_labels.py
[2023-12-20T11:18:19.165+0000] {processor.py:830} INFO - Processing file /home/airflow/.local/lib/python3.8/site-packages/airflow/example_dags/example_branch_labels.py for tasks to queue
[2023-12-20T11:18:19.173+0000] {logging_mixin.py:188} INFO - [2023-12-20T11:18:19.172+0000] {dagbag.py:538} INFO - Filling up the DagBag from /home/airflow/.local/lib/python3.8/site-packages/airflow/example_dags/example_branch_labels.py
[2023-12-20T11:18:19.212+0000] {processor.py:840} INFO - DAG(s) 'example_branch_labels' retrieved from /home/airflow/.local/lib/python3.8/site-packages/airflow/example_dags/example_branch_labels.py
[2023-12-20T11:18:19.264+0000] {logging_mixin.py:188} INFO - [2023-12-20T11:18:19.263+0000] {dag.py:3033} INFO - Sync 1 DAGs
[2023-12-20T11:18:19.318+0000] {logging_mixin.py:188} INFO - [2023-12-20T11:18:19.318+0000] {dag.py:3820} INFO - Setting next_dagrun for example_branch_labels to 2023-12-19T00:00:00+00:00, run_after=2023-12-20T00:00:00+00:00
[2023-12-20T11:18:19.396+0000] {processor.py:183} INFO - Processing /home/airflow/.local/lib/python3.8/site-packages/airflow/example_dags/example_branch_labels.py took 0.244 seconds
[2023-12-20T11:18:50.901+0000] {processor.py:161} INFO - Started process (PID=200) to work on /home/airflow/.local/lib/python3.8/site-packages/airflow/example_dags/example_branch_labels.py
[2023-12-20T11:18:50.904+0000] {processor.py:830} INFO - Processing file /home/airflow/.local/lib/python3.8/site-packages/airflow/example_dags/example_branch_labels.py for tasks to queue
[2023-12-20T11:18:50.913+0000] {logging_mixin.py:188} INFO - [2023-12-20T11:18:50.911+0000] {dagbag.py:538} INFO - Filling up the DagBag from /home/airflow/.local/lib/python3.8/site-packages/airflow/example_dags/example_branch_labels.py
[2023-12-20T11:18:50.951+0000] {processor.py:840} INFO - DAG(s) 'example_branch_labels' retrieved from /home/airflow/.local/lib/python3.8/site-packages/airflow/example_dags/example_branch_labels.py
[2023-12-20T11:18:51.107+0000] {logging_mixin.py:188} INFO - [2023-12-20T11:18:51.103+0000] {dag.py:3033} INFO - Sync 1 DAGs
[2023-12-20T11:18:51.286+0000] {logging_mixin.py:188} INFO - [2023-12-20T11:18:51.286+0000] {dag.py:3820} INFO - Setting next_dagrun for example_branch_labels to 2023-12-19T00:00:00+00:00, run_after=2023-12-20T00:00:00+00:00
[2023-12-20T11:18:51.538+0000] {processor.py:183} INFO - Processing /home/airflow/.local/lib/python3.8/site-packages/airflow/example_dags/example_branch_labels.py took 0.647 seconds
[2023-12-20T11:19:21.684+0000] {processor.py:161} INFO - Started process (PID=255) to work on /home/airflow/.local/lib/python3.8/site-packages/airflow/example_dags/example_branch_labels.py
[2023-12-20T11:19:21.687+0000] {processor.py:830} INFO - Processing file /home/airflow/.local/lib/python3.8/site-packages/airflow/example_dags/example_branch_labels.py for tasks to queue
[2023-12-20T11:19:21.697+0000] {logging_mixin.py:188} INFO - [2023-12-20T11:19:21.696+0000] {dagbag.py:538} INFO - Filling up the DagBag from /home/airflow/.local/lib/python3.8/site-packages/airflow/example_dags/example_branch_labels.py
[2023-12-20T11:19:21.719+0000] {processor.py:840} INFO - DAG(s) 'example_branch_labels' retrieved from /home/airflow/.local/lib/python3.8/site-packages/airflow/example_dags/example_branch_labels.py
[2023-12-20T11:19:21.815+0000] {logging_mixin.py:188} INFO - [2023-12-20T11:19:21.814+0000] {dag.py:3033} INFO - Sync 1 DAGs
[2023-12-20T11:19:21.914+0000] {logging_mixin.py:188} INFO - [2023-12-20T11:19:21.914+0000] {dag.py:3820} INFO - Setting next_dagrun for example_branch_labels to 2023-12-19T00:00:00+00:00, run_after=2023-12-20T00:00:00+00:00
[2023-12-20T11:19:21.953+0000] {processor.py:183} INFO - Processing /home/airflow/.local/lib/python3.8/site-packages/airflow/example_dags/example_branch_labels.py took 0.278 seconds
[2023-12-20T11:19:52.423+0000] {processor.py:161} INFO - Started process (PID=311) to work on /home/airflow/.local/lib/python3.8/site-packages/airflow/example_dags/example_branch_labels.py
[2023-12-20T11:19:52.427+0000] {processor.py:830} INFO - Processing file /home/airflow/.local/lib/python3.8/site-packages/airflow/example_dags/example_branch_labels.py for tasks to queue
[2023-12-20T11:19:52.434+0000] {logging_mixin.py:188} INFO - [2023-12-20T11:19:52.433+0000] {dagbag.py:538} INFO - Filling up the DagBag from /home/airflow/.local/lib/python3.8/site-packages/airflow/example_dags/example_branch_labels.py
[2023-12-20T11:19:52.467+0000] {processor.py:840} INFO - DAG(s) 'example_branch_labels' retrieved from /home/airflow/.local/lib/python3.8/site-packages/airflow/example_dags/example_branch_labels.py
[2023-12-20T11:19:52.534+0000] {logging_mixin.py:188} INFO - [2023-12-20T11:19:52.533+0000] {dag.py:3033} INFO - Sync 1 DAGs
[2023-12-20T11:19:52.578+0000] {logging_mixin.py:188} INFO - [2023-12-20T11:19:52.578+0000] {dag.py:3820} INFO - Setting next_dagrun for example_branch_labels to 2023-12-19T00:00:00+00:00, run_after=2023-12-20T00:00:00+00:00
[2023-12-20T11:19:52.617+0000] {processor.py:183} INFO - Processing /home/airflow/.local/lib/python3.8/site-packages/airflow/example_dags/example_branch_labels.py took 0.206 seconds
