[2023-12-20T11:17:44.959+0000] {processor.py:161} INFO - Started process (PID=83) to work on /home/airflow/.local/lib/python3.8/site-packages/airflow/example_dags/example_nested_branch_dag.py
[2023-12-20T11:17:44.965+0000] {processor.py:830} INFO - Processing file /home/airflow/.local/lib/python3.8/site-packages/airflow/example_dags/example_nested_branch_dag.py for tasks to queue
[2023-12-20T11:17:44.970+0000] {logging_mixin.py:188} INFO - [2023-12-20T11:17:44.969+0000] {dagbag.py:538} INFO - Filling up the DagBag from /home/airflow/.local/lib/python3.8/site-packages/airflow/example_dags/example_nested_branch_dag.py
[2023-12-20T11:17:45.030+0000] {processor.py:840} INFO - DAG(s) 'example_nested_branch_dag' retrieved from /home/airflow/.local/lib/python3.8/site-packages/airflow/example_dags/example_nested_branch_dag.py
[2023-12-20T11:17:45.417+0000] {logging_mixin.py:188} INFO - [2023-12-20T11:17:45.412+0000] {override.py:1769} INFO - Created Permission View: can edit on DAG:example_nested_branch_dag
[2023-12-20T11:17:45.444+0000] {logging_mixin.py:188} INFO - [2023-12-20T11:17:45.443+0000] {override.py:1769} INFO - Created Permission View: can read on DAG:example_nested_branch_dag
[2023-12-20T11:17:45.456+0000] {logging_mixin.py:188} INFO - [2023-12-20T11:17:45.455+0000] {override.py:1769} INFO - Created Permission View: can delete on DAG:example_nested_branch_dag
[2023-12-20T11:17:45.464+0000] {logging_mixin.py:188} INFO - [2023-12-20T11:17:45.457+0000] {dag.py:3033} INFO - Sync 1 DAGs
[2023-12-20T11:17:45.547+0000] {logging_mixin.py:188} INFO - [2023-12-20T11:17:45.547+0000] {dag.py:3055} INFO - Creating ORM DAG for example_nested_branch_dag
[2023-12-20T11:17:45.566+0000] {logging_mixin.py:188} INFO - [2023-12-20T11:17:45.565+0000] {dag.py:3820} INFO - Setting next_dagrun for example_nested_branch_dag to 2023-12-19T00:00:00+00:00, run_after=2023-12-20T00:00:00+00:00
[2023-12-20T11:17:45.598+0000] {processor.py:183} INFO - Processing /home/airflow/.local/lib/python3.8/site-packages/airflow/example_dags/example_nested_branch_dag.py took 0.646 seconds
[2023-12-20T11:18:18.371+0000] {processor.py:161} INFO - Started process (PID=139) to work on /home/airflow/.local/lib/python3.8/site-packages/airflow/example_dags/example_nested_branch_dag.py
[2023-12-20T11:18:18.390+0000] {processor.py:830} INFO - Processing file /home/airflow/.local/lib/python3.8/site-packages/airflow/example_dags/example_nested_branch_dag.py for tasks to queue
[2023-12-20T11:18:18.395+0000] {logging_mixin.py:188} INFO - [2023-12-20T11:18:18.393+0000] {dagbag.py:538} INFO - Filling up the DagBag from /home/airflow/.local/lib/python3.8/site-packages/airflow/example_dags/example_nested_branch_dag.py
[2023-12-20T11:18:18.468+0000] {processor.py:840} INFO - DAG(s) 'example_nested_branch_dag' retrieved from /home/airflow/.local/lib/python3.8/site-packages/airflow/example_dags/example_nested_branch_dag.py
[2023-12-20T11:18:18.532+0000] {logging_mixin.py:188} INFO - [2023-12-20T11:18:18.530+0000] {dag.py:3033} INFO - Sync 1 DAGs
[2023-12-20T11:18:18.648+0000] {logging_mixin.py:188} INFO - [2023-12-20T11:18:18.647+0000] {dag.py:3820} INFO - Setting next_dagrun for example_nested_branch_dag to 2023-12-19T00:00:00+00:00, run_after=2023-12-20T00:00:00+00:00
[2023-12-20T11:18:18.720+0000] {processor.py:183} INFO - Processing /home/airflow/.local/lib/python3.8/site-packages/airflow/example_dags/example_nested_branch_dag.py took 0.388 seconds
[2023-12-20T11:18:49.281+0000] {processor.py:161} INFO - Started process (PID=195) to work on /home/airflow/.local/lib/python3.8/site-packages/airflow/example_dags/example_nested_branch_dag.py
[2023-12-20T11:18:49.285+0000] {processor.py:830} INFO - Processing file /home/airflow/.local/lib/python3.8/site-packages/airflow/example_dags/example_nested_branch_dag.py for tasks to queue
[2023-12-20T11:18:49.299+0000] {logging_mixin.py:188} INFO - [2023-12-20T11:18:49.298+0000] {dagbag.py:538} INFO - Filling up the DagBag from /home/airflow/.local/lib/python3.8/site-packages/airflow/example_dags/example_nested_branch_dag.py
[2023-12-20T11:18:49.335+0000] {processor.py:840} INFO - DAG(s) 'example_nested_branch_dag' retrieved from /home/airflow/.local/lib/python3.8/site-packages/airflow/example_dags/example_nested_branch_dag.py
[2023-12-20T11:18:49.586+0000] {logging_mixin.py:188} INFO - [2023-12-20T11:18:49.583+0000] {dag.py:3033} INFO - Sync 1 DAGs
[2023-12-20T11:18:49.694+0000] {logging_mixin.py:188} INFO - [2023-12-20T11:18:49.692+0000] {dag.py:3820} INFO - Setting next_dagrun for example_nested_branch_dag to 2023-12-19T00:00:00+00:00, run_after=2023-12-20T00:00:00+00:00
[2023-12-20T11:18:49.854+0000] {processor.py:183} INFO - Processing /home/airflow/.local/lib/python3.8/site-packages/airflow/example_dags/example_nested_branch_dag.py took 0.599 seconds
[2023-12-20T11:19:20.996+0000] {processor.py:161} INFO - Started process (PID=251) to work on /home/airflow/.local/lib/python3.8/site-packages/airflow/example_dags/example_nested_branch_dag.py
[2023-12-20T11:19:20.998+0000] {processor.py:830} INFO - Processing file /home/airflow/.local/lib/python3.8/site-packages/airflow/example_dags/example_nested_branch_dag.py for tasks to queue
[2023-12-20T11:19:21.002+0000] {logging_mixin.py:188} INFO - [2023-12-20T11:19:21.001+0000] {dagbag.py:538} INFO - Filling up the DagBag from /home/airflow/.local/lib/python3.8/site-packages/airflow/example_dags/example_nested_branch_dag.py
[2023-12-20T11:19:21.029+0000] {processor.py:840} INFO - DAG(s) 'example_nested_branch_dag' retrieved from /home/airflow/.local/lib/python3.8/site-packages/airflow/example_dags/example_nested_branch_dag.py
[2023-12-20T11:19:21.100+0000] {logging_mixin.py:188} INFO - [2023-12-20T11:19:21.099+0000] {dag.py:3033} INFO - Sync 1 DAGs
[2023-12-20T11:19:21.142+0000] {logging_mixin.py:188} INFO - [2023-12-20T11:19:21.142+0000] {dag.py:3820} INFO - Setting next_dagrun for example_nested_branch_dag to 2023-12-19T00:00:00+00:00, run_after=2023-12-20T00:00:00+00:00
[2023-12-20T11:19:21.172+0000] {processor.py:183} INFO - Processing /home/airflow/.local/lib/python3.8/site-packages/airflow/example_dags/example_nested_branch_dag.py took 0.185 seconds
[2023-12-20T11:19:51.846+0000] {processor.py:161} INFO - Started process (PID=307) to work on /home/airflow/.local/lib/python3.8/site-packages/airflow/example_dags/example_nested_branch_dag.py
[2023-12-20T11:19:51.847+0000] {processor.py:830} INFO - Processing file /home/airflow/.local/lib/python3.8/site-packages/airflow/example_dags/example_nested_branch_dag.py for tasks to queue
[2023-12-20T11:19:51.851+0000] {logging_mixin.py:188} INFO - [2023-12-20T11:19:51.850+0000] {dagbag.py:538} INFO - Filling up the DagBag from /home/airflow/.local/lib/python3.8/site-packages/airflow/example_dags/example_nested_branch_dag.py
[2023-12-20T11:19:51.881+0000] {processor.py:840} INFO - DAG(s) 'example_nested_branch_dag' retrieved from /home/airflow/.local/lib/python3.8/site-packages/airflow/example_dags/example_nested_branch_dag.py
[2023-12-20T11:19:51.933+0000] {logging_mixin.py:188} INFO - [2023-12-20T11:19:51.932+0000] {dag.py:3033} INFO - Sync 1 DAGs
[2023-12-20T11:19:51.984+0000] {logging_mixin.py:188} INFO - [2023-12-20T11:19:51.984+0000] {dag.py:3820} INFO - Setting next_dagrun for example_nested_branch_dag to 2023-12-19T00:00:00+00:00, run_after=2023-12-20T00:00:00+00:00
[2023-12-20T11:19:52.019+0000] {processor.py:183} INFO - Processing /home/airflow/.local/lib/python3.8/site-packages/airflow/example_dags/example_nested_branch_dag.py took 0.191 seconds
