[2023-12-20T11:17:47.569+0000] {processor.py:161} INFO - Started process (PID=89) to work on /home/airflow/.local/lib/python3.8/site-packages/airflow/example_dags/example_task_group.py
[2023-12-20T11:17:47.572+0000] {processor.py:830} INFO - Processing file /home/airflow/.local/lib/python3.8/site-packages/airflow/example_dags/example_task_group.py for tasks to queue
[2023-12-20T11:17:47.603+0000] {logging_mixin.py:188} INFO - [2023-12-20T11:17:47.602+0000] {dagbag.py:538} INFO - Filling up the DagBag from /home/airflow/.local/lib/python3.8/site-packages/airflow/example_dags/example_task_group.py
[2023-12-20T11:17:47.652+0000] {processor.py:840} INFO - DAG(s) 'example_task_group' retrieved from /home/airflow/.local/lib/python3.8/site-packages/airflow/example_dags/example_task_group.py
[2023-12-20T11:17:48.260+0000] {logging_mixin.py:188} INFO - [2023-12-20T11:17:48.246+0000] {override.py:1769} INFO - Created Permission View: can edit on DAG:example_task_group
[2023-12-20T11:17:48.462+0000] {logging_mixin.py:188} INFO - [2023-12-20T11:17:48.461+0000] {override.py:1769} INFO - Created Permission View: can read on DAG:example_task_group
[2023-12-20T11:17:48.522+0000] {logging_mixin.py:188} INFO - [2023-12-20T11:17:48.520+0000] {override.py:1769} INFO - Created Permission View: can delete on DAG:example_task_group
[2023-12-20T11:17:48.523+0000] {logging_mixin.py:188} INFO - [2023-12-20T11:17:48.523+0000] {dag.py:3033} INFO - Sync 1 DAGs
[2023-12-20T11:17:48.612+0000] {logging_mixin.py:188} INFO - [2023-12-20T11:17:48.612+0000] {dag.py:3055} INFO - Creating ORM DAG for example_task_group
[2023-12-20T11:17:48.654+0000] {logging_mixin.py:188} INFO - [2023-12-20T11:17:48.654+0000] {dag.py:3820} INFO - Setting next_dagrun for example_task_group to 2023-12-19T00:00:00+00:00, run_after=2023-12-20T00:00:00+00:00
[2023-12-20T11:17:48.711+0000] {processor.py:183} INFO - Processing /home/airflow/.local/lib/python3.8/site-packages/airflow/example_dags/example_task_group.py took 1.151 seconds
[2023-12-20T11:18:19.467+0000] {processor.py:161} INFO - Started process (PID=145) to work on /home/airflow/.local/lib/python3.8/site-packages/airflow/example_dags/example_task_group.py
[2023-12-20T11:18:19.478+0000] {processor.py:830} INFO - Processing file /home/airflow/.local/lib/python3.8/site-packages/airflow/example_dags/example_task_group.py for tasks to queue
[2023-12-20T11:18:19.482+0000] {logging_mixin.py:188} INFO - [2023-12-20T11:18:19.482+0000] {dagbag.py:538} INFO - Filling up the DagBag from /home/airflow/.local/lib/python3.8/site-packages/airflow/example_dags/example_task_group.py
[2023-12-20T11:18:19.517+0000] {processor.py:840} INFO - DAG(s) 'example_task_group' retrieved from /home/airflow/.local/lib/python3.8/site-packages/airflow/example_dags/example_task_group.py
[2023-12-20T11:18:19.596+0000] {logging_mixin.py:188} INFO - [2023-12-20T11:18:19.596+0000] {dag.py:3033} INFO - Sync 1 DAGs
[2023-12-20T11:18:19.675+0000] {logging_mixin.py:188} INFO - [2023-12-20T11:18:19.674+0000] {dag.py:3820} INFO - Setting next_dagrun for example_task_group to 2023-12-19T00:00:00+00:00, run_after=2023-12-20T00:00:00+00:00
[2023-12-20T11:18:19.714+0000] {processor.py:183} INFO - Processing /home/airflow/.local/lib/python3.8/site-packages/airflow/example_dags/example_task_group.py took 0.260 seconds
[2023-12-20T11:18:51.626+0000] {processor.py:161} INFO - Started process (PID=201) to work on /home/airflow/.local/lib/python3.8/site-packages/airflow/example_dags/example_task_group.py
[2023-12-20T11:18:51.630+0000] {processor.py:830} INFO - Processing file /home/airflow/.local/lib/python3.8/site-packages/airflow/example_dags/example_task_group.py for tasks to queue
[2023-12-20T11:18:51.639+0000] {logging_mixin.py:188} INFO - [2023-12-20T11:18:51.638+0000] {dagbag.py:538} INFO - Filling up the DagBag from /home/airflow/.local/lib/python3.8/site-packages/airflow/example_dags/example_task_group.py
[2023-12-20T11:18:51.682+0000] {processor.py:840} INFO - DAG(s) 'example_task_group' retrieved from /home/airflow/.local/lib/python3.8/site-packages/airflow/example_dags/example_task_group.py
[2023-12-20T11:18:51.844+0000] {logging_mixin.py:188} INFO - [2023-12-20T11:18:51.840+0000] {dag.py:3033} INFO - Sync 1 DAGs
[2023-12-20T11:18:51.981+0000] {logging_mixin.py:188} INFO - [2023-12-20T11:18:51.980+0000] {dag.py:3820} INFO - Setting next_dagrun for example_task_group to 2023-12-19T00:00:00+00:00, run_after=2023-12-20T00:00:00+00:00
[2023-12-20T11:18:52.108+0000] {processor.py:183} INFO - Processing /home/airflow/.local/lib/python3.8/site-packages/airflow/example_dags/example_task_group.py took 0.491 seconds
[2023-12-20T11:19:22.766+0000] {processor.py:161} INFO - Started process (PID=257) to work on /home/airflow/.local/lib/python3.8/site-packages/airflow/example_dags/example_task_group.py
[2023-12-20T11:19:22.768+0000] {processor.py:830} INFO - Processing file /home/airflow/.local/lib/python3.8/site-packages/airflow/example_dags/example_task_group.py for tasks to queue
[2023-12-20T11:19:22.773+0000] {logging_mixin.py:188} INFO - [2023-12-20T11:19:22.772+0000] {dagbag.py:538} INFO - Filling up the DagBag from /home/airflow/.local/lib/python3.8/site-packages/airflow/example_dags/example_task_group.py
[2023-12-20T11:19:22.795+0000] {processor.py:840} INFO - DAG(s) 'example_task_group' retrieved from /home/airflow/.local/lib/python3.8/site-packages/airflow/example_dags/example_task_group.py
[2023-12-20T11:19:22.844+0000] {logging_mixin.py:188} INFO - [2023-12-20T11:19:22.843+0000] {dag.py:3033} INFO - Sync 1 DAGs
[2023-12-20T11:19:22.922+0000] {logging_mixin.py:188} INFO - [2023-12-20T11:19:22.922+0000] {dag.py:3820} INFO - Setting next_dagrun for example_task_group to 2023-12-19T00:00:00+00:00, run_after=2023-12-20T00:00:00+00:00
[2023-12-20T11:19:23.188+0000] {processor.py:183} INFO - Processing /home/airflow/.local/lib/python3.8/site-packages/airflow/example_dags/example_task_group.py took 0.430 seconds
[2023-12-20T11:19:53.746+0000] {processor.py:161} INFO - Started process (PID=312) to work on /home/airflow/.local/lib/python3.8/site-packages/airflow/example_dags/example_task_group.py
[2023-12-20T11:19:53.790+0000] {processor.py:830} INFO - Processing file /home/airflow/.local/lib/python3.8/site-packages/airflow/example_dags/example_task_group.py for tasks to queue
[2023-12-20T11:19:53.815+0000] {logging_mixin.py:188} INFO - [2023-12-20T11:19:53.809+0000] {dagbag.py:538} INFO - Filling up the DagBag from /home/airflow/.local/lib/python3.8/site-packages/airflow/example_dags/example_task_group.py
[2023-12-20T11:19:53.885+0000] {processor.py:840} INFO - DAG(s) 'example_task_group' retrieved from /home/airflow/.local/lib/python3.8/site-packages/airflow/example_dags/example_task_group.py
[2023-12-20T11:19:54.000+0000] {logging_mixin.py:188} INFO - [2023-12-20T11:19:54.000+0000] {dag.py:3033} INFO - Sync 1 DAGs
[2023-12-20T11:19:54.353+0000] {logging_mixin.py:188} INFO - [2023-12-20T11:19:54.351+0000] {dag.py:3820} INFO - Setting next_dagrun for example_task_group to 2023-12-19T00:00:00+00:00, run_after=2023-12-20T00:00:00+00:00
[2023-12-20T11:19:54.643+0000] {processor.py:183} INFO - Processing /home/airflow/.local/lib/python3.8/site-packages/airflow/example_dags/example_task_group.py took 1.099 seconds
