[2023-12-20T11:17:36.547+0000] {processor.py:161} INFO - Started process (PID=64) to work on /home/airflow/.local/lib/python3.8/site-packages/airflow/example_dags/example_setup_teardown_taskflow.py
[2023-12-20T11:17:36.554+0000] {processor.py:830} INFO - Processing file /home/airflow/.local/lib/python3.8/site-packages/airflow/example_dags/example_setup_teardown_taskflow.py for tasks to queue
[2023-12-20T11:17:36.562+0000] {logging_mixin.py:188} INFO - [2023-12-20T11:17:36.561+0000] {dagbag.py:538} INFO - Filling up the DagBag from /home/airflow/.local/lib/python3.8/site-packages/airflow/example_dags/example_setup_teardown_taskflow.py
[2023-12-20T11:17:36.740+0000] {processor.py:840} INFO - DAG(s) 'example_setup_teardown_taskflow' retrieved from /home/airflow/.local/lib/python3.8/site-packages/airflow/example_dags/example_setup_teardown_taskflow.py
[2023-12-20T11:17:37.602+0000] {logging_mixin.py:188} INFO - [2023-12-20T11:17:37.597+0000] {override.py:1769} INFO - Created Permission View: can edit on DAG:example_setup_teardown_taskflow
[2023-12-20T11:17:37.676+0000] {logging_mixin.py:188} INFO - [2023-12-20T11:17:37.675+0000] {override.py:1769} INFO - Created Permission View: can read on DAG:example_setup_teardown_taskflow
[2023-12-20T11:17:37.698+0000] {logging_mixin.py:188} INFO - [2023-12-20T11:17:37.698+0000] {override.py:1769} INFO - Created Permission View: can delete on DAG:example_setup_teardown_taskflow
[2023-12-20T11:17:37.702+0000] {logging_mixin.py:188} INFO - [2023-12-20T11:17:37.701+0000] {dag.py:3033} INFO - Sync 1 DAGs
[2023-12-20T11:17:37.724+0000] {logging_mixin.py:188} INFO - [2023-12-20T11:17:37.723+0000] {dag.py:3055} INFO - Creating ORM DAG for example_setup_teardown_taskflow
[2023-12-20T11:17:37.749+0000] {logging_mixin.py:188} INFO - [2023-12-20T11:17:37.749+0000] {dag.py:3820} INFO - Setting next_dagrun for example_setup_teardown_taskflow to 2023-12-19T00:00:00+00:00, run_after=2023-12-20T00:00:00+00:00
[2023-12-20T11:17:37.799+0000] {processor.py:183} INFO - Processing /home/airflow/.local/lib/python3.8/site-packages/airflow/example_dags/example_setup_teardown_taskflow.py took 1.268 seconds
[2023-12-20T11:18:07.968+0000] {processor.py:161} INFO - Started process (PID=120) to work on /home/airflow/.local/lib/python3.8/site-packages/airflow/example_dags/example_setup_teardown_taskflow.py
[2023-12-20T11:18:07.972+0000] {processor.py:830} INFO - Processing file /home/airflow/.local/lib/python3.8/site-packages/airflow/example_dags/example_setup_teardown_taskflow.py for tasks to queue
[2023-12-20T11:18:07.983+0000] {logging_mixin.py:188} INFO - [2023-12-20T11:18:07.982+0000] {dagbag.py:538} INFO - Filling up the DagBag from /home/airflow/.local/lib/python3.8/site-packages/airflow/example_dags/example_setup_teardown_taskflow.py
[2023-12-20T11:18:08.013+0000] {processor.py:840} INFO - DAG(s) 'example_setup_teardown_taskflow' retrieved from /home/airflow/.local/lib/python3.8/site-packages/airflow/example_dags/example_setup_teardown_taskflow.py
[2023-12-20T11:18:08.134+0000] {logging_mixin.py:188} INFO - [2023-12-20T11:18:08.133+0000] {dag.py:3033} INFO - Sync 1 DAGs
[2023-12-20T11:18:08.276+0000] {logging_mixin.py:188} INFO - [2023-12-20T11:18:08.276+0000] {dag.py:3820} INFO - Setting next_dagrun for example_setup_teardown_taskflow to 2023-12-19T00:00:00+00:00, run_after=2023-12-20T00:00:00+00:00
[2023-12-20T11:18:08.650+0000] {processor.py:183} INFO - Processing /home/airflow/.local/lib/python3.8/site-packages/airflow/example_dags/example_setup_teardown_taskflow.py took 0.692 seconds
[2023-12-20T11:18:39.042+0000] {processor.py:161} INFO - Started process (PID=176) to work on /home/airflow/.local/lib/python3.8/site-packages/airflow/example_dags/example_setup_teardown_taskflow.py
[2023-12-20T11:18:39.055+0000] {processor.py:830} INFO - Processing file /home/airflow/.local/lib/python3.8/site-packages/airflow/example_dags/example_setup_teardown_taskflow.py for tasks to queue
[2023-12-20T11:18:39.083+0000] {logging_mixin.py:188} INFO - [2023-12-20T11:18:39.060+0000] {dagbag.py:538} INFO - Filling up the DagBag from /home/airflow/.local/lib/python3.8/site-packages/airflow/example_dags/example_setup_teardown_taskflow.py
[2023-12-20T11:18:39.204+0000] {processor.py:840} INFO - DAG(s) 'example_setup_teardown_taskflow' retrieved from /home/airflow/.local/lib/python3.8/site-packages/airflow/example_dags/example_setup_teardown_taskflow.py
[2023-12-20T11:18:39.279+0000] {logging_mixin.py:188} INFO - [2023-12-20T11:18:39.278+0000] {dag.py:3033} INFO - Sync 1 DAGs
[2023-12-20T11:18:39.371+0000] {logging_mixin.py:188} INFO - [2023-12-20T11:18:39.371+0000] {dag.py:3820} INFO - Setting next_dagrun for example_setup_teardown_taskflow to 2023-12-19T00:00:00+00:00, run_after=2023-12-20T00:00:00+00:00
[2023-12-20T11:18:39.617+0000] {processor.py:183} INFO - Processing /home/airflow/.local/lib/python3.8/site-packages/airflow/example_dags/example_setup_teardown_taskflow.py took 0.582 seconds
[2023-12-20T11:19:10.499+0000] {processor.py:161} INFO - Started process (PID=232) to work on /home/airflow/.local/lib/python3.8/site-packages/airflow/example_dags/example_setup_teardown_taskflow.py
[2023-12-20T11:19:10.507+0000] {processor.py:830} INFO - Processing file /home/airflow/.local/lib/python3.8/site-packages/airflow/example_dags/example_setup_teardown_taskflow.py for tasks to queue
[2023-12-20T11:19:10.524+0000] {logging_mixin.py:188} INFO - [2023-12-20T11:19:10.523+0000] {dagbag.py:538} INFO - Filling up the DagBag from /home/airflow/.local/lib/python3.8/site-packages/airflow/example_dags/example_setup_teardown_taskflow.py
[2023-12-20T11:19:10.545+0000] {processor.py:840} INFO - DAG(s) 'example_setup_teardown_taskflow' retrieved from /home/airflow/.local/lib/python3.8/site-packages/airflow/example_dags/example_setup_teardown_taskflow.py
[2023-12-20T11:19:10.707+0000] {logging_mixin.py:188} INFO - [2023-12-20T11:19:10.706+0000] {dag.py:3033} INFO - Sync 1 DAGs
[2023-12-20T11:19:10.776+0000] {logging_mixin.py:188} INFO - [2023-12-20T11:19:10.776+0000] {dag.py:3820} INFO - Setting next_dagrun for example_setup_teardown_taskflow to 2023-12-19T00:00:00+00:00, run_after=2023-12-20T00:00:00+00:00
[2023-12-20T11:19:10.872+0000] {processor.py:183} INFO - Processing /home/airflow/.local/lib/python3.8/site-packages/airflow/example_dags/example_setup_teardown_taskflow.py took 0.382 seconds
[2023-12-20T11:19:41.263+0000] {processor.py:161} INFO - Started process (PID=288) to work on /home/airflow/.local/lib/python3.8/site-packages/airflow/example_dags/example_setup_teardown_taskflow.py
[2023-12-20T11:19:41.288+0000] {processor.py:830} INFO - Processing file /home/airflow/.local/lib/python3.8/site-packages/airflow/example_dags/example_setup_teardown_taskflow.py for tasks to queue
[2023-12-20T11:19:41.303+0000] {logging_mixin.py:188} INFO - [2023-12-20T11:19:41.301+0000] {dagbag.py:538} INFO - Filling up the DagBag from /home/airflow/.local/lib/python3.8/site-packages/airflow/example_dags/example_setup_teardown_taskflow.py
[2023-12-20T11:19:41.348+0000] {processor.py:840} INFO - DAG(s) 'example_setup_teardown_taskflow' retrieved from /home/airflow/.local/lib/python3.8/site-packages/airflow/example_dags/example_setup_teardown_taskflow.py
[2023-12-20T11:19:41.418+0000] {logging_mixin.py:188} INFO - [2023-12-20T11:19:41.417+0000] {dag.py:3033} INFO - Sync 1 DAGs
[2023-12-20T11:19:41.490+0000] {logging_mixin.py:188} INFO - [2023-12-20T11:19:41.490+0000] {dag.py:3820} INFO - Setting next_dagrun for example_setup_teardown_taskflow to 2023-12-19T00:00:00+00:00, run_after=2023-12-20T00:00:00+00:00
[2023-12-20T11:19:41.895+0000] {processor.py:183} INFO - Processing /home/airflow/.local/lib/python3.8/site-packages/airflow/example_dags/example_setup_teardown_taskflow.py took 0.641 seconds
