[2023-12-20T11:17:34.872+0000] {processor.py:161} INFO - Started process (PID=56) to work on /home/airflow/.local/lib/python3.8/site-packages/airflow/example_dags/example_latest_only.py
[2023-12-20T11:17:34.880+0000] {processor.py:830} INFO - Processing file /home/airflow/.local/lib/python3.8/site-packages/airflow/example_dags/example_latest_only.py for tasks to queue
[2023-12-20T11:17:34.904+0000] {logging_mixin.py:188} INFO - [2023-12-20T11:17:34.894+0000] {dagbag.py:538} INFO - Filling up the DagBag from /home/airflow/.local/lib/python3.8/site-packages/airflow/example_dags/example_latest_only.py
[2023-12-20T11:17:34.966+0000] {processor.py:840} INFO - DAG(s) 'latest_only' retrieved from /home/airflow/.local/lib/python3.8/site-packages/airflow/example_dags/example_latest_only.py
[2023-12-20T11:17:36.212+0000] {logging_mixin.py:188} INFO - [2023-12-20T11:17:36.211+0000] {override.py:1769} INFO - Created Permission View: can edit on DAG:latest_only
[2023-12-20T11:17:36.249+0000] {logging_mixin.py:188} INFO - [2023-12-20T11:17:36.249+0000] {override.py:1769} INFO - Created Permission View: can read on DAG:latest_only
[2023-12-20T11:17:36.287+0000] {logging_mixin.py:188} INFO - [2023-12-20T11:17:36.286+0000] {override.py:1769} INFO - Created Permission View: can delete on DAG:latest_only
[2023-12-20T11:17:36.291+0000] {logging_mixin.py:188} INFO - [2023-12-20T11:17:36.288+0000] {dag.py:3033} INFO - Sync 1 DAGs
[2023-12-20T11:17:36.352+0000] {logging_mixin.py:188} INFO - [2023-12-20T11:17:36.351+0000] {dag.py:3055} INFO - Creating ORM DAG for latest_only
[2023-12-20T11:17:36.391+0000] {logging_mixin.py:188} INFO - [2023-12-20T11:17:36.390+0000] {dag.py:3820} INFO - Setting next_dagrun for latest_only to 2023-12-20T04:00:00+00:00, run_after=2023-12-20T08:00:00+00:00
[2023-12-20T11:17:36.467+0000] {processor.py:183} INFO - Processing /home/airflow/.local/lib/python3.8/site-packages/airflow/example_dags/example_latest_only.py took 1.642 seconds
[2023-12-20T11:18:06.978+0000] {processor.py:161} INFO - Started process (PID=118) to work on /home/airflow/.local/lib/python3.8/site-packages/airflow/example_dags/example_latest_only.py
[2023-12-20T11:18:07.005+0000] {processor.py:830} INFO - Processing file /home/airflow/.local/lib/python3.8/site-packages/airflow/example_dags/example_latest_only.py for tasks to queue
[2023-12-20T11:18:07.055+0000] {logging_mixin.py:188} INFO - [2023-12-20T11:18:07.055+0000] {dagbag.py:538} INFO - Filling up the DagBag from /home/airflow/.local/lib/python3.8/site-packages/airflow/example_dags/example_latest_only.py
[2023-12-20T11:18:07.076+0000] {processor.py:840} INFO - DAG(s) 'latest_only' retrieved from /home/airflow/.local/lib/python3.8/site-packages/airflow/example_dags/example_latest_only.py
[2023-12-20T11:18:07.615+0000] {logging_mixin.py:188} INFO - [2023-12-20T11:18:07.614+0000] {dag.py:3033} INFO - Sync 1 DAGs
[2023-12-20T11:18:07.797+0000] {logging_mixin.py:188} INFO - [2023-12-20T11:18:07.797+0000] {dag.py:3820} INFO - Setting next_dagrun for latest_only to 2023-12-20T04:00:00+00:00, run_after=2023-12-20T08:00:00+00:00
[2023-12-20T11:18:07.888+0000] {processor.py:183} INFO - Processing /home/airflow/.local/lib/python3.8/site-packages/airflow/example_dags/example_latest_only.py took 1.143 seconds
[2023-12-20T11:18:38.599+0000] {processor.py:161} INFO - Started process (PID=174) to work on /home/airflow/.local/lib/python3.8/site-packages/airflow/example_dags/example_latest_only.py
[2023-12-20T11:18:38.602+0000] {processor.py:830} INFO - Processing file /home/airflow/.local/lib/python3.8/site-packages/airflow/example_dags/example_latest_only.py for tasks to queue
[2023-12-20T11:18:38.608+0000] {logging_mixin.py:188} INFO - [2023-12-20T11:18:38.607+0000] {dagbag.py:538} INFO - Filling up the DagBag from /home/airflow/.local/lib/python3.8/site-packages/airflow/example_dags/example_latest_only.py
[2023-12-20T11:18:38.628+0000] {processor.py:840} INFO - DAG(s) 'latest_only' retrieved from /home/airflow/.local/lib/python3.8/site-packages/airflow/example_dags/example_latest_only.py
[2023-12-20T11:18:38.724+0000] {logging_mixin.py:188} INFO - [2023-12-20T11:18:38.722+0000] {dag.py:3033} INFO - Sync 1 DAGs
[2023-12-20T11:18:38.803+0000] {logging_mixin.py:188} INFO - [2023-12-20T11:18:38.802+0000] {dag.py:3820} INFO - Setting next_dagrun for latest_only to 2023-12-20T04:00:00+00:00, run_after=2023-12-20T08:00:00+00:00
[2023-12-20T11:18:38.919+0000] {processor.py:183} INFO - Processing /home/airflow/.local/lib/python3.8/site-packages/airflow/example_dags/example_latest_only.py took 0.336 seconds
[2023-12-20T11:19:09.089+0000] {processor.py:161} INFO - Started process (PID=230) to work on /home/airflow/.local/lib/python3.8/site-packages/airflow/example_dags/example_latest_only.py
[2023-12-20T11:19:09.091+0000] {processor.py:830} INFO - Processing file /home/airflow/.local/lib/python3.8/site-packages/airflow/example_dags/example_latest_only.py for tasks to queue
[2023-12-20T11:19:09.095+0000] {logging_mixin.py:188} INFO - [2023-12-20T11:19:09.095+0000] {dagbag.py:538} INFO - Filling up the DagBag from /home/airflow/.local/lib/python3.8/site-packages/airflow/example_dags/example_latest_only.py
[2023-12-20T11:19:09.114+0000] {processor.py:840} INFO - DAG(s) 'latest_only' retrieved from /home/airflow/.local/lib/python3.8/site-packages/airflow/example_dags/example_latest_only.py
[2023-12-20T11:19:09.277+0000] {logging_mixin.py:188} INFO - [2023-12-20T11:19:09.276+0000] {dag.py:3033} INFO - Sync 1 DAGs
[2023-12-20T11:19:09.341+0000] {logging_mixin.py:188} INFO - [2023-12-20T11:19:09.341+0000] {dag.py:3820} INFO - Setting next_dagrun for latest_only to 2023-12-20T04:00:00+00:00, run_after=2023-12-20T08:00:00+00:00
[2023-12-20T11:19:09.445+0000] {processor.py:183} INFO - Processing /home/airflow/.local/lib/python3.8/site-packages/airflow/example_dags/example_latest_only.py took 0.365 seconds
[2023-12-20T11:19:40.370+0000] {processor.py:161} INFO - Started process (PID=286) to work on /home/airflow/.local/lib/python3.8/site-packages/airflow/example_dags/example_latest_only.py
[2023-12-20T11:19:40.372+0000] {processor.py:830} INFO - Processing file /home/airflow/.local/lib/python3.8/site-packages/airflow/example_dags/example_latest_only.py for tasks to queue
[2023-12-20T11:19:40.378+0000] {logging_mixin.py:188} INFO - [2023-12-20T11:19:40.377+0000] {dagbag.py:538} INFO - Filling up the DagBag from /home/airflow/.local/lib/python3.8/site-packages/airflow/example_dags/example_latest_only.py
[2023-12-20T11:19:40.401+0000] {processor.py:840} INFO - DAG(s) 'latest_only' retrieved from /home/airflow/.local/lib/python3.8/site-packages/airflow/example_dags/example_latest_only.py
[2023-12-20T11:19:40.629+0000] {logging_mixin.py:188} INFO - [2023-12-20T11:19:40.628+0000] {dag.py:3033} INFO - Sync 1 DAGs
[2023-12-20T11:19:40.864+0000] {logging_mixin.py:188} INFO - [2023-12-20T11:19:40.864+0000] {dag.py:3820} INFO - Setting next_dagrun for latest_only to 2023-12-20T04:00:00+00:00, run_after=2023-12-20T08:00:00+00:00
[2023-12-20T11:19:40.965+0000] {processor.py:183} INFO - Processing /home/airflow/.local/lib/python3.8/site-packages/airflow/example_dags/example_latest_only.py took 0.604 seconds
