[2023-12-20T11:17:39.919+0000] {processor.py:161} INFO - Started process (PID=71) to work on /home/airflow/.local/lib/python3.8/site-packages/airflow/example_dags/example_params_ui_tutorial.py
[2023-12-20T11:17:39.923+0000] {processor.py:830} INFO - Processing file /home/airflow/.local/lib/python3.8/site-packages/airflow/example_dags/example_params_ui_tutorial.py for tasks to queue
[2023-12-20T11:17:39.937+0000] {logging_mixin.py:188} INFO - [2023-12-20T11:17:39.936+0000] {dagbag.py:538} INFO - Filling up the DagBag from /home/airflow/.local/lib/python3.8/site-packages/airflow/example_dags/example_params_ui_tutorial.py
[2023-12-20T11:17:40.066+0000] {processor.py:840} INFO - DAG(s) 'example_params_ui_tutorial' retrieved from /home/airflow/.local/lib/python3.8/site-packages/airflow/example_dags/example_params_ui_tutorial.py
[2023-12-20T11:17:40.675+0000] {logging_mixin.py:188} INFO - [2023-12-20T11:17:40.674+0000] {override.py:1769} INFO - Created Permission View: can edit on DAG:example_params_ui_tutorial
[2023-12-20T11:17:40.704+0000] {logging_mixin.py:188} INFO - [2023-12-20T11:17:40.703+0000] {override.py:1769} INFO - Created Permission View: can read on DAG:example_params_ui_tutorial
[2023-12-20T11:17:40.715+0000] {logging_mixin.py:188} INFO - [2023-12-20T11:17:40.715+0000] {override.py:1769} INFO - Created Permission View: can delete on DAG:example_params_ui_tutorial
[2023-12-20T11:17:40.718+0000] {logging_mixin.py:188} INFO - [2023-12-20T11:17:40.718+0000] {dag.py:3033} INFO - Sync 1 DAGs
[2023-12-20T11:17:40.748+0000] {logging_mixin.py:188} INFO - [2023-12-20T11:17:40.747+0000] {dag.py:3055} INFO - Creating ORM DAG for example_params_ui_tutorial
[2023-12-20T11:17:40.749+0000] {logging_mixin.py:188} INFO - [2023-12-20T11:17:40.749+0000] {dag.py:3820} INFO - Setting next_dagrun for example_params_ui_tutorial to None, run_after=None
[2023-12-20T11:17:40.802+0000] {processor.py:183} INFO - Processing /home/airflow/.local/lib/python3.8/site-packages/airflow/example_dags/example_params_ui_tutorial.py took 0.889 seconds
[2023-12-20T11:18:12.882+0000] {processor.py:161} INFO - Started process (PID=127) to work on /home/airflow/.local/lib/python3.8/site-packages/airflow/example_dags/example_params_ui_tutorial.py
[2023-12-20T11:18:12.898+0000] {processor.py:830} INFO - Processing file /home/airflow/.local/lib/python3.8/site-packages/airflow/example_dags/example_params_ui_tutorial.py for tasks to queue
[2023-12-20T11:18:12.963+0000] {logging_mixin.py:188} INFO - [2023-12-20T11:18:12.962+0000] {dagbag.py:538} INFO - Filling up the DagBag from /home/airflow/.local/lib/python3.8/site-packages/airflow/example_dags/example_params_ui_tutorial.py
[2023-12-20T11:18:13.395+0000] {processor.py:840} INFO - DAG(s) 'example_params_ui_tutorial' retrieved from /home/airflow/.local/lib/python3.8/site-packages/airflow/example_dags/example_params_ui_tutorial.py
[2023-12-20T11:18:13.909+0000] {logging_mixin.py:188} INFO - [2023-12-20T11:18:13.906+0000] {dag.py:3033} INFO - Sync 1 DAGs
[2023-12-20T11:18:14.034+0000] {logging_mixin.py:188} INFO - [2023-12-20T11:18:14.034+0000] {dag.py:3820} INFO - Setting next_dagrun for example_params_ui_tutorial to None, run_after=None
[2023-12-20T11:18:14.152+0000] {processor.py:183} INFO - Processing /home/airflow/.local/lib/python3.8/site-packages/airflow/example_dags/example_params_ui_tutorial.py took 1.292 seconds
[2023-12-20T11:18:44.548+0000] {processor.py:161} INFO - Started process (PID=183) to work on /home/airflow/.local/lib/python3.8/site-packages/airflow/example_dags/example_params_ui_tutorial.py
[2023-12-20T11:18:44.550+0000] {processor.py:830} INFO - Processing file /home/airflow/.local/lib/python3.8/site-packages/airflow/example_dags/example_params_ui_tutorial.py for tasks to queue
[2023-12-20T11:18:44.557+0000] {logging_mixin.py:188} INFO - [2023-12-20T11:18:44.556+0000] {dagbag.py:538} INFO - Filling up the DagBag from /home/airflow/.local/lib/python3.8/site-packages/airflow/example_dags/example_params_ui_tutorial.py
[2023-12-20T11:18:44.617+0000] {processor.py:840} INFO - DAG(s) 'example_params_ui_tutorial' retrieved from /home/airflow/.local/lib/python3.8/site-packages/airflow/example_dags/example_params_ui_tutorial.py
[2023-12-20T11:18:44.993+0000] {logging_mixin.py:188} INFO - [2023-12-20T11:18:44.990+0000] {dag.py:3033} INFO - Sync 1 DAGs
[2023-12-20T11:18:45.042+0000] {logging_mixin.py:188} INFO - [2023-12-20T11:18:45.041+0000] {dag.py:3820} INFO - Setting next_dagrun for example_params_ui_tutorial to None, run_after=None
[2023-12-20T11:18:45.171+0000] {processor.py:183} INFO - Processing /home/airflow/.local/lib/python3.8/site-packages/airflow/example_dags/example_params_ui_tutorial.py took 0.638 seconds
[2023-12-20T11:19:16.599+0000] {processor.py:161} INFO - Started process (PID=239) to work on /home/airflow/.local/lib/python3.8/site-packages/airflow/example_dags/example_params_ui_tutorial.py
[2023-12-20T11:19:16.604+0000] {processor.py:830} INFO - Processing file /home/airflow/.local/lib/python3.8/site-packages/airflow/example_dags/example_params_ui_tutorial.py for tasks to queue
[2023-12-20T11:19:16.617+0000] {logging_mixin.py:188} INFO - [2023-12-20T11:19:16.616+0000] {dagbag.py:538} INFO - Filling up the DagBag from /home/airflow/.local/lib/python3.8/site-packages/airflow/example_dags/example_params_ui_tutorial.py
[2023-12-20T11:19:16.678+0000] {processor.py:840} INFO - DAG(s) 'example_params_ui_tutorial' retrieved from /home/airflow/.local/lib/python3.8/site-packages/airflow/example_dags/example_params_ui_tutorial.py
[2023-12-20T11:19:17.126+0000] {logging_mixin.py:188} INFO - [2023-12-20T11:19:17.125+0000] {dag.py:3033} INFO - Sync 1 DAGs
[2023-12-20T11:19:17.176+0000] {logging_mixin.py:188} INFO - [2023-12-20T11:19:17.174+0000] {dag.py:3820} INFO - Setting next_dagrun for example_params_ui_tutorial to None, run_after=None
[2023-12-20T11:19:17.235+0000] {processor.py:183} INFO - Processing /home/airflow/.local/lib/python3.8/site-packages/airflow/example_dags/example_params_ui_tutorial.py took 0.640 seconds
[2023-12-20T11:19:47.622+0000] {processor.py:161} INFO - Started process (PID=295) to work on /home/airflow/.local/lib/python3.8/site-packages/airflow/example_dags/example_params_ui_tutorial.py
[2023-12-20T11:19:47.627+0000] {processor.py:830} INFO - Processing file /home/airflow/.local/lib/python3.8/site-packages/airflow/example_dags/example_params_ui_tutorial.py for tasks to queue
[2023-12-20T11:19:47.637+0000] {logging_mixin.py:188} INFO - [2023-12-20T11:19:47.637+0000] {dagbag.py:538} INFO - Filling up the DagBag from /home/airflow/.local/lib/python3.8/site-packages/airflow/example_dags/example_params_ui_tutorial.py
[2023-12-20T11:19:47.699+0000] {processor.py:840} INFO - DAG(s) 'example_params_ui_tutorial' retrieved from /home/airflow/.local/lib/python3.8/site-packages/airflow/example_dags/example_params_ui_tutorial.py
[2023-12-20T11:19:48.123+0000] {logging_mixin.py:188} INFO - [2023-12-20T11:19:48.122+0000] {dag.py:3033} INFO - Sync 1 DAGs
[2023-12-20T11:19:48.168+0000] {logging_mixin.py:188} INFO - [2023-12-20T11:19:48.168+0000] {dag.py:3820} INFO - Setting next_dagrun for example_params_ui_tutorial to None, run_after=None
[2023-12-20T11:19:48.253+0000] {processor.py:183} INFO - Processing /home/airflow/.local/lib/python3.8/site-packages/airflow/example_dags/example_params_ui_tutorial.py took 0.675 seconds
