[2023-12-20T11:17:37.128+0000] {processor.py:161} INFO - Started process (PID=65) to work on /home/airflow/.local/lib/python3.8/site-packages/airflow/example_dags/example_skip_dag.py
[2023-12-20T11:17:37.141+0000] {processor.py:830} INFO - Processing file /home/airflow/.local/lib/python3.8/site-packages/airflow/example_dags/example_skip_dag.py for tasks to queue
[2023-12-20T11:17:37.169+0000] {logging_mixin.py:188} INFO - [2023-12-20T11:17:37.168+0000] {dagbag.py:538} INFO - Filling up the DagBag from /home/airflow/.local/lib/python3.8/site-packages/airflow/example_dags/example_skip_dag.py
[2023-12-20T11:17:37.208+0000] {processor.py:840} INFO - DAG(s) 'example_skip_dag' retrieved from /home/airflow/.local/lib/python3.8/site-packages/airflow/example_dags/example_skip_dag.py
[2023-12-20T11:17:37.776+0000] {logging_mixin.py:188} INFO - [2023-12-20T11:17:37.775+0000] {override.py:1769} INFO - Created Permission View: can edit on DAG:example_skip_dag
[2023-12-20T11:17:37.805+0000] {logging_mixin.py:188} INFO - [2023-12-20T11:17:37.804+0000] {override.py:1769} INFO - Created Permission View: can read on DAG:example_skip_dag
[2023-12-20T11:17:37.826+0000] {logging_mixin.py:188} INFO - [2023-12-20T11:17:37.826+0000] {override.py:1769} INFO - Created Permission View: can delete on DAG:example_skip_dag
[2023-12-20T11:17:37.828+0000] {logging_mixin.py:188} INFO - [2023-12-20T11:17:37.827+0000] {dag.py:3033} INFO - Sync 1 DAGs
[2023-12-20T11:17:37.856+0000] {logging_mixin.py:188} INFO - [2023-12-20T11:17:37.855+0000] {dag.py:3055} INFO - Creating ORM DAG for example_skip_dag
[2023-12-20T11:17:37.881+0000] {logging_mixin.py:188} INFO - [2023-12-20T11:17:37.881+0000] {dag.py:3820} INFO - Setting next_dagrun for example_skip_dag to 2023-12-19T00:00:00+00:00, run_after=2023-12-20T00:00:00+00:00
[2023-12-20T11:17:37.941+0000] {processor.py:183} INFO - Processing /home/airflow/.local/lib/python3.8/site-packages/airflow/example_dags/example_skip_dag.py took 0.819 seconds
[2023-12-20T11:18:08.246+0000] {processor.py:161} INFO - Started process (PID=121) to work on /home/airflow/.local/lib/python3.8/site-packages/airflow/example_dags/example_skip_dag.py
[2023-12-20T11:18:08.249+0000] {processor.py:830} INFO - Processing file /home/airflow/.local/lib/python3.8/site-packages/airflow/example_dags/example_skip_dag.py for tasks to queue
[2023-12-20T11:18:08.260+0000] {logging_mixin.py:188} INFO - [2023-12-20T11:18:08.260+0000] {dagbag.py:538} INFO - Filling up the DagBag from /home/airflow/.local/lib/python3.8/site-packages/airflow/example_dags/example_skip_dag.py
[2023-12-20T11:18:08.341+0000] {processor.py:840} INFO - DAG(s) 'example_skip_dag' retrieved from /home/airflow/.local/lib/python3.8/site-packages/airflow/example_dags/example_skip_dag.py
[2023-12-20T11:18:08.806+0000] {logging_mixin.py:188} INFO - [2023-12-20T11:18:08.802+0000] {dag.py:3033} INFO - Sync 1 DAGs
[2023-12-20T11:18:09.061+0000] {logging_mixin.py:188} INFO - [2023-12-20T11:18:09.060+0000] {dag.py:3820} INFO - Setting next_dagrun for example_skip_dag to 2023-12-19T00:00:00+00:00, run_after=2023-12-20T00:00:00+00:00
[2023-12-20T11:18:09.495+0000] {processor.py:183} INFO - Processing /home/airflow/.local/lib/python3.8/site-packages/airflow/example_dags/example_skip_dag.py took 1.303 seconds
[2023-12-20T11:18:39.652+0000] {processor.py:161} INFO - Started process (PID=177) to work on /home/airflow/.local/lib/python3.8/site-packages/airflow/example_dags/example_skip_dag.py
[2023-12-20T11:18:39.655+0000] {processor.py:830} INFO - Processing file /home/airflow/.local/lib/python3.8/site-packages/airflow/example_dags/example_skip_dag.py for tasks to queue
[2023-12-20T11:18:39.663+0000] {logging_mixin.py:188} INFO - [2023-12-20T11:18:39.662+0000] {dagbag.py:538} INFO - Filling up the DagBag from /home/airflow/.local/lib/python3.8/site-packages/airflow/example_dags/example_skip_dag.py
[2023-12-20T11:18:39.684+0000] {processor.py:840} INFO - DAG(s) 'example_skip_dag' retrieved from /home/airflow/.local/lib/python3.8/site-packages/airflow/example_dags/example_skip_dag.py
[2023-12-20T11:18:39.740+0000] {logging_mixin.py:188} INFO - [2023-12-20T11:18:39.739+0000] {dag.py:3033} INFO - Sync 1 DAGs
[2023-12-20T11:18:39.810+0000] {logging_mixin.py:188} INFO - [2023-12-20T11:18:39.810+0000] {dag.py:3820} INFO - Setting next_dagrun for example_skip_dag to 2023-12-19T00:00:00+00:00, run_after=2023-12-20T00:00:00+00:00
[2023-12-20T11:18:39.866+0000] {processor.py:183} INFO - Processing /home/airflow/.local/lib/python3.8/site-packages/airflow/example_dags/example_skip_dag.py took 0.224 seconds
[2023-12-20T11:19:10.864+0000] {processor.py:161} INFO - Started process (PID=233) to work on /home/airflow/.local/lib/python3.8/site-packages/airflow/example_dags/example_skip_dag.py
[2023-12-20T11:19:10.871+0000] {processor.py:830} INFO - Processing file /home/airflow/.local/lib/python3.8/site-packages/airflow/example_dags/example_skip_dag.py for tasks to queue
[2023-12-20T11:19:10.880+0000] {logging_mixin.py:188} INFO - [2023-12-20T11:19:10.880+0000] {dagbag.py:538} INFO - Filling up the DagBag from /home/airflow/.local/lib/python3.8/site-packages/airflow/example_dags/example_skip_dag.py
[2023-12-20T11:19:10.918+0000] {processor.py:840} INFO - DAG(s) 'example_skip_dag' retrieved from /home/airflow/.local/lib/python3.8/site-packages/airflow/example_dags/example_skip_dag.py
[2023-12-20T11:19:10.969+0000] {logging_mixin.py:188} INFO - [2023-12-20T11:19:10.968+0000] {dag.py:3033} INFO - Sync 1 DAGs
[2023-12-20T11:19:11.030+0000] {logging_mixin.py:188} INFO - [2023-12-20T11:19:11.030+0000] {dag.py:3820} INFO - Setting next_dagrun for example_skip_dag to 2023-12-19T00:00:00+00:00, run_after=2023-12-20T00:00:00+00:00
[2023-12-20T11:19:11.078+0000] {processor.py:183} INFO - Processing /home/airflow/.local/lib/python3.8/site-packages/airflow/example_dags/example_skip_dag.py took 0.229 seconds
[2023-12-20T11:19:41.968+0000] {processor.py:161} INFO - Started process (PID=289) to work on /home/airflow/.local/lib/python3.8/site-packages/airflow/example_dags/example_skip_dag.py
[2023-12-20T11:19:41.970+0000] {processor.py:830} INFO - Processing file /home/airflow/.local/lib/python3.8/site-packages/airflow/example_dags/example_skip_dag.py for tasks to queue
[2023-12-20T11:19:41.983+0000] {logging_mixin.py:188} INFO - [2023-12-20T11:19:41.982+0000] {dagbag.py:538} INFO - Filling up the DagBag from /home/airflow/.local/lib/python3.8/site-packages/airflow/example_dags/example_skip_dag.py
[2023-12-20T11:19:42.081+0000] {processor.py:840} INFO - DAG(s) 'example_skip_dag' retrieved from /home/airflow/.local/lib/python3.8/site-packages/airflow/example_dags/example_skip_dag.py
[2023-12-20T11:19:42.214+0000] {logging_mixin.py:188} INFO - [2023-12-20T11:19:42.205+0000] {dag.py:3033} INFO - Sync 1 DAGs
[2023-12-20T11:19:42.490+0000] {logging_mixin.py:188} INFO - [2023-12-20T11:19:42.490+0000] {dag.py:3820} INFO - Setting next_dagrun for example_skip_dag to 2023-12-19T00:00:00+00:00, run_after=2023-12-20T00:00:00+00:00
[2023-12-20T11:19:42.612+0000] {processor.py:183} INFO - Processing /home/airflow/.local/lib/python3.8/site-packages/airflow/example_dags/example_skip_dag.py took 0.673 seconds
