[2023-12-20T11:17:41.710+0000] {processor.py:161} INFO - Started process (PID=75) to work on /home/airflow/.local/lib/python3.8/site-packages/airflow/example_dags/example_time_delta_sensor_async.py
[2023-12-20T11:17:41.714+0000] {processor.py:830} INFO - Processing file /home/airflow/.local/lib/python3.8/site-packages/airflow/example_dags/example_time_delta_sensor_async.py for tasks to queue
[2023-12-20T11:17:41.732+0000] {logging_mixin.py:188} INFO - [2023-12-20T11:17:41.731+0000] {dagbag.py:538} INFO - Filling up the DagBag from /home/airflow/.local/lib/python3.8/site-packages/airflow/example_dags/example_time_delta_sensor_async.py
[2023-12-20T11:17:41.806+0000] {processor.py:840} INFO - DAG(s) 'example_time_delta_sensor_async' retrieved from /home/airflow/.local/lib/python3.8/site-packages/airflow/example_dags/example_time_delta_sensor_async.py
[2023-12-20T11:17:42.181+0000] {logging_mixin.py:188} INFO - [2023-12-20T11:17:42.163+0000] {override.py:1769} INFO - Created Permission View: can edit on DAG:example_time_delta_sensor_async
[2023-12-20T11:17:42.382+0000] {logging_mixin.py:188} INFO - [2023-12-20T11:17:42.381+0000] {override.py:1769} INFO - Created Permission View: can read on DAG:example_time_delta_sensor_async
[2023-12-20T11:17:42.407+0000] {logging_mixin.py:188} INFO - [2023-12-20T11:17:42.406+0000] {override.py:1769} INFO - Created Permission View: can delete on DAG:example_time_delta_sensor_async
[2023-12-20T11:17:42.410+0000] {logging_mixin.py:188} INFO - [2023-12-20T11:17:42.408+0000] {dag.py:3033} INFO - Sync 1 DAGs
[2023-12-20T11:17:42.462+0000] {logging_mixin.py:188} INFO - [2023-12-20T11:17:42.461+0000] {dag.py:3055} INFO - Creating ORM DAG for example_time_delta_sensor_async
[2023-12-20T11:17:42.465+0000] {logging_mixin.py:188} INFO - [2023-12-20T11:17:42.465+0000] {dag.py:3820} INFO - Setting next_dagrun for example_time_delta_sensor_async to None, run_after=None
[2023-12-20T11:17:42.546+0000] {processor.py:183} INFO - Processing /home/airflow/.local/lib/python3.8/site-packages/airflow/example_dags/example_time_delta_sensor_async.py took 0.844 seconds
[2023-12-20T11:18:15.484+0000] {processor.py:161} INFO - Started process (PID=131) to work on /home/airflow/.local/lib/python3.8/site-packages/airflow/example_dags/example_time_delta_sensor_async.py
[2023-12-20T11:18:15.487+0000] {processor.py:830} INFO - Processing file /home/airflow/.local/lib/python3.8/site-packages/airflow/example_dags/example_time_delta_sensor_async.py for tasks to queue
[2023-12-20T11:18:15.492+0000] {logging_mixin.py:188} INFO - [2023-12-20T11:18:15.492+0000] {dagbag.py:538} INFO - Filling up the DagBag from /home/airflow/.local/lib/python3.8/site-packages/airflow/example_dags/example_time_delta_sensor_async.py
[2023-12-20T11:18:15.519+0000] {processor.py:840} INFO - DAG(s) 'example_time_delta_sensor_async' retrieved from /home/airflow/.local/lib/python3.8/site-packages/airflow/example_dags/example_time_delta_sensor_async.py
[2023-12-20T11:18:15.594+0000] {logging_mixin.py:188} INFO - [2023-12-20T11:18:15.592+0000] {dag.py:3033} INFO - Sync 1 DAGs
[2023-12-20T11:18:15.665+0000] {logging_mixin.py:188} INFO - [2023-12-20T11:18:15.665+0000] {dag.py:3820} INFO - Setting next_dagrun for example_time_delta_sensor_async to None, run_after=None
[2023-12-20T11:18:15.816+0000] {processor.py:183} INFO - Processing /home/airflow/.local/lib/python3.8/site-packages/airflow/example_dags/example_time_delta_sensor_async.py took 0.367 seconds
[2023-12-20T11:18:46.864+0000] {processor.py:161} INFO - Started process (PID=187) to work on /home/airflow/.local/lib/python3.8/site-packages/airflow/example_dags/example_time_delta_sensor_async.py
[2023-12-20T11:18:46.857+0000] {processor.py:830} INFO - Processing file /home/airflow/.local/lib/python3.8/site-packages/airflow/example_dags/example_time_delta_sensor_async.py for tasks to queue
[2023-12-20T11:18:46.869+0000] {logging_mixin.py:188} INFO - [2023-12-20T11:18:46.867+0000] {dagbag.py:538} INFO - Filling up the DagBag from /home/airflow/.local/lib/python3.8/site-packages/airflow/example_dags/example_time_delta_sensor_async.py
[2023-12-20T11:18:46.887+0000] {processor.py:840} INFO - DAG(s) 'example_time_delta_sensor_async' retrieved from /home/airflow/.local/lib/python3.8/site-packages/airflow/example_dags/example_time_delta_sensor_async.py
[2023-12-20T11:18:47.101+0000] {logging_mixin.py:188} INFO - [2023-12-20T11:18:47.098+0000] {dag.py:3033} INFO - Sync 1 DAGs
[2023-12-20T11:18:47.462+0000] {logging_mixin.py:188} INFO - [2023-12-20T11:18:47.460+0000] {dag.py:3820} INFO - Setting next_dagrun for example_time_delta_sensor_async to None, run_after=None
[2023-12-20T11:18:47.708+0000] {processor.py:183} INFO - Processing /home/airflow/.local/lib/python3.8/site-packages/airflow/example_dags/example_time_delta_sensor_async.py took 0.947 seconds
[2023-12-20T11:19:18.465+0000] {processor.py:161} INFO - Started process (PID=243) to work on /home/airflow/.local/lib/python3.8/site-packages/airflow/example_dags/example_time_delta_sensor_async.py
[2023-12-20T11:19:18.469+0000] {processor.py:830} INFO - Processing file /home/airflow/.local/lib/python3.8/site-packages/airflow/example_dags/example_time_delta_sensor_async.py for tasks to queue
[2023-12-20T11:19:18.483+0000] {logging_mixin.py:188} INFO - [2023-12-20T11:19:18.482+0000] {dagbag.py:538} INFO - Filling up the DagBag from /home/airflow/.local/lib/python3.8/site-packages/airflow/example_dags/example_time_delta_sensor_async.py
[2023-12-20T11:19:18.496+0000] {processor.py:840} INFO - DAG(s) 'example_time_delta_sensor_async' retrieved from /home/airflow/.local/lib/python3.8/site-packages/airflow/example_dags/example_time_delta_sensor_async.py
[2023-12-20T11:19:18.547+0000] {logging_mixin.py:188} INFO - [2023-12-20T11:19:18.545+0000] {dag.py:3033} INFO - Sync 1 DAGs
[2023-12-20T11:19:18.587+0000] {logging_mixin.py:188} INFO - [2023-12-20T11:19:18.584+0000] {dag.py:3820} INFO - Setting next_dagrun for example_time_delta_sensor_async to None, run_after=None
[2023-12-20T11:19:18.636+0000] {processor.py:183} INFO - Processing /home/airflow/.local/lib/python3.8/site-packages/airflow/example_dags/example_time_delta_sensor_async.py took 0.177 seconds
[2023-12-20T11:19:49.496+0000] {processor.py:161} INFO - Started process (PID=299) to work on /home/airflow/.local/lib/python3.8/site-packages/airflow/example_dags/example_time_delta_sensor_async.py
[2023-12-20T11:19:49.506+0000] {processor.py:830} INFO - Processing file /home/airflow/.local/lib/python3.8/site-packages/airflow/example_dags/example_time_delta_sensor_async.py for tasks to queue
[2023-12-20T11:19:49.510+0000] {logging_mixin.py:188} INFO - [2023-12-20T11:19:49.509+0000] {dagbag.py:538} INFO - Filling up the DagBag from /home/airflow/.local/lib/python3.8/site-packages/airflow/example_dags/example_time_delta_sensor_async.py
[2023-12-20T11:19:49.519+0000] {processor.py:840} INFO - DAG(s) 'example_time_delta_sensor_async' retrieved from /home/airflow/.local/lib/python3.8/site-packages/airflow/example_dags/example_time_delta_sensor_async.py
[2023-12-20T11:19:49.557+0000] {logging_mixin.py:188} INFO - [2023-12-20T11:19:49.557+0000] {dag.py:3033} INFO - Sync 1 DAGs
[2023-12-20T11:19:49.588+0000] {logging_mixin.py:188} INFO - [2023-12-20T11:19:49.587+0000] {dag.py:3820} INFO - Setting next_dagrun for example_time_delta_sensor_async to None, run_after=None
[2023-12-20T11:19:49.654+0000] {processor.py:183} INFO - Processing /home/airflow/.local/lib/python3.8/site-packages/airflow/example_dags/example_time_delta_sensor_async.py took 0.162 seconds
