[2023-12-20T11:17:39.172+0000] {processor.py:161} INFO - Started process (PID=69) to work on /home/airflow/.local/lib/python3.8/site-packages/airflow/example_dags/example_latest_only_with_trigger.py
[2023-12-20T11:17:39.174+0000] {processor.py:830} INFO - Processing file /home/airflow/.local/lib/python3.8/site-packages/airflow/example_dags/example_latest_only_with_trigger.py for tasks to queue
[2023-12-20T11:17:39.179+0000] {logging_mixin.py:188} INFO - [2023-12-20T11:17:39.178+0000] {dagbag.py:538} INFO - Filling up the DagBag from /home/airflow/.local/lib/python3.8/site-packages/airflow/example_dags/example_latest_only_with_trigger.py
[2023-12-20T11:17:39.194+0000] {processor.py:840} INFO - DAG(s) 'latest_only_with_trigger' retrieved from /home/airflow/.local/lib/python3.8/site-packages/airflow/example_dags/example_latest_only_with_trigger.py
[2023-12-20T11:17:39.627+0000] {logging_mixin.py:188} INFO - [2023-12-20T11:17:39.625+0000] {override.py:1769} INFO - Created Permission View: can edit on DAG:latest_only_with_trigger
[2023-12-20T11:17:39.660+0000] {logging_mixin.py:188} INFO - [2023-12-20T11:17:39.659+0000] {override.py:1769} INFO - Created Permission View: can read on DAG:latest_only_with_trigger
[2023-12-20T11:17:39.698+0000] {logging_mixin.py:188} INFO - [2023-12-20T11:17:39.696+0000] {override.py:1769} INFO - Created Permission View: can delete on DAG:latest_only_with_trigger
[2023-12-20T11:17:39.701+0000] {logging_mixin.py:188} INFO - [2023-12-20T11:17:39.699+0000] {dag.py:3033} INFO - Sync 1 DAGs
[2023-12-20T11:17:39.746+0000] {logging_mixin.py:188} INFO - [2023-12-20T11:17:39.746+0000] {dag.py:3055} INFO - Creating ORM DAG for latest_only_with_trigger
[2023-12-20T11:17:39.785+0000] {logging_mixin.py:188} INFO - [2023-12-20T11:17:39.785+0000] {dag.py:3820} INFO - Setting next_dagrun for latest_only_with_trigger to 2023-12-20T04:00:00+00:00, run_after=2023-12-20T08:00:00+00:00
[2023-12-20T11:17:39.863+0000] {processor.py:183} INFO - Processing /home/airflow/.local/lib/python3.8/site-packages/airflow/example_dags/example_latest_only_with_trigger.py took 0.700 seconds
[2023-12-20T11:18:11.209+0000] {processor.py:161} INFO - Started process (PID=125) to work on /home/airflow/.local/lib/python3.8/site-packages/airflow/example_dags/example_latest_only_with_trigger.py
[2023-12-20T11:18:11.301+0000] {processor.py:830} INFO - Processing file /home/airflow/.local/lib/python3.8/site-packages/airflow/example_dags/example_latest_only_with_trigger.py for tasks to queue
[2023-12-20T11:18:11.310+0000] {logging_mixin.py:188} INFO - [2023-12-20T11:18:11.309+0000] {dagbag.py:538} INFO - Filling up the DagBag from /home/airflow/.local/lib/python3.8/site-packages/airflow/example_dags/example_latest_only_with_trigger.py
[2023-12-20T11:18:11.397+0000] {processor.py:840} INFO - DAG(s) 'latest_only_with_trigger' retrieved from /home/airflow/.local/lib/python3.8/site-packages/airflow/example_dags/example_latest_only_with_trigger.py
[2023-12-20T11:18:11.752+0000] {logging_mixin.py:188} INFO - [2023-12-20T11:18:11.748+0000] {dag.py:3033} INFO - Sync 1 DAGs
[2023-12-20T11:18:12.047+0000] {logging_mixin.py:188} INFO - [2023-12-20T11:18:12.046+0000] {dag.py:3820} INFO - Setting next_dagrun for latest_only_with_trigger to 2023-12-20T04:00:00+00:00, run_after=2023-12-20T08:00:00+00:00
[2023-12-20T11:18:12.371+0000] {processor.py:183} INFO - Processing /home/airflow/.local/lib/python3.8/site-packages/airflow/example_dags/example_latest_only_with_trigger.py took 1.220 seconds
[2023-12-20T11:18:43.224+0000] {processor.py:161} INFO - Started process (PID=181) to work on /home/airflow/.local/lib/python3.8/site-packages/airflow/example_dags/example_latest_only_with_trigger.py
[2023-12-20T11:18:43.254+0000] {processor.py:830} INFO - Processing file /home/airflow/.local/lib/python3.8/site-packages/airflow/example_dags/example_latest_only_with_trigger.py for tasks to queue
[2023-12-20T11:18:43.300+0000] {logging_mixin.py:188} INFO - [2023-12-20T11:18:43.299+0000] {dagbag.py:538} INFO - Filling up the DagBag from /home/airflow/.local/lib/python3.8/site-packages/airflow/example_dags/example_latest_only_with_trigger.py
[2023-12-20T11:18:43.410+0000] {processor.py:840} INFO - DAG(s) 'latest_only_with_trigger' retrieved from /home/airflow/.local/lib/python3.8/site-packages/airflow/example_dags/example_latest_only_with_trigger.py
[2023-12-20T11:18:43.477+0000] {logging_mixin.py:188} INFO - [2023-12-20T11:18:43.475+0000] {dag.py:3033} INFO - Sync 1 DAGs
[2023-12-20T11:18:43.562+0000] {logging_mixin.py:188} INFO - [2023-12-20T11:18:43.561+0000] {dag.py:3820} INFO - Setting next_dagrun for latest_only_with_trigger to 2023-12-20T04:00:00+00:00, run_after=2023-12-20T08:00:00+00:00
[2023-12-20T11:18:43.650+0000] {processor.py:183} INFO - Processing /home/airflow/.local/lib/python3.8/site-packages/airflow/example_dags/example_latest_only_with_trigger.py took 0.436 seconds
[2023-12-20T11:19:14.985+0000] {processor.py:161} INFO - Started process (PID=237) to work on /home/airflow/.local/lib/python3.8/site-packages/airflow/example_dags/example_latest_only_with_trigger.py
[2023-12-20T11:19:15.000+0000] {processor.py:830} INFO - Processing file /home/airflow/.local/lib/python3.8/site-packages/airflow/example_dags/example_latest_only_with_trigger.py for tasks to queue
[2023-12-20T11:19:15.043+0000] {logging_mixin.py:188} INFO - [2023-12-20T11:19:15.032+0000] {dagbag.py:538} INFO - Filling up the DagBag from /home/airflow/.local/lib/python3.8/site-packages/airflow/example_dags/example_latest_only_with_trigger.py
[2023-12-20T11:19:15.266+0000] {processor.py:840} INFO - DAG(s) 'latest_only_with_trigger' retrieved from /home/airflow/.local/lib/python3.8/site-packages/airflow/example_dags/example_latest_only_with_trigger.py
[2023-12-20T11:19:15.941+0000] {logging_mixin.py:188} INFO - [2023-12-20T11:19:15.936+0000] {dag.py:3033} INFO - Sync 1 DAGs
[2023-12-20T11:19:16.134+0000] {logging_mixin.py:188} INFO - [2023-12-20T11:19:16.132+0000] {dag.py:3820} INFO - Setting next_dagrun for latest_only_with_trigger to 2023-12-20T04:00:00+00:00, run_after=2023-12-20T08:00:00+00:00
[2023-12-20T11:19:16.391+0000] {processor.py:183} INFO - Processing /home/airflow/.local/lib/python3.8/site-packages/airflow/example_dags/example_latest_only_with_trigger.py took 1.426 seconds
[2023-12-20T11:19:46.850+0000] {processor.py:161} INFO - Started process (PID=293) to work on /home/airflow/.local/lib/python3.8/site-packages/airflow/example_dags/example_latest_only_with_trigger.py
[2023-12-20T11:19:46.854+0000] {processor.py:830} INFO - Processing file /home/airflow/.local/lib/python3.8/site-packages/airflow/example_dags/example_latest_only_with_trigger.py for tasks to queue
[2023-12-20T11:19:46.866+0000] {logging_mixin.py:188} INFO - [2023-12-20T11:19:46.865+0000] {dagbag.py:538} INFO - Filling up the DagBag from /home/airflow/.local/lib/python3.8/site-packages/airflow/example_dags/example_latest_only_with_trigger.py
[2023-12-20T11:19:46.912+0000] {processor.py:840} INFO - DAG(s) 'latest_only_with_trigger' retrieved from /home/airflow/.local/lib/python3.8/site-packages/airflow/example_dags/example_latest_only_with_trigger.py
[2023-12-20T11:19:47.166+0000] {logging_mixin.py:188} INFO - [2023-12-20T11:19:47.165+0000] {dag.py:3033} INFO - Sync 1 DAGs
[2023-12-20T11:19:47.292+0000] {logging_mixin.py:188} INFO - [2023-12-20T11:19:47.291+0000] {dag.py:3820} INFO - Setting next_dagrun for latest_only_with_trigger to 2023-12-20T04:00:00+00:00, run_after=2023-12-20T08:00:00+00:00
[2023-12-20T11:19:47.438+0000] {processor.py:183} INFO - Processing /home/airflow/.local/lib/python3.8/site-packages/airflow/example_dags/example_latest_only_with_trigger.py took 0.613 seconds
