[2023-12-20T11:17:38.077+0000] {processor.py:161} INFO - Started process (PID=67) to work on /home/airflow/.local/lib/python3.8/site-packages/airflow/example_dags/example_trigger_controller_dag.py
[2023-12-20T11:17:38.084+0000] {processor.py:830} INFO - Processing file /home/airflow/.local/lib/python3.8/site-packages/airflow/example_dags/example_trigger_controller_dag.py for tasks to queue
[2023-12-20T11:17:38.097+0000] {logging_mixin.py:188} INFO - [2023-12-20T11:17:38.095+0000] {dagbag.py:538} INFO - Filling up the DagBag from /home/airflow/.local/lib/python3.8/site-packages/airflow/example_dags/example_trigger_controller_dag.py
[2023-12-20T11:17:38.118+0000] {processor.py:840} INFO - DAG(s) 'example_trigger_controller_dag' retrieved from /home/airflow/.local/lib/python3.8/site-packages/airflow/example_dags/example_trigger_controller_dag.py
[2023-12-20T11:17:38.587+0000] {logging_mixin.py:188} INFO - [2023-12-20T11:17:38.579+0000] {override.py:1769} INFO - Created Permission View: can edit on DAG:example_trigger_controller_dag
[2023-12-20T11:17:38.628+0000] {logging_mixin.py:188} INFO - [2023-12-20T11:17:38.627+0000] {override.py:1769} INFO - Created Permission View: can read on DAG:example_trigger_controller_dag
[2023-12-20T11:17:38.671+0000] {logging_mixin.py:188} INFO - [2023-12-20T11:17:38.670+0000] {override.py:1769} INFO - Created Permission View: can delete on DAG:example_trigger_controller_dag
[2023-12-20T11:17:38.674+0000] {logging_mixin.py:188} INFO - [2023-12-20T11:17:38.673+0000] {dag.py:3033} INFO - Sync 1 DAGs
[2023-12-20T11:17:38.739+0000] {logging_mixin.py:188} INFO - [2023-12-20T11:17:38.737+0000] {dag.py:3055} INFO - Creating ORM DAG for example_trigger_controller_dag
[2023-12-20T11:17:38.841+0000] {logging_mixin.py:188} INFO - [2023-12-20T11:17:38.841+0000] {dag.py:3820} INFO - Setting next_dagrun for example_trigger_controller_dag to 2021-01-01T00:00:00+00:00, run_after=2021-01-01T00:00:00+00:00
[2023-12-20T11:17:38.925+0000] {processor.py:183} INFO - Processing /home/airflow/.local/lib/python3.8/site-packages/airflow/example_dags/example_trigger_controller_dag.py took 0.882 seconds
[2023-12-20T11:18:09.791+0000] {processor.py:161} INFO - Started process (PID=123) to work on /home/airflow/.local/lib/python3.8/site-packages/airflow/example_dags/example_trigger_controller_dag.py
[2023-12-20T11:18:09.806+0000] {processor.py:830} INFO - Processing file /home/airflow/.local/lib/python3.8/site-packages/airflow/example_dags/example_trigger_controller_dag.py for tasks to queue
[2023-12-20T11:18:09.822+0000] {logging_mixin.py:188} INFO - [2023-12-20T11:18:09.821+0000] {dagbag.py:538} INFO - Filling up the DagBag from /home/airflow/.local/lib/python3.8/site-packages/airflow/example_dags/example_trigger_controller_dag.py
[2023-12-20T11:18:10.169+0000] {processor.py:840} INFO - DAG(s) 'example_trigger_controller_dag' retrieved from /home/airflow/.local/lib/python3.8/site-packages/airflow/example_dags/example_trigger_controller_dag.py
[2023-12-20T11:18:10.292+0000] {logging_mixin.py:188} INFO - [2023-12-20T11:18:10.290+0000] {dag.py:3033} INFO - Sync 1 DAGs
[2023-12-20T11:18:10.368+0000] {logging_mixin.py:188} INFO - [2023-12-20T11:18:10.368+0000] {dag.py:3820} INFO - Setting next_dagrun for example_trigger_controller_dag to 2021-01-01T00:00:00+00:00, run_after=2021-01-01T00:00:00+00:00
[2023-12-20T11:18:10.625+0000] {processor.py:183} INFO - Processing /home/airflow/.local/lib/python3.8/site-packages/airflow/example_dags/example_trigger_controller_dag.py took 0.992 seconds
[2023-12-20T11:18:40.718+0000] {processor.py:161} INFO - Started process (PID=179) to work on /home/airflow/.local/lib/python3.8/site-packages/airflow/example_dags/example_trigger_controller_dag.py
[2023-12-20T11:18:40.721+0000] {processor.py:830} INFO - Processing file /home/airflow/.local/lib/python3.8/site-packages/airflow/example_dags/example_trigger_controller_dag.py for tasks to queue
[2023-12-20T11:18:40.725+0000] {logging_mixin.py:188} INFO - [2023-12-20T11:18:40.724+0000] {dagbag.py:538} INFO - Filling up the DagBag from /home/airflow/.local/lib/python3.8/site-packages/airflow/example_dags/example_trigger_controller_dag.py
[2023-12-20T11:18:40.737+0000] {processor.py:840} INFO - DAG(s) 'example_trigger_controller_dag' retrieved from /home/airflow/.local/lib/python3.8/site-packages/airflow/example_dags/example_trigger_controller_dag.py
[2023-12-20T11:18:40.807+0000] {logging_mixin.py:188} INFO - [2023-12-20T11:18:40.806+0000] {dag.py:3033} INFO - Sync 1 DAGs
[2023-12-20T11:18:40.857+0000] {logging_mixin.py:188} INFO - [2023-12-20T11:18:40.856+0000] {dag.py:3820} INFO - Setting next_dagrun for example_trigger_controller_dag to 2021-01-01T00:00:00+00:00, run_after=2021-01-01T00:00:00+00:00
[2023-12-20T11:18:41.027+0000] {processor.py:183} INFO - Processing /home/airflow/.local/lib/python3.8/site-packages/airflow/example_dags/example_trigger_controller_dag.py took 0.318 seconds
[2023-12-20T11:19:11.125+0000] {processor.py:161} INFO - Started process (PID=234) to work on /home/airflow/.local/lib/python3.8/site-packages/airflow/example_dags/example_trigger_controller_dag.py
[2023-12-20T11:19:11.128+0000] {processor.py:830} INFO - Processing file /home/airflow/.local/lib/python3.8/site-packages/airflow/example_dags/example_trigger_controller_dag.py for tasks to queue
[2023-12-20T11:19:11.133+0000] {logging_mixin.py:188} INFO - [2023-12-20T11:19:11.133+0000] {dagbag.py:538} INFO - Filling up the DagBag from /home/airflow/.local/lib/python3.8/site-packages/airflow/example_dags/example_trigger_controller_dag.py
[2023-12-20T11:19:11.148+0000] {processor.py:840} INFO - DAG(s) 'example_trigger_controller_dag' retrieved from /home/airflow/.local/lib/python3.8/site-packages/airflow/example_dags/example_trigger_controller_dag.py
[2023-12-20T11:19:11.209+0000] {logging_mixin.py:188} INFO - [2023-12-20T11:19:11.208+0000] {dag.py:3033} INFO - Sync 1 DAGs
[2023-12-20T11:19:11.261+0000] {logging_mixin.py:188} INFO - [2023-12-20T11:19:11.260+0000] {dag.py:3820} INFO - Setting next_dagrun for example_trigger_controller_dag to 2021-01-01T00:00:00+00:00, run_after=2021-01-01T00:00:00+00:00
[2023-12-20T11:19:11.302+0000] {processor.py:183} INFO - Processing /home/airflow/.local/lib/python3.8/site-packages/airflow/example_dags/example_trigger_controller_dag.py took 0.184 seconds
[2023-12-20T11:19:42.121+0000] {processor.py:161} INFO - Started process (PID=290) to work on /home/airflow/.local/lib/python3.8/site-packages/airflow/example_dags/example_trigger_controller_dag.py
[2023-12-20T11:19:42.132+0000] {processor.py:830} INFO - Processing file /home/airflow/.local/lib/python3.8/site-packages/airflow/example_dags/example_trigger_controller_dag.py for tasks to queue
[2023-12-20T11:19:42.202+0000] {logging_mixin.py:188} INFO - [2023-12-20T11:19:42.201+0000] {dagbag.py:538} INFO - Filling up the DagBag from /home/airflow/.local/lib/python3.8/site-packages/airflow/example_dags/example_trigger_controller_dag.py
[2023-12-20T11:19:42.286+0000] {processor.py:840} INFO - DAG(s) 'example_trigger_controller_dag' retrieved from /home/airflow/.local/lib/python3.8/site-packages/airflow/example_dags/example_trigger_controller_dag.py
[2023-12-20T11:19:42.676+0000] {logging_mixin.py:188} INFO - [2023-12-20T11:19:42.675+0000] {dag.py:3033} INFO - Sync 1 DAGs
[2023-12-20T11:19:42.944+0000] {logging_mixin.py:188} INFO - [2023-12-20T11:19:42.943+0000] {dag.py:3820} INFO - Setting next_dagrun for example_trigger_controller_dag to 2021-01-01T00:00:00+00:00, run_after=2021-01-01T00:00:00+00:00
[2023-12-20T11:19:43.328+0000] {processor.py:183} INFO - Processing /home/airflow/.local/lib/python3.8/site-packages/airflow/example_dags/example_trigger_controller_dag.py took 1.227 seconds
