[2023-12-20T11:17:51.500+0000] {processor.py:161} INFO - Started process (PID=97) to work on /home/airflow/.local/lib/python3.8/site-packages/airflow/example_dags/example_python_decorator.py
[2023-12-20T11:17:51.503+0000] {processor.py:830} INFO - Processing file /home/airflow/.local/lib/python3.8/site-packages/airflow/example_dags/example_python_decorator.py for tasks to queue
[2023-12-20T11:17:51.510+0000] {logging_mixin.py:188} INFO - [2023-12-20T11:17:51.509+0000] {dagbag.py:538} INFO - Filling up the DagBag from /home/airflow/.local/lib/python3.8/site-packages/airflow/example_dags/example_python_decorator.py
[2023-12-20T11:17:51.536+0000] {processor.py:840} INFO - DAG(s) 'example_python_decorator' retrieved from /home/airflow/.local/lib/python3.8/site-packages/airflow/example_dags/example_python_decorator.py
[2023-12-20T11:17:51.852+0000] {logging_mixin.py:188} INFO - [2023-12-20T11:17:51.850+0000] {override.py:1769} INFO - Created Permission View: can edit on DAG:example_python_decorator
[2023-12-20T11:17:51.877+0000] {logging_mixin.py:188} INFO - [2023-12-20T11:17:51.876+0000] {override.py:1769} INFO - Created Permission View: can read on DAG:example_python_decorator
[2023-12-20T11:17:51.889+0000] {logging_mixin.py:188} INFO - [2023-12-20T11:17:51.888+0000] {override.py:1769} INFO - Created Permission View: can delete on DAG:example_python_decorator
[2023-12-20T11:17:51.892+0000] {logging_mixin.py:188} INFO - [2023-12-20T11:17:51.891+0000] {dag.py:3033} INFO - Sync 1 DAGs
[2023-12-20T11:17:51.929+0000] {logging_mixin.py:188} INFO - [2023-12-20T11:17:51.928+0000] {dag.py:3055} INFO - Creating ORM DAG for example_python_decorator
[2023-12-20T11:17:51.936+0000] {logging_mixin.py:188} INFO - [2023-12-20T11:17:51.935+0000] {dag.py:3820} INFO - Setting next_dagrun for example_python_decorator to None, run_after=None
[2023-12-20T11:17:51.984+0000] {processor.py:183} INFO - Processing /home/airflow/.local/lib/python3.8/site-packages/airflow/example_dags/example_python_decorator.py took 0.501 seconds
[2023-12-20T11:18:22.087+0000] {processor.py:161} INFO - Started process (PID=153) to work on /home/airflow/.local/lib/python3.8/site-packages/airflow/example_dags/example_python_decorator.py
[2023-12-20T11:18:22.089+0000] {processor.py:830} INFO - Processing file /home/airflow/.local/lib/python3.8/site-packages/airflow/example_dags/example_python_decorator.py for tasks to queue
[2023-12-20T11:18:22.096+0000] {logging_mixin.py:188} INFO - [2023-12-20T11:18:22.094+0000] {dagbag.py:538} INFO - Filling up the DagBag from /home/airflow/.local/lib/python3.8/site-packages/airflow/example_dags/example_python_decorator.py
[2023-12-20T11:18:22.135+0000] {processor.py:840} INFO - DAG(s) 'example_python_decorator' retrieved from /home/airflow/.local/lib/python3.8/site-packages/airflow/example_dags/example_python_decorator.py
[2023-12-20T11:18:22.297+0000] {logging_mixin.py:188} INFO - [2023-12-20T11:18:22.278+0000] {dag.py:3033} INFO - Sync 1 DAGs
[2023-12-20T11:18:22.322+0000] {logging_mixin.py:188} INFO - [2023-12-20T11:18:22.321+0000] {dag.py:3820} INFO - Setting next_dagrun for example_python_decorator to None, run_after=None
[2023-12-20T11:18:22.522+0000] {processor.py:183} INFO - Processing /home/airflow/.local/lib/python3.8/site-packages/airflow/example_dags/example_python_decorator.py took 0.443 seconds
[2023-12-20T11:18:55.010+0000] {processor.py:161} INFO - Started process (PID=209) to work on /home/airflow/.local/lib/python3.8/site-packages/airflow/example_dags/example_python_decorator.py
[2023-12-20T11:18:55.042+0000] {processor.py:830} INFO - Processing file /home/airflow/.local/lib/python3.8/site-packages/airflow/example_dags/example_python_decorator.py for tasks to queue
[2023-12-20T11:18:55.064+0000] {logging_mixin.py:188} INFO - [2023-12-20T11:18:55.064+0000] {dagbag.py:538} INFO - Filling up the DagBag from /home/airflow/.local/lib/python3.8/site-packages/airflow/example_dags/example_python_decorator.py
[2023-12-20T11:18:55.208+0000] {processor.py:840} INFO - DAG(s) 'example_python_decorator' retrieved from /home/airflow/.local/lib/python3.8/site-packages/airflow/example_dags/example_python_decorator.py
[2023-12-20T11:18:55.561+0000] {logging_mixin.py:188} INFO - [2023-12-20T11:18:55.558+0000] {dag.py:3033} INFO - Sync 1 DAGs
[2023-12-20T11:18:55.610+0000] {logging_mixin.py:188} INFO - [2023-12-20T11:18:55.609+0000] {dag.py:3820} INFO - Setting next_dagrun for example_python_decorator to None, run_after=None
[2023-12-20T11:18:55.745+0000] {processor.py:183} INFO - Processing /home/airflow/.local/lib/python3.8/site-packages/airflow/example_dags/example_python_decorator.py took 0.778 seconds
[2023-12-20T11:19:27.420+0000] {processor.py:161} INFO - Started process (PID=265) to work on /home/airflow/.local/lib/python3.8/site-packages/airflow/example_dags/example_python_decorator.py
[2023-12-20T11:19:27.423+0000] {processor.py:830} INFO - Processing file /home/airflow/.local/lib/python3.8/site-packages/airflow/example_dags/example_python_decorator.py for tasks to queue
[2023-12-20T11:19:27.430+0000] {logging_mixin.py:188} INFO - [2023-12-20T11:19:27.429+0000] {dagbag.py:538} INFO - Filling up the DagBag from /home/airflow/.local/lib/python3.8/site-packages/airflow/example_dags/example_python_decorator.py
[2023-12-20T11:19:27.503+0000] {processor.py:840} INFO - DAG(s) 'example_python_decorator' retrieved from /home/airflow/.local/lib/python3.8/site-packages/airflow/example_dags/example_python_decorator.py
[2023-12-20T11:19:27.584+0000] {logging_mixin.py:188} INFO - [2023-12-20T11:19:27.583+0000] {dag.py:3033} INFO - Sync 1 DAGs
[2023-12-20T11:19:27.621+0000] {logging_mixin.py:188} INFO - [2023-12-20T11:19:27.620+0000] {dag.py:3820} INFO - Setting next_dagrun for example_python_decorator to None, run_after=None
[2023-12-20T11:19:27.681+0000] {processor.py:183} INFO - Processing /home/airflow/.local/lib/python3.8/site-packages/airflow/example_dags/example_python_decorator.py took 0.267 seconds
[2023-12-20T11:20:02.145+0000] {processor.py:161} INFO - Started process (PID=321) to work on /home/airflow/.local/lib/python3.8/site-packages/airflow/example_dags/example_python_decorator.py
[2023-12-20T11:20:02.157+0000] {processor.py:830} INFO - Processing file /home/airflow/.local/lib/python3.8/site-packages/airflow/example_dags/example_python_decorator.py for tasks to queue
[2023-12-20T11:20:02.172+0000] {logging_mixin.py:188} INFO - [2023-12-20T11:20:02.172+0000] {dagbag.py:538} INFO - Filling up the DagBag from /home/airflow/.local/lib/python3.8/site-packages/airflow/example_dags/example_python_decorator.py
[2023-12-20T11:20:02.240+0000] {processor.py:840} INFO - DAG(s) 'example_python_decorator' retrieved from /home/airflow/.local/lib/python3.8/site-packages/airflow/example_dags/example_python_decorator.py
[2023-12-20T11:20:02.370+0000] {logging_mixin.py:188} INFO - [2023-12-20T11:20:02.366+0000] {dag.py:3033} INFO - Sync 1 DAGs
[2023-12-20T11:20:02.406+0000] {logging_mixin.py:188} INFO - [2023-12-20T11:20:02.406+0000] {dag.py:3820} INFO - Setting next_dagrun for example_python_decorator to None, run_after=None
[2023-12-20T11:20:02.460+0000] {processor.py:183} INFO - Processing /home/airflow/.local/lib/python3.8/site-packages/airflow/example_dags/example_python_decorator.py took 0.344 seconds
