[2023-12-20T11:17:29.845+0000] {processor.py:161} INFO - Started process (PID=52) to work on /home/airflow/.local/lib/python3.8/site-packages/airflow/example_dags/example_branch_datetime_operator.py
[2023-12-20T11:17:29.848+0000] {processor.py:830} INFO - Processing file /home/airflow/.local/lib/python3.8/site-packages/airflow/example_dags/example_branch_datetime_operator.py for tasks to queue
[2023-12-20T11:17:29.868+0000] {logging_mixin.py:188} INFO - [2023-12-20T11:17:29.867+0000] {dagbag.py:538} INFO - Filling up the DagBag from /home/airflow/.local/lib/python3.8/site-packages/airflow/example_dags/example_branch_datetime_operator.py
[2023-12-20T11:17:30.092+0000] {processor.py:840} INFO - DAG(s) 'example_branch_datetime_operator_3', 'example_branch_datetime_operator', 'example_branch_datetime_operator_2' retrieved from /home/airflow/.local/lib/python3.8/site-packages/airflow/example_dags/example_branch_datetime_operator.py
[2023-12-20T11:17:31.554+0000] {logging_mixin.py:188} INFO - [2023-12-20T11:17:31.552+0000] {override.py:1769} INFO - Created Permission View: can edit on DAG:example_branch_datetime_operator_3
[2023-12-20T11:17:31.618+0000] {logging_mixin.py:188} INFO - [2023-12-20T11:17:31.618+0000] {override.py:1769} INFO - Created Permission View: can read on DAG:example_branch_datetime_operator_3
[2023-12-20T11:17:31.656+0000] {logging_mixin.py:188} INFO - [2023-12-20T11:17:31.656+0000] {override.py:1769} INFO - Created Permission View: can delete on DAG:example_branch_datetime_operator_3
[2023-12-20T11:17:31.761+0000] {logging_mixin.py:188} INFO - [2023-12-20T11:17:31.760+0000] {override.py:1769} INFO - Created Permission View: can edit on DAG:example_branch_datetime_operator
[2023-12-20T11:17:31.892+0000] {logging_mixin.py:188} INFO - [2023-12-20T11:17:31.892+0000] {override.py:1769} INFO - Created Permission View: can read on DAG:example_branch_datetime_operator
[2023-12-20T11:17:31.969+0000] {logging_mixin.py:188} INFO - [2023-12-20T11:17:31.968+0000] {override.py:1769} INFO - Created Permission View: can delete on DAG:example_branch_datetime_operator
[2023-12-20T11:17:32.076+0000] {logging_mixin.py:188} INFO - [2023-12-20T11:17:32.076+0000] {override.py:1769} INFO - Created Permission View: can edit on DAG:example_branch_datetime_operator_2
[2023-12-20T11:17:32.128+0000] {logging_mixin.py:188} INFO - [2023-12-20T11:17:32.127+0000] {override.py:1769} INFO - Created Permission View: can read on DAG:example_branch_datetime_operator_2
[2023-12-20T11:17:32.147+0000] {logging_mixin.py:188} INFO - [2023-12-20T11:17:32.147+0000] {override.py:1769} INFO - Created Permission View: can delete on DAG:example_branch_datetime_operator_2
[2023-12-20T11:17:32.169+0000] {logging_mixin.py:188} INFO - [2023-12-20T11:17:32.156+0000] {dag.py:3033} INFO - Sync 3 DAGs
[2023-12-20T11:17:32.269+0000] {logging_mixin.py:188} INFO - [2023-12-20T11:17:32.268+0000] {dag.py:3055} INFO - Creating ORM DAG for example_branch_datetime_operator
[2023-12-20T11:17:32.288+0000] {logging_mixin.py:188} INFO - [2023-12-20T11:17:32.287+0000] {dag.py:3055} INFO - Creating ORM DAG for example_branch_datetime_operator_2
[2023-12-20T11:17:32.289+0000] {logging_mixin.py:188} INFO - [2023-12-20T11:17:32.289+0000] {dag.py:3055} INFO - Creating ORM DAG for example_branch_datetime_operator_3
[2023-12-20T11:17:32.394+0000] {logging_mixin.py:188} INFO - [2023-12-20T11:17:32.393+0000] {dag.py:3820} INFO - Setting next_dagrun for example_branch_datetime_operator to 2023-12-19T00:00:00+00:00, run_after=2023-12-20T00:00:00+00:00
[2023-12-20T11:17:32.411+0000] {logging_mixin.py:188} INFO - [2023-12-20T11:17:32.411+0000] {dag.py:3820} INFO - Setting next_dagrun for example_branch_datetime_operator_2 to 2023-12-19T00:00:00+00:00, run_after=2023-12-20T00:00:00+00:00
[2023-12-20T11:17:32.438+0000] {logging_mixin.py:188} INFO - [2023-12-20T11:17:32.437+0000] {dag.py:3820} INFO - Setting next_dagrun for example_branch_datetime_operator_3 to 2023-12-19T00:00:00+00:00, run_after=2023-12-20T00:00:00+00:00
[2023-12-20T11:17:32.678+0000] {processor.py:183} INFO - Processing /home/airflow/.local/lib/python3.8/site-packages/airflow/example_dags/example_branch_datetime_operator.py took 2.869 seconds
[2023-12-20T11:18:03.326+0000] {processor.py:161} INFO - Started process (PID=108) to work on /home/airflow/.local/lib/python3.8/site-packages/airflow/example_dags/example_branch_datetime_operator.py
[2023-12-20T11:18:03.356+0000] {processor.py:830} INFO - Processing file /home/airflow/.local/lib/python3.8/site-packages/airflow/example_dags/example_branch_datetime_operator.py for tasks to queue
[2023-12-20T11:18:03.430+0000] {logging_mixin.py:188} INFO - [2023-12-20T11:18:03.427+0000] {dagbag.py:538} INFO - Filling up the DagBag from /home/airflow/.local/lib/python3.8/site-packages/airflow/example_dags/example_branch_datetime_operator.py
[2023-12-20T11:18:03.503+0000] {processor.py:840} INFO - DAG(s) 'example_branch_datetime_operator_3', 'example_branch_datetime_operator', 'example_branch_datetime_operator_2' retrieved from /home/airflow/.local/lib/python3.8/site-packages/airflow/example_dags/example_branch_datetime_operator.py
[2023-12-20T11:18:03.842+0000] {logging_mixin.py:188} INFO - [2023-12-20T11:18:03.841+0000] {dag.py:3033} INFO - Sync 3 DAGs
[2023-12-20T11:18:04.011+0000] {logging_mixin.py:188} INFO - [2023-12-20T11:18:04.010+0000] {dag.py:3820} INFO - Setting next_dagrun for example_branch_datetime_operator to 2023-12-19T00:00:00+00:00, run_after=2023-12-20T00:00:00+00:00
[2023-12-20T11:18:04.033+0000] {logging_mixin.py:188} INFO - [2023-12-20T11:18:04.032+0000] {dag.py:3820} INFO - Setting next_dagrun for example_branch_datetime_operator_2 to 2023-12-19T00:00:00+00:00, run_after=2023-12-20T00:00:00+00:00
[2023-12-20T11:18:04.039+0000] {logging_mixin.py:188} INFO - [2023-12-20T11:18:04.039+0000] {dag.py:3820} INFO - Setting next_dagrun for example_branch_datetime_operator_3 to 2023-12-19T00:00:00+00:00, run_after=2023-12-20T00:00:00+00:00
[2023-12-20T11:18:04.182+0000] {processor.py:183} INFO - Processing /home/airflow/.local/lib/python3.8/site-packages/airflow/example_dags/example_branch_datetime_operator.py took 0.916 seconds
[2023-12-20T11:18:34.757+0000] {processor.py:161} INFO - Started process (PID=164) to work on /home/airflow/.local/lib/python3.8/site-packages/airflow/example_dags/example_branch_datetime_operator.py
[2023-12-20T11:18:34.784+0000] {processor.py:830} INFO - Processing file /home/airflow/.local/lib/python3.8/site-packages/airflow/example_dags/example_branch_datetime_operator.py for tasks to queue
[2023-12-20T11:18:34.819+0000] {logging_mixin.py:188} INFO - [2023-12-20T11:18:34.818+0000] {dagbag.py:538} INFO - Filling up the DagBag from /home/airflow/.local/lib/python3.8/site-packages/airflow/example_dags/example_branch_datetime_operator.py
[2023-12-20T11:18:34.901+0000] {processor.py:840} INFO - DAG(s) 'example_branch_datetime_operator_3', 'example_branch_datetime_operator_2', 'example_branch_datetime_operator' retrieved from /home/airflow/.local/lib/python3.8/site-packages/airflow/example_dags/example_branch_datetime_operator.py
[2023-12-20T11:18:35.026+0000] {logging_mixin.py:188} INFO - [2023-12-20T11:18:35.024+0000] {dag.py:3033} INFO - Sync 3 DAGs
[2023-12-20T11:18:35.110+0000] {logging_mixin.py:188} INFO - [2023-12-20T11:18:35.110+0000] {dag.py:3820} INFO - Setting next_dagrun for example_branch_datetime_operator to 2023-12-19T00:00:00+00:00, run_after=2023-12-20T00:00:00+00:00
[2023-12-20T11:18:35.123+0000] {logging_mixin.py:188} INFO - [2023-12-20T11:18:35.122+0000] {dag.py:3820} INFO - Setting next_dagrun for example_branch_datetime_operator_2 to 2023-12-19T00:00:00+00:00, run_after=2023-12-20T00:00:00+00:00
[2023-12-20T11:18:35.130+0000] {logging_mixin.py:188} INFO - [2023-12-20T11:18:35.129+0000] {dag.py:3820} INFO - Setting next_dagrun for example_branch_datetime_operator_3 to 2023-12-19T00:00:00+00:00, run_after=2023-12-20T00:00:00+00:00
[2023-12-20T11:18:35.196+0000] {processor.py:183} INFO - Processing /home/airflow/.local/lib/python3.8/site-packages/airflow/example_dags/example_branch_datetime_operator.py took 0.483 seconds
[2023-12-20T11:19:05.915+0000] {processor.py:161} INFO - Started process (PID=220) to work on /home/airflow/.local/lib/python3.8/site-packages/airflow/example_dags/example_branch_datetime_operator.py
[2023-12-20T11:19:05.918+0000] {processor.py:830} INFO - Processing file /home/airflow/.local/lib/python3.8/site-packages/airflow/example_dags/example_branch_datetime_operator.py for tasks to queue
[2023-12-20T11:19:05.923+0000] {logging_mixin.py:188} INFO - [2023-12-20T11:19:05.923+0000] {dagbag.py:538} INFO - Filling up the DagBag from /home/airflow/.local/lib/python3.8/site-packages/airflow/example_dags/example_branch_datetime_operator.py
[2023-12-20T11:19:05.951+0000] {processor.py:840} INFO - DAG(s) 'example_branch_datetime_operator', 'example_branch_datetime_operator_3', 'example_branch_datetime_operator_2' retrieved from /home/airflow/.local/lib/python3.8/site-packages/airflow/example_dags/example_branch_datetime_operator.py
[2023-12-20T11:19:06.013+0000] {logging_mixin.py:188} INFO - [2023-12-20T11:19:06.012+0000] {dag.py:3033} INFO - Sync 3 DAGs
[2023-12-20T11:19:06.120+0000] {logging_mixin.py:188} INFO - [2023-12-20T11:19:06.120+0000] {dag.py:3820} INFO - Setting next_dagrun for example_branch_datetime_operator to 2023-12-19T00:00:00+00:00, run_after=2023-12-20T00:00:00+00:00
[2023-12-20T11:19:06.133+0000] {logging_mixin.py:188} INFO - [2023-12-20T11:19:06.130+0000] {dag.py:3820} INFO - Setting next_dagrun for example_branch_datetime_operator_2 to 2023-12-19T00:00:00+00:00, run_after=2023-12-20T00:00:00+00:00
[2023-12-20T11:19:06.145+0000] {logging_mixin.py:188} INFO - [2023-12-20T11:19:06.145+0000] {dag.py:3820} INFO - Setting next_dagrun for example_branch_datetime_operator_3 to 2023-12-19T00:00:00+00:00, run_after=2023-12-20T00:00:00+00:00
[2023-12-20T11:19:06.239+0000] {processor.py:183} INFO - Processing /home/airflow/.local/lib/python3.8/site-packages/airflow/example_dags/example_branch_datetime_operator.py took 0.330 seconds
[2023-12-20T11:19:37.312+0000] {processor.py:161} INFO - Started process (PID=282) to work on /home/airflow/.local/lib/python3.8/site-packages/airflow/example_dags/example_branch_datetime_operator.py
[2023-12-20T11:19:37.337+0000] {processor.py:830} INFO - Processing file /home/airflow/.local/lib/python3.8/site-packages/airflow/example_dags/example_branch_datetime_operator.py for tasks to queue
[2023-12-20T11:19:37.354+0000] {logging_mixin.py:188} INFO - [2023-12-20T11:19:37.354+0000] {dagbag.py:538} INFO - Filling up the DagBag from /home/airflow/.local/lib/python3.8/site-packages/airflow/example_dags/example_branch_datetime_operator.py
[2023-12-20T11:19:37.400+0000] {processor.py:840} INFO - DAG(s) 'example_branch_datetime_operator_3', 'example_branch_datetime_operator', 'example_branch_datetime_operator_2' retrieved from /home/airflow/.local/lib/python3.8/site-packages/airflow/example_dags/example_branch_datetime_operator.py
[2023-12-20T11:19:39.218+0000] {logging_mixin.py:188} INFO - [2023-12-20T11:19:39.216+0000] {dag.py:3033} INFO - Sync 3 DAGs
[2023-12-20T11:19:39.421+0000] {logging_mixin.py:188} INFO - [2023-12-20T11:19:39.421+0000] {dag.py:3820} INFO - Setting next_dagrun for example_branch_datetime_operator to 2023-12-19T00:00:00+00:00, run_after=2023-12-20T00:00:00+00:00
[2023-12-20T11:19:39.484+0000] {logging_mixin.py:188} INFO - [2023-12-20T11:19:39.483+0000] {dag.py:3820} INFO - Setting next_dagrun for example_branch_datetime_operator_2 to 2023-12-19T00:00:00+00:00, run_after=2023-12-20T00:00:00+00:00
[2023-12-20T11:19:39.517+0000] {logging_mixin.py:188} INFO - [2023-12-20T11:19:39.517+0000] {dag.py:3820} INFO - Setting next_dagrun for example_branch_datetime_operator_3 to 2023-12-19T00:00:00+00:00, run_after=2023-12-20T00:00:00+00:00
[2023-12-20T11:19:39.633+0000] {processor.py:183} INFO - Processing /home/airflow/.local/lib/python3.8/site-packages/airflow/example_dags/example_branch_datetime_operator.py took 2.362 seconds
