[2023-12-20T11:17:40.873+0000] {processor.py:161} INFO - Started process (PID=73) to work on /home/airflow/.local/lib/python3.8/site-packages/airflow/example_dags/example_xcom.py
[2023-12-20T11:17:40.879+0000] {processor.py:830} INFO - Processing file /home/airflow/.local/lib/python3.8/site-packages/airflow/example_dags/example_xcom.py for tasks to queue
[2023-12-20T11:17:40.892+0000] {logging_mixin.py:188} INFO - [2023-12-20T11:17:40.884+0000] {dagbag.py:538} INFO - Filling up the DagBag from /home/airflow/.local/lib/python3.8/site-packages/airflow/example_dags/example_xcom.py
[2023-12-20T11:17:40.911+0000] {processor.py:840} INFO - DAG(s) 'example_xcom' retrieved from /home/airflow/.local/lib/python3.8/site-packages/airflow/example_dags/example_xcom.py
[2023-12-20T11:17:41.142+0000] {logging_mixin.py:188} INFO - [2023-12-20T11:17:41.134+0000] {override.py:1769} INFO - Created Permission View: can edit on DAG:example_xcom
[2023-12-20T11:17:41.212+0000] {logging_mixin.py:188} INFO - [2023-12-20T11:17:41.211+0000] {override.py:1769} INFO - Created Permission View: can read on DAG:example_xcom
[2023-12-20T11:17:41.265+0000] {logging_mixin.py:188} INFO - [2023-12-20T11:17:41.265+0000] {override.py:1769} INFO - Created Permission View: can delete on DAG:example_xcom
[2023-12-20T11:17:41.266+0000] {logging_mixin.py:188} INFO - [2023-12-20T11:17:41.266+0000] {dag.py:3033} INFO - Sync 1 DAGs
[2023-12-20T11:17:41.304+0000] {logging_mixin.py:188} INFO - [2023-12-20T11:17:41.303+0000] {dag.py:3055} INFO - Creating ORM DAG for example_xcom
[2023-12-20T11:17:41.340+0000] {logging_mixin.py:188} INFO - [2023-12-20T11:17:41.340+0000] {dag.py:3820} INFO - Setting next_dagrun for example_xcom to 2021-01-01T00:00:00+00:00, run_after=2021-01-01T00:00:00+00:00
[2023-12-20T11:17:41.610+0000] {processor.py:183} INFO - Processing /home/airflow/.local/lib/python3.8/site-packages/airflow/example_dags/example_xcom.py took 0.744 seconds
[2023-12-20T11:18:14.351+0000] {processor.py:161} INFO - Started process (PID=129) to work on /home/airflow/.local/lib/python3.8/site-packages/airflow/example_dags/example_xcom.py
[2023-12-20T11:18:14.374+0000] {processor.py:830} INFO - Processing file /home/airflow/.local/lib/python3.8/site-packages/airflow/example_dags/example_xcom.py for tasks to queue
[2023-12-20T11:18:14.413+0000] {logging_mixin.py:188} INFO - [2023-12-20T11:18:14.402+0000] {dagbag.py:538} INFO - Filling up the DagBag from /home/airflow/.local/lib/python3.8/site-packages/airflow/example_dags/example_xcom.py
[2023-12-20T11:18:14.473+0000] {processor.py:840} INFO - DAG(s) 'example_xcom' retrieved from /home/airflow/.local/lib/python3.8/site-packages/airflow/example_dags/example_xcom.py
[2023-12-20T11:18:14.601+0000] {logging_mixin.py:188} INFO - [2023-12-20T11:18:14.600+0000] {dag.py:3033} INFO - Sync 1 DAGs
[2023-12-20T11:18:14.762+0000] {logging_mixin.py:188} INFO - [2023-12-20T11:18:14.762+0000] {dag.py:3820} INFO - Setting next_dagrun for example_xcom to 2021-01-01T00:00:00+00:00, run_after=2021-01-01T00:00:00+00:00
[2023-12-20T11:18:14.827+0000] {processor.py:183} INFO - Processing /home/airflow/.local/lib/python3.8/site-packages/airflow/example_dags/example_xcom.py took 0.531 seconds
[2023-12-20T11:18:45.267+0000] {processor.py:161} INFO - Started process (PID=185) to work on /home/airflow/.local/lib/python3.8/site-packages/airflow/example_dags/example_xcom.py
[2023-12-20T11:18:45.270+0000] {processor.py:830} INFO - Processing file /home/airflow/.local/lib/python3.8/site-packages/airflow/example_dags/example_xcom.py for tasks to queue
[2023-12-20T11:18:45.280+0000] {logging_mixin.py:188} INFO - [2023-12-20T11:18:45.280+0000] {dagbag.py:538} INFO - Filling up the DagBag from /home/airflow/.local/lib/python3.8/site-packages/airflow/example_dags/example_xcom.py
[2023-12-20T11:18:45.317+0000] {processor.py:840} INFO - DAG(s) 'example_xcom' retrieved from /home/airflow/.local/lib/python3.8/site-packages/airflow/example_dags/example_xcom.py
[2023-12-20T11:18:45.493+0000] {logging_mixin.py:188} INFO - [2023-12-20T11:18:45.490+0000] {dag.py:3033} INFO - Sync 1 DAGs
[2023-12-20T11:18:45.614+0000] {logging_mixin.py:188} INFO - [2023-12-20T11:18:45.614+0000] {dag.py:3820} INFO - Setting next_dagrun for example_xcom to 2021-01-01T00:00:00+00:00, run_after=2021-01-01T00:00:00+00:00
[2023-12-20T11:18:45.671+0000] {processor.py:183} INFO - Processing /home/airflow/.local/lib/python3.8/site-packages/airflow/example_dags/example_xcom.py took 0.413 seconds
[2023-12-20T11:19:17.277+0000] {processor.py:161} INFO - Started process (PID=241) to work on /home/airflow/.local/lib/python3.8/site-packages/airflow/example_dags/example_xcom.py
[2023-12-20T11:19:17.279+0000] {processor.py:830} INFO - Processing file /home/airflow/.local/lib/python3.8/site-packages/airflow/example_dags/example_xcom.py for tasks to queue
[2023-12-20T11:19:17.284+0000] {logging_mixin.py:188} INFO - [2023-12-20T11:19:17.283+0000] {dagbag.py:538} INFO - Filling up the DagBag from /home/airflow/.local/lib/python3.8/site-packages/airflow/example_dags/example_xcom.py
[2023-12-20T11:19:17.301+0000] {processor.py:840} INFO - DAG(s) 'example_xcom' retrieved from /home/airflow/.local/lib/python3.8/site-packages/airflow/example_dags/example_xcom.py
[2023-12-20T11:19:17.342+0000] {logging_mixin.py:188} INFO - [2023-12-20T11:19:17.341+0000] {dag.py:3033} INFO - Sync 1 DAGs
[2023-12-20T11:19:17.377+0000] {logging_mixin.py:188} INFO - [2023-12-20T11:19:17.377+0000] {dag.py:3820} INFO - Setting next_dagrun for example_xcom to 2021-01-01T00:00:00+00:00, run_after=2021-01-01T00:00:00+00:00
[2023-12-20T11:19:17.413+0000] {processor.py:183} INFO - Processing /home/airflow/.local/lib/python3.8/site-packages/airflow/example_dags/example_xcom.py took 0.144 seconds
[2023-12-20T11:19:48.258+0000] {processor.py:161} INFO - Started process (PID=297) to work on /home/airflow/.local/lib/python3.8/site-packages/airflow/example_dags/example_xcom.py
[2023-12-20T11:19:48.262+0000] {processor.py:830} INFO - Processing file /home/airflow/.local/lib/python3.8/site-packages/airflow/example_dags/example_xcom.py for tasks to queue
[2023-12-20T11:19:48.269+0000] {logging_mixin.py:188} INFO - [2023-12-20T11:19:48.268+0000] {dagbag.py:538} INFO - Filling up the DagBag from /home/airflow/.local/lib/python3.8/site-packages/airflow/example_dags/example_xcom.py
[2023-12-20T11:19:48.299+0000] {processor.py:840} INFO - DAG(s) 'example_xcom' retrieved from /home/airflow/.local/lib/python3.8/site-packages/airflow/example_dags/example_xcom.py
[2023-12-20T11:19:48.362+0000] {logging_mixin.py:188} INFO - [2023-12-20T11:19:48.361+0000] {dag.py:3033} INFO - Sync 1 DAGs
[2023-12-20T11:19:48.412+0000] {logging_mixin.py:188} INFO - [2023-12-20T11:19:48.411+0000] {dag.py:3820} INFO - Setting next_dagrun for example_xcom to 2021-01-01T00:00:00+00:00, run_after=2021-01-01T00:00:00+00:00
[2023-12-20T11:19:48.454+0000] {processor.py:183} INFO - Processing /home/airflow/.local/lib/python3.8/site-packages/airflow/example_dags/example_xcom.py took 0.205 seconds
