[2023-12-20T11:17:43.191+0000] {processor.py:161} INFO - Started process (PID=79) to work on /home/airflow/.local/lib/python3.8/site-packages/airflow/example_dags/example_sensor_decorator.py
[2023-12-20T11:17:43.195+0000] {processor.py:830} INFO - Processing file /home/airflow/.local/lib/python3.8/site-packages/airflow/example_dags/example_sensor_decorator.py for tasks to queue
[2023-12-20T11:17:43.201+0000] {logging_mixin.py:188} INFO - [2023-12-20T11:17:43.200+0000] {dagbag.py:538} INFO - Filling up the DagBag from /home/airflow/.local/lib/python3.8/site-packages/airflow/example_dags/example_sensor_decorator.py
[2023-12-20T11:17:43.215+0000] {processor.py:840} INFO - DAG(s) 'example_sensor_decorator' retrieved from /home/airflow/.local/lib/python3.8/site-packages/airflow/example_dags/example_sensor_decorator.py
[2023-12-20T11:17:43.581+0000] {logging_mixin.py:188} INFO - [2023-12-20T11:17:43.580+0000] {override.py:1769} INFO - Created Permission View: can edit on DAG:example_sensor_decorator
[2023-12-20T11:17:43.608+0000] {logging_mixin.py:188} INFO - [2023-12-20T11:17:43.607+0000] {override.py:1769} INFO - Created Permission View: can read on DAG:example_sensor_decorator
[2023-12-20T11:17:43.629+0000] {logging_mixin.py:188} INFO - [2023-12-20T11:17:43.629+0000] {override.py:1769} INFO - Created Permission View: can delete on DAG:example_sensor_decorator
[2023-12-20T11:17:43.633+0000] {logging_mixin.py:188} INFO - [2023-12-20T11:17:43.630+0000] {dag.py:3033} INFO - Sync 1 DAGs
[2023-12-20T11:17:43.662+0000] {logging_mixin.py:188} INFO - [2023-12-20T11:17:43.661+0000] {dag.py:3055} INFO - Creating ORM DAG for example_sensor_decorator
[2023-12-20T11:17:43.663+0000] {logging_mixin.py:188} INFO - [2023-12-20T11:17:43.663+0000] {dag.py:3820} INFO - Setting next_dagrun for example_sensor_decorator to None, run_after=None
[2023-12-20T11:17:43.706+0000] {processor.py:183} INFO - Processing /home/airflow/.local/lib/python3.8/site-packages/airflow/example_dags/example_sensor_decorator.py took 0.521 seconds
[2023-12-20T11:18:16.527+0000] {processor.py:161} INFO - Started process (PID=135) to work on /home/airflow/.local/lib/python3.8/site-packages/airflow/example_dags/example_sensor_decorator.py
[2023-12-20T11:18:16.541+0000] {processor.py:830} INFO - Processing file /home/airflow/.local/lib/python3.8/site-packages/airflow/example_dags/example_sensor_decorator.py for tasks to queue
[2023-12-20T11:18:16.572+0000] {logging_mixin.py:188} INFO - [2023-12-20T11:18:16.563+0000] {dagbag.py:538} INFO - Filling up the DagBag from /home/airflow/.local/lib/python3.8/site-packages/airflow/example_dags/example_sensor_decorator.py
[2023-12-20T11:18:16.633+0000] {processor.py:840} INFO - DAG(s) 'example_sensor_decorator' retrieved from /home/airflow/.local/lib/python3.8/site-packages/airflow/example_dags/example_sensor_decorator.py
[2023-12-20T11:18:16.854+0000] {logging_mixin.py:188} INFO - [2023-12-20T11:18:16.853+0000] {dag.py:3033} INFO - Sync 1 DAGs
[2023-12-20T11:18:16.889+0000] {logging_mixin.py:188} INFO - [2023-12-20T11:18:16.889+0000] {dag.py:3820} INFO - Setting next_dagrun for example_sensor_decorator to None, run_after=None
[2023-12-20T11:18:17.406+0000] {processor.py:183} INFO - Processing /home/airflow/.local/lib/python3.8/site-packages/airflow/example_dags/example_sensor_decorator.py took 0.905 seconds
[2023-12-20T11:18:48.106+0000] {processor.py:161} INFO - Started process (PID=191) to work on /home/airflow/.local/lib/python3.8/site-packages/airflow/example_dags/example_sensor_decorator.py
[2023-12-20T11:18:48.114+0000] {processor.py:830} INFO - Processing file /home/airflow/.local/lib/python3.8/site-packages/airflow/example_dags/example_sensor_decorator.py for tasks to queue
[2023-12-20T11:18:48.121+0000] {logging_mixin.py:188} INFO - [2023-12-20T11:18:48.120+0000] {dagbag.py:538} INFO - Filling up the DagBag from /home/airflow/.local/lib/python3.8/site-packages/airflow/example_dags/example_sensor_decorator.py
[2023-12-20T11:18:48.155+0000] {processor.py:840} INFO - DAG(s) 'example_sensor_decorator' retrieved from /home/airflow/.local/lib/python3.8/site-packages/airflow/example_dags/example_sensor_decorator.py
[2023-12-20T11:18:48.213+0000] {logging_mixin.py:188} INFO - [2023-12-20T11:18:48.212+0000] {dag.py:3033} INFO - Sync 1 DAGs
[2023-12-20T11:18:48.323+0000] {logging_mixin.py:188} INFO - [2023-12-20T11:18:48.323+0000] {dag.py:3820} INFO - Setting next_dagrun for example_sensor_decorator to None, run_after=None
[2023-12-20T11:18:48.431+0000] {processor.py:183} INFO - Processing /home/airflow/.local/lib/python3.8/site-packages/airflow/example_dags/example_sensor_decorator.py took 0.340 seconds
[2023-12-20T11:19:18.894+0000] {processor.py:161} INFO - Started process (PID=247) to work on /home/airflow/.local/lib/python3.8/site-packages/airflow/example_dags/example_sensor_decorator.py
[2023-12-20T11:19:18.895+0000] {processor.py:830} INFO - Processing file /home/airflow/.local/lib/python3.8/site-packages/airflow/example_dags/example_sensor_decorator.py for tasks to queue
[2023-12-20T11:19:18.899+0000] {logging_mixin.py:188} INFO - [2023-12-20T11:19:18.899+0000] {dagbag.py:538} INFO - Filling up the DagBag from /home/airflow/.local/lib/python3.8/site-packages/airflow/example_dags/example_sensor_decorator.py
[2023-12-20T11:19:18.912+0000] {processor.py:840} INFO - DAG(s) 'example_sensor_decorator' retrieved from /home/airflow/.local/lib/python3.8/site-packages/airflow/example_dags/example_sensor_decorator.py
[2023-12-20T11:19:18.962+0000] {logging_mixin.py:188} INFO - [2023-12-20T11:19:18.960+0000] {dag.py:3033} INFO - Sync 1 DAGs
[2023-12-20T11:19:18.988+0000] {logging_mixin.py:188} INFO - [2023-12-20T11:19:18.988+0000] {dag.py:3820} INFO - Setting next_dagrun for example_sensor_decorator to None, run_after=None
[2023-12-20T11:19:19.019+0000] {processor.py:183} INFO - Processing /home/airflow/.local/lib/python3.8/site-packages/airflow/example_dags/example_sensor_decorator.py took 0.133 seconds
[2023-12-20T11:19:50.142+0000] {processor.py:161} INFO - Started process (PID=303) to work on /home/airflow/.local/lib/python3.8/site-packages/airflow/example_dags/example_sensor_decorator.py
[2023-12-20T11:19:50.158+0000] {processor.py:830} INFO - Processing file /home/airflow/.local/lib/python3.8/site-packages/airflow/example_dags/example_sensor_decorator.py for tasks to queue
[2023-12-20T11:19:50.165+0000] {logging_mixin.py:188} INFO - [2023-12-20T11:19:50.164+0000] {dagbag.py:538} INFO - Filling up the DagBag from /home/airflow/.local/lib/python3.8/site-packages/airflow/example_dags/example_sensor_decorator.py
[2023-12-20T11:19:50.239+0000] {processor.py:840} INFO - DAG(s) 'example_sensor_decorator' retrieved from /home/airflow/.local/lib/python3.8/site-packages/airflow/example_dags/example_sensor_decorator.py
[2023-12-20T11:19:50.300+0000] {logging_mixin.py:188} INFO - [2023-12-20T11:19:50.299+0000] {dag.py:3033} INFO - Sync 1 DAGs
[2023-12-20T11:19:50.344+0000] {logging_mixin.py:188} INFO - [2023-12-20T11:19:50.343+0000] {dag.py:3820} INFO - Setting next_dagrun for example_sensor_decorator to None, run_after=None
[2023-12-20T11:19:50.436+0000] {processor.py:183} INFO - Processing /home/airflow/.local/lib/python3.8/site-packages/airflow/example_dags/example_sensor_decorator.py took 0.303 seconds
