[2023-12-20T11:17:32.919+0000] {processor.py:161} INFO - Started process (PID=55) to work on /home/airflow/.local/lib/python3.8/site-packages/airflow/example_dags/example_branch_operator_decorator.py
[2023-12-20T11:17:32.936+0000] {processor.py:830} INFO - Processing file /home/airflow/.local/lib/python3.8/site-packages/airflow/example_dags/example_branch_operator_decorator.py for tasks to queue
[2023-12-20T11:17:32.951+0000] {logging_mixin.py:188} INFO - [2023-12-20T11:17:32.950+0000] {dagbag.py:538} INFO - Filling up the DagBag from /home/airflow/.local/lib/python3.8/site-packages/airflow/example_dags/example_branch_operator_decorator.py
[2023-12-20T11:17:33.200+0000] {processor.py:840} INFO - DAG(s) 'example_branch_python_operator_decorator' retrieved from /home/airflow/.local/lib/python3.8/site-packages/airflow/example_dags/example_branch_operator_decorator.py
[2023-12-20T11:17:34.570+0000] {logging_mixin.py:188} INFO - [2023-12-20T11:17:34.569+0000] {override.py:1769} INFO - Created Permission View: can edit on DAG:example_branch_python_operator_decorator
[2023-12-20T11:17:34.633+0000] {logging_mixin.py:188} INFO - [2023-12-20T11:17:34.632+0000] {override.py:1769} INFO - Created Permission View: can read on DAG:example_branch_python_operator_decorator
[2023-12-20T11:17:34.717+0000] {logging_mixin.py:188} INFO - [2023-12-20T11:17:34.716+0000] {override.py:1769} INFO - Created Permission View: can delete on DAG:example_branch_python_operator_decorator
[2023-12-20T11:17:34.720+0000] {logging_mixin.py:188} INFO - [2023-12-20T11:17:34.719+0000] {dag.py:3033} INFO - Sync 1 DAGs
[2023-12-20T11:17:34.803+0000] {logging_mixin.py:188} INFO - [2023-12-20T11:17:34.802+0000] {dag.py:3055} INFO - Creating ORM DAG for example_branch_python_operator_decorator
[2023-12-20T11:17:34.976+0000] {logging_mixin.py:188} INFO - [2023-12-20T11:17:34.975+0000] {dag.py:3820} INFO - Setting next_dagrun for example_branch_python_operator_decorator to 2023-12-19T00:00:00+00:00, run_after=2023-12-20T00:00:00+00:00
[2023-12-20T11:17:35.152+0000] {processor.py:183} INFO - Processing /home/airflow/.local/lib/python3.8/site-packages/airflow/example_dags/example_branch_operator_decorator.py took 2.282 seconds
[2023-12-20T11:18:06.204+0000] {processor.py:161} INFO - Started process (PID=117) to work on /home/airflow/.local/lib/python3.8/site-packages/airflow/example_dags/example_branch_operator_decorator.py
[2023-12-20T11:18:06.215+0000] {processor.py:830} INFO - Processing file /home/airflow/.local/lib/python3.8/site-packages/airflow/example_dags/example_branch_operator_decorator.py for tasks to queue
[2023-12-20T11:18:06.246+0000] {logging_mixin.py:188} INFO - [2023-12-20T11:18:06.246+0000] {dagbag.py:538} INFO - Filling up the DagBag from /home/airflow/.local/lib/python3.8/site-packages/airflow/example_dags/example_branch_operator_decorator.py
[2023-12-20T11:18:06.436+0000] {processor.py:840} INFO - DAG(s) 'example_branch_python_operator_decorator' retrieved from /home/airflow/.local/lib/python3.8/site-packages/airflow/example_dags/example_branch_operator_decorator.py
[2023-12-20T11:18:06.952+0000] {logging_mixin.py:188} INFO - [2023-12-20T11:18:06.950+0000] {dag.py:3033} INFO - Sync 1 DAGs
[2023-12-20T11:18:07.145+0000] {logging_mixin.py:188} INFO - [2023-12-20T11:18:07.144+0000] {dag.py:3820} INFO - Setting next_dagrun for example_branch_python_operator_decorator to 2023-12-19T00:00:00+00:00, run_after=2023-12-20T00:00:00+00:00
[2023-12-20T11:18:07.532+0000] {processor.py:183} INFO - Processing /home/airflow/.local/lib/python3.8/site-packages/airflow/example_dags/example_branch_operator_decorator.py took 1.536 seconds
[2023-12-20T11:18:38.206+0000] {processor.py:161} INFO - Started process (PID=173) to work on /home/airflow/.local/lib/python3.8/site-packages/airflow/example_dags/example_branch_operator_decorator.py
[2023-12-20T11:18:38.216+0000] {processor.py:830} INFO - Processing file /home/airflow/.local/lib/python3.8/site-packages/airflow/example_dags/example_branch_operator_decorator.py for tasks to queue
[2023-12-20T11:18:38.225+0000] {logging_mixin.py:188} INFO - [2023-12-20T11:18:38.224+0000] {dagbag.py:538} INFO - Filling up the DagBag from /home/airflow/.local/lib/python3.8/site-packages/airflow/example_dags/example_branch_operator_decorator.py
[2023-12-20T11:18:38.470+0000] {processor.py:840} INFO - DAG(s) 'example_branch_python_operator_decorator' retrieved from /home/airflow/.local/lib/python3.8/site-packages/airflow/example_dags/example_branch_operator_decorator.py
[2023-12-20T11:18:38.645+0000] {logging_mixin.py:188} INFO - [2023-12-20T11:18:38.643+0000] {dag.py:3033} INFO - Sync 1 DAGs
[2023-12-20T11:18:38.729+0000] {logging_mixin.py:188} INFO - [2023-12-20T11:18:38.728+0000] {dag.py:3820} INFO - Setting next_dagrun for example_branch_python_operator_decorator to 2023-12-19T00:00:00+00:00, run_after=2023-12-20T00:00:00+00:00
[2023-12-20T11:18:38.784+0000] {processor.py:183} INFO - Processing /home/airflow/.local/lib/python3.8/site-packages/airflow/example_dags/example_branch_operator_decorator.py took 0.650 seconds
[2023-12-20T11:19:09.079+0000] {processor.py:161} INFO - Started process (PID=229) to work on /home/airflow/.local/lib/python3.8/site-packages/airflow/example_dags/example_branch_operator_decorator.py
[2023-12-20T11:19:09.086+0000] {processor.py:830} INFO - Processing file /home/airflow/.local/lib/python3.8/site-packages/airflow/example_dags/example_branch_operator_decorator.py for tasks to queue
[2023-12-20T11:19:09.092+0000] {logging_mixin.py:188} INFO - [2023-12-20T11:19:09.092+0000] {dagbag.py:538} INFO - Filling up the DagBag from /home/airflow/.local/lib/python3.8/site-packages/airflow/example_dags/example_branch_operator_decorator.py
[2023-12-20T11:19:09.169+0000] {processor.py:840} INFO - DAG(s) 'example_branch_python_operator_decorator' retrieved from /home/airflow/.local/lib/python3.8/site-packages/airflow/example_dags/example_branch_operator_decorator.py
[2023-12-20T11:19:09.312+0000] {logging_mixin.py:188} INFO - [2023-12-20T11:19:09.310+0000] {dag.py:3033} INFO - Sync 1 DAGs
[2023-12-20T11:19:09.390+0000] {logging_mixin.py:188} INFO - [2023-12-20T11:19:09.390+0000] {dag.py:3820} INFO - Setting next_dagrun for example_branch_python_operator_decorator to 2023-12-19T00:00:00+00:00, run_after=2023-12-20T00:00:00+00:00
[2023-12-20T11:19:09.471+0000] {processor.py:183} INFO - Processing /home/airflow/.local/lib/python3.8/site-packages/airflow/example_dags/example_branch_operator_decorator.py took 0.398 seconds
[2023-12-20T11:19:40.356+0000] {processor.py:161} INFO - Started process (PID=285) to work on /home/airflow/.local/lib/python3.8/site-packages/airflow/example_dags/example_branch_operator_decorator.py
[2023-12-20T11:19:40.359+0000] {processor.py:830} INFO - Processing file /home/airflow/.local/lib/python3.8/site-packages/airflow/example_dags/example_branch_operator_decorator.py for tasks to queue
[2023-12-20T11:19:40.390+0000] {logging_mixin.py:188} INFO - [2023-12-20T11:19:40.380+0000] {dagbag.py:538} INFO - Filling up the DagBag from /home/airflow/.local/lib/python3.8/site-packages/airflow/example_dags/example_branch_operator_decorator.py
[2023-12-20T11:19:40.556+0000] {processor.py:840} INFO - DAG(s) 'example_branch_python_operator_decorator' retrieved from /home/airflow/.local/lib/python3.8/site-packages/airflow/example_dags/example_branch_operator_decorator.py
[2023-12-20T11:19:40.904+0000] {logging_mixin.py:188} INFO - [2023-12-20T11:19:40.902+0000] {dag.py:3033} INFO - Sync 1 DAGs
[2023-12-20T11:19:41.056+0000] {logging_mixin.py:188} INFO - [2023-12-20T11:19:41.055+0000] {dag.py:3820} INFO - Setting next_dagrun for example_branch_python_operator_decorator to 2023-12-19T00:00:00+00:00, run_after=2023-12-20T00:00:00+00:00
[2023-12-20T11:19:41.110+0000] {processor.py:183} INFO - Processing /home/airflow/.local/lib/python3.8/site-packages/airflow/example_dags/example_branch_operator_decorator.py took 0.765 seconds
