[2023-12-20T11:17:45.695+0000] {processor.py:161} INFO - Started process (PID=85) to work on /home/airflow/.local/lib/python3.8/site-packages/airflow/example_dags/example_task_group_decorator.py
[2023-12-20T11:17:45.700+0000] {processor.py:830} INFO - Processing file /home/airflow/.local/lib/python3.8/site-packages/airflow/example_dags/example_task_group_decorator.py for tasks to queue
[2023-12-20T11:17:45.706+0000] {logging_mixin.py:188} INFO - [2023-12-20T11:17:45.705+0000] {dagbag.py:538} INFO - Filling up the DagBag from /home/airflow/.local/lib/python3.8/site-packages/airflow/example_dags/example_task_group_decorator.py
[2023-12-20T11:17:45.792+0000] {processor.py:840} INFO - DAG(s) 'example_task_group_decorator' retrieved from /home/airflow/.local/lib/python3.8/site-packages/airflow/example_dags/example_task_group_decorator.py
[2023-12-20T11:17:46.215+0000] {logging_mixin.py:188} INFO - [2023-12-20T11:17:46.206+0000] {override.py:1769} INFO - Created Permission View: can edit on DAG:example_task_group_decorator
[2023-12-20T11:17:46.261+0000] {logging_mixin.py:188} INFO - [2023-12-20T11:17:46.260+0000] {override.py:1769} INFO - Created Permission View: can read on DAG:example_task_group_decorator
[2023-12-20T11:17:46.281+0000] {logging_mixin.py:188} INFO - [2023-12-20T11:17:46.280+0000] {override.py:1769} INFO - Created Permission View: can delete on DAG:example_task_group_decorator
[2023-12-20T11:17:46.288+0000] {logging_mixin.py:188} INFO - [2023-12-20T11:17:46.286+0000] {dag.py:3033} INFO - Sync 1 DAGs
[2023-12-20T11:17:46.341+0000] {logging_mixin.py:188} INFO - [2023-12-20T11:17:46.341+0000] {dag.py:3055} INFO - Creating ORM DAG for example_task_group_decorator
[2023-12-20T11:17:46.368+0000] {logging_mixin.py:188} INFO - [2023-12-20T11:17:46.367+0000] {dag.py:3820} INFO - Setting next_dagrun for example_task_group_decorator to 2023-12-19T00:00:00+00:00, run_after=2023-12-20T00:00:00+00:00
[2023-12-20T11:17:46.410+0000] {processor.py:183} INFO - Processing /home/airflow/.local/lib/python3.8/site-packages/airflow/example_dags/example_task_group_decorator.py took 0.739 seconds
[2023-12-20T11:18:18.806+0000] {processor.py:161} INFO - Started process (PID=141) to work on /home/airflow/.local/lib/python3.8/site-packages/airflow/example_dags/example_task_group_decorator.py
[2023-12-20T11:18:18.808+0000] {processor.py:830} INFO - Processing file /home/airflow/.local/lib/python3.8/site-packages/airflow/example_dags/example_task_group_decorator.py for tasks to queue
[2023-12-20T11:18:18.812+0000] {logging_mixin.py:188} INFO - [2023-12-20T11:18:18.811+0000] {dagbag.py:538} INFO - Filling up the DagBag from /home/airflow/.local/lib/python3.8/site-packages/airflow/example_dags/example_task_group_decorator.py
[2023-12-20T11:18:18.899+0000] {processor.py:840} INFO - DAG(s) 'example_task_group_decorator' retrieved from /home/airflow/.local/lib/python3.8/site-packages/airflow/example_dags/example_task_group_decorator.py
[2023-12-20T11:18:18.997+0000] {logging_mixin.py:188} INFO - [2023-12-20T11:18:18.995+0000] {dag.py:3033} INFO - Sync 1 DAGs
[2023-12-20T11:18:19.067+0000] {logging_mixin.py:188} INFO - [2023-12-20T11:18:19.066+0000] {dag.py:3820} INFO - Setting next_dagrun for example_task_group_decorator to 2023-12-19T00:00:00+00:00, run_after=2023-12-20T00:00:00+00:00
[2023-12-20T11:18:19.147+0000] {processor.py:183} INFO - Processing /home/airflow/.local/lib/python3.8/site-packages/airflow/example_dags/example_task_group_decorator.py took 0.350 seconds
[2023-12-20T11:18:50.078+0000] {processor.py:161} INFO - Started process (PID=197) to work on /home/airflow/.local/lib/python3.8/site-packages/airflow/example_dags/example_task_group_decorator.py
[2023-12-20T11:18:50.081+0000] {processor.py:830} INFO - Processing file /home/airflow/.local/lib/python3.8/site-packages/airflow/example_dags/example_task_group_decorator.py for tasks to queue
[2023-12-20T11:18:50.086+0000] {logging_mixin.py:188} INFO - [2023-12-20T11:18:50.085+0000] {dagbag.py:538} INFO - Filling up the DagBag from /home/airflow/.local/lib/python3.8/site-packages/airflow/example_dags/example_task_group_decorator.py
[2023-12-20T11:18:50.136+0000] {processor.py:840} INFO - DAG(s) 'example_task_group_decorator' retrieved from /home/airflow/.local/lib/python3.8/site-packages/airflow/example_dags/example_task_group_decorator.py
[2023-12-20T11:18:50.329+0000] {logging_mixin.py:188} INFO - [2023-12-20T11:18:50.318+0000] {dag.py:3033} INFO - Sync 1 DAGs
[2023-12-20T11:18:50.553+0000] {logging_mixin.py:188} INFO - [2023-12-20T11:18:50.553+0000] {dag.py:3820} INFO - Setting next_dagrun for example_task_group_decorator to 2023-12-19T00:00:00+00:00, run_after=2023-12-20T00:00:00+00:00
[2023-12-20T11:18:50.710+0000] {processor.py:183} INFO - Processing /home/airflow/.local/lib/python3.8/site-packages/airflow/example_dags/example_task_group_decorator.py took 0.643 seconds
[2023-12-20T11:19:21.224+0000] {processor.py:161} INFO - Started process (PID=253) to work on /home/airflow/.local/lib/python3.8/site-packages/airflow/example_dags/example_task_group_decorator.py
[2023-12-20T11:19:21.226+0000] {processor.py:830} INFO - Processing file /home/airflow/.local/lib/python3.8/site-packages/airflow/example_dags/example_task_group_decorator.py for tasks to queue
[2023-12-20T11:19:21.231+0000] {logging_mixin.py:188} INFO - [2023-12-20T11:19:21.231+0000] {dagbag.py:538} INFO - Filling up the DagBag from /home/airflow/.local/lib/python3.8/site-packages/airflow/example_dags/example_task_group_decorator.py
[2023-12-20T11:19:21.279+0000] {processor.py:840} INFO - DAG(s) 'example_task_group_decorator' retrieved from /home/airflow/.local/lib/python3.8/site-packages/airflow/example_dags/example_task_group_decorator.py
[2023-12-20T11:19:21.407+0000] {logging_mixin.py:188} INFO - [2023-12-20T11:19:21.406+0000] {dag.py:3033} INFO - Sync 1 DAGs
[2023-12-20T11:19:21.475+0000] {logging_mixin.py:188} INFO - [2023-12-20T11:19:21.474+0000] {dag.py:3820} INFO - Setting next_dagrun for example_task_group_decorator to 2023-12-19T00:00:00+00:00, run_after=2023-12-20T00:00:00+00:00
[2023-12-20T11:19:21.617+0000] {processor.py:183} INFO - Processing /home/airflow/.local/lib/python3.8/site-packages/airflow/example_dags/example_task_group_decorator.py took 0.399 seconds
[2023-12-20T11:19:52.031+0000] {processor.py:161} INFO - Started process (PID=309) to work on /home/airflow/.local/lib/python3.8/site-packages/airflow/example_dags/example_task_group_decorator.py
[2023-12-20T11:19:52.033+0000] {processor.py:830} INFO - Processing file /home/airflow/.local/lib/python3.8/site-packages/airflow/example_dags/example_task_group_decorator.py for tasks to queue
[2023-12-20T11:19:52.038+0000] {logging_mixin.py:188} INFO - [2023-12-20T11:19:52.038+0000] {dagbag.py:538} INFO - Filling up the DagBag from /home/airflow/.local/lib/python3.8/site-packages/airflow/example_dags/example_task_group_decorator.py
[2023-12-20T11:19:52.070+0000] {processor.py:840} INFO - DAG(s) 'example_task_group_decorator' retrieved from /home/airflow/.local/lib/python3.8/site-packages/airflow/example_dags/example_task_group_decorator.py
[2023-12-20T11:19:52.137+0000] {logging_mixin.py:188} INFO - [2023-12-20T11:19:52.134+0000] {dag.py:3033} INFO - Sync 1 DAGs
[2023-12-20T11:19:52.196+0000] {logging_mixin.py:188} INFO - [2023-12-20T11:19:52.194+0000] {dag.py:3820} INFO - Setting next_dagrun for example_task_group_decorator to 2023-12-19T00:00:00+00:00, run_after=2023-12-20T00:00:00+00:00
[2023-12-20T11:19:52.360+0000] {processor.py:183} INFO - Processing /home/airflow/.local/lib/python3.8/site-packages/airflow/example_dags/example_task_group_decorator.py took 0.334 seconds
