[2023-12-20T11:17:39.005+0000] {processor.py:161} INFO - Started process (PID=68) to work on /home/airflow/.local/lib/python3.8/site-packages/airflow/example_dags/example_dynamic_task_mapping.py
[2023-12-20T11:17:39.029+0000] {processor.py:830} INFO - Processing file /home/airflow/.local/lib/python3.8/site-packages/airflow/example_dags/example_dynamic_task_mapping.py for tasks to queue
[2023-12-20T11:17:39.057+0000] {logging_mixin.py:188} INFO - [2023-12-20T11:17:39.056+0000] {dagbag.py:538} INFO - Filling up the DagBag from /home/airflow/.local/lib/python3.8/site-packages/airflow/example_dags/example_dynamic_task_mapping.py
[2023-12-20T11:17:39.084+0000] {processor.py:840} INFO - DAG(s) 'example_dynamic_task_mapping' retrieved from /home/airflow/.local/lib/python3.8/site-packages/airflow/example_dags/example_dynamic_task_mapping.py
[2023-12-20T11:17:39.466+0000] {logging_mixin.py:188} INFO - [2023-12-20T11:17:39.463+0000] {override.py:1769} INFO - Created Permission View: can edit on DAG:example_dynamic_task_mapping
[2023-12-20T11:17:39.547+0000] {logging_mixin.py:188} INFO - [2023-12-20T11:17:39.546+0000] {override.py:1769} INFO - Created Permission View: can read on DAG:example_dynamic_task_mapping
[2023-12-20T11:17:39.593+0000] {logging_mixin.py:188} INFO - [2023-12-20T11:17:39.592+0000] {override.py:1769} INFO - Created Permission View: can delete on DAG:example_dynamic_task_mapping
[2023-12-20T11:17:39.596+0000] {logging_mixin.py:188} INFO - [2023-12-20T11:17:39.595+0000] {dag.py:3033} INFO - Sync 1 DAGs
[2023-12-20T11:17:39.642+0000] {logging_mixin.py:188} INFO - [2023-12-20T11:17:39.642+0000] {dag.py:3055} INFO - Creating ORM DAG for example_dynamic_task_mapping
[2023-12-20T11:17:39.683+0000] {logging_mixin.py:188} INFO - [2023-12-20T11:17:39.683+0000] {dag.py:3820} INFO - Setting next_dagrun for example_dynamic_task_mapping to 2022-03-04T00:00:00+00:00, run_after=2022-03-05T00:00:00+00:00
[2023-12-20T11:17:39.803+0000] {processor.py:183} INFO - Processing /home/airflow/.local/lib/python3.8/site-packages/airflow/example_dags/example_dynamic_task_mapping.py took 0.811 seconds
[2023-12-20T11:18:10.832+0000] {processor.py:161} INFO - Started process (PID=124) to work on /home/airflow/.local/lib/python3.8/site-packages/airflow/example_dags/example_dynamic_task_mapping.py
[2023-12-20T11:18:10.840+0000] {processor.py:830} INFO - Processing file /home/airflow/.local/lib/python3.8/site-packages/airflow/example_dags/example_dynamic_task_mapping.py for tasks to queue
[2023-12-20T11:18:10.867+0000] {logging_mixin.py:188} INFO - [2023-12-20T11:18:10.867+0000] {dagbag.py:538} INFO - Filling up the DagBag from /home/airflow/.local/lib/python3.8/site-packages/airflow/example_dags/example_dynamic_task_mapping.py
[2023-12-20T11:18:11.290+0000] {processor.py:840} INFO - DAG(s) 'example_dynamic_task_mapping' retrieved from /home/airflow/.local/lib/python3.8/site-packages/airflow/example_dags/example_dynamic_task_mapping.py
[2023-12-20T11:18:11.713+0000] {logging_mixin.py:188} INFO - [2023-12-20T11:18:11.712+0000] {dag.py:3033} INFO - Sync 1 DAGs
[2023-12-20T11:18:11.893+0000] {logging_mixin.py:188} INFO - [2023-12-20T11:18:11.892+0000] {dag.py:3820} INFO - Setting next_dagrun for example_dynamic_task_mapping to 2022-03-04T00:00:00+00:00, run_after=2022-03-05T00:00:00+00:00
[2023-12-20T11:18:12.144+0000] {processor.py:183} INFO - Processing /home/airflow/.local/lib/python3.8/site-packages/airflow/example_dags/example_dynamic_task_mapping.py took 1.413 seconds
[2023-12-20T11:18:42.194+0000] {processor.py:161} INFO - Started process (PID=180) to work on /home/airflow/.local/lib/python3.8/site-packages/airflow/example_dags/example_dynamic_task_mapping.py
[2023-12-20T11:18:42.200+0000] {processor.py:830} INFO - Processing file /home/airflow/.local/lib/python3.8/site-packages/airflow/example_dags/example_dynamic_task_mapping.py for tasks to queue
[2023-12-20T11:18:42.204+0000] {logging_mixin.py:188} INFO - [2023-12-20T11:18:42.204+0000] {dagbag.py:538} INFO - Filling up the DagBag from /home/airflow/.local/lib/python3.8/site-packages/airflow/example_dags/example_dynamic_task_mapping.py
[2023-12-20T11:18:42.213+0000] {processor.py:840} INFO - DAG(s) 'example_dynamic_task_mapping' retrieved from /home/airflow/.local/lib/python3.8/site-packages/airflow/example_dags/example_dynamic_task_mapping.py
[2023-12-20T11:18:42.250+0000] {logging_mixin.py:188} INFO - [2023-12-20T11:18:42.249+0000] {dag.py:3033} INFO - Sync 1 DAGs
[2023-12-20T11:18:42.283+0000] {logging_mixin.py:188} INFO - [2023-12-20T11:18:42.282+0000] {dag.py:3820} INFO - Setting next_dagrun for example_dynamic_task_mapping to 2022-03-04T00:00:00+00:00, run_after=2022-03-05T00:00:00+00:00
[2023-12-20T11:18:42.313+0000] {processor.py:183} INFO - Processing /home/airflow/.local/lib/python3.8/site-packages/airflow/example_dags/example_dynamic_task_mapping.py took 0.125 seconds
[2023-12-20T11:19:12.377+0000] {processor.py:161} INFO - Started process (PID=236) to work on /home/airflow/.local/lib/python3.8/site-packages/airflow/example_dags/example_dynamic_task_mapping.py
[2023-12-20T11:19:12.380+0000] {processor.py:830} INFO - Processing file /home/airflow/.local/lib/python3.8/site-packages/airflow/example_dags/example_dynamic_task_mapping.py for tasks to queue
[2023-12-20T11:19:12.386+0000] {logging_mixin.py:188} INFO - [2023-12-20T11:19:12.385+0000] {dagbag.py:538} INFO - Filling up the DagBag from /home/airflow/.local/lib/python3.8/site-packages/airflow/example_dags/example_dynamic_task_mapping.py
[2023-12-20T11:19:12.403+0000] {processor.py:840} INFO - DAG(s) 'example_dynamic_task_mapping' retrieved from /home/airflow/.local/lib/python3.8/site-packages/airflow/example_dags/example_dynamic_task_mapping.py
[2023-12-20T11:19:12.456+0000] {logging_mixin.py:188} INFO - [2023-12-20T11:19:12.455+0000] {dag.py:3033} INFO - Sync 1 DAGs
[2023-12-20T11:19:12.511+0000] {logging_mixin.py:188} INFO - [2023-12-20T11:19:12.510+0000] {dag.py:3820} INFO - Setting next_dagrun for example_dynamic_task_mapping to 2022-03-04T00:00:00+00:00, run_after=2022-03-05T00:00:00+00:00
[2023-12-20T11:19:12.553+0000] {processor.py:183} INFO - Processing /home/airflow/.local/lib/python3.8/site-packages/airflow/example_dags/example_dynamic_task_mapping.py took 0.186 seconds
[2023-12-20T11:19:43.525+0000] {processor.py:161} INFO - Started process (PID=292) to work on /home/airflow/.local/lib/python3.8/site-packages/airflow/example_dags/example_dynamic_task_mapping.py
[2023-12-20T11:19:43.533+0000] {processor.py:830} INFO - Processing file /home/airflow/.local/lib/python3.8/site-packages/airflow/example_dags/example_dynamic_task_mapping.py for tasks to queue
[2023-12-20T11:19:43.551+0000] {logging_mixin.py:188} INFO - [2023-12-20T11:19:43.548+0000] {dagbag.py:538} INFO - Filling up the DagBag from /home/airflow/.local/lib/python3.8/site-packages/airflow/example_dags/example_dynamic_task_mapping.py
[2023-12-20T11:19:43.587+0000] {processor.py:840} INFO - DAG(s) 'example_dynamic_task_mapping' retrieved from /home/airflow/.local/lib/python3.8/site-packages/airflow/example_dags/example_dynamic_task_mapping.py
[2023-12-20T11:19:43.668+0000] {logging_mixin.py:188} INFO - [2023-12-20T11:19:43.665+0000] {dag.py:3033} INFO - Sync 1 DAGs
[2023-12-20T11:19:43.757+0000] {logging_mixin.py:188} INFO - [2023-12-20T11:19:43.756+0000] {dag.py:3820} INFO - Setting next_dagrun for example_dynamic_task_mapping to 2022-03-04T00:00:00+00:00, run_after=2022-03-05T00:00:00+00:00
[2023-12-20T11:19:43.865+0000] {processor.py:183} INFO - Processing /home/airflow/.local/lib/python3.8/site-packages/airflow/example_dags/example_dynamic_task_mapping.py took 0.352 seconds
