[2023-12-20T11:17:46.463+0000] {processor.py:161} INFO - Started process (PID=87) to work on /home/airflow/.local/lib/python3.8/site-packages/airflow/example_dags/example_dag_decorator.py
[2023-12-20T11:17:46.466+0000] {processor.py:830} INFO - Processing file /home/airflow/.local/lib/python3.8/site-packages/airflow/example_dags/example_dag_decorator.py for tasks to queue
[2023-12-20T11:17:46.471+0000] {logging_mixin.py:188} INFO - [2023-12-20T11:17:46.470+0000] {dagbag.py:538} INFO - Filling up the DagBag from /home/airflow/.local/lib/python3.8/site-packages/airflow/example_dags/example_dag_decorator.py
[2023-12-20T11:17:46.922+0000] {processor.py:840} INFO - DAG(s) 'example_dag_decorator' retrieved from /home/airflow/.local/lib/python3.8/site-packages/airflow/example_dags/example_dag_decorator.py
[2023-12-20T11:17:47.616+0000] {logging_mixin.py:188} INFO - [2023-12-20T11:17:47.607+0000] {override.py:1769} INFO - Created Permission View: can edit on DAG:example_dag_decorator
[2023-12-20T11:17:47.656+0000] {logging_mixin.py:188} INFO - [2023-12-20T11:17:47.655+0000] {override.py:1769} INFO - Created Permission View: can read on DAG:example_dag_decorator
[2023-12-20T11:17:47.681+0000] {logging_mixin.py:188} INFO - [2023-12-20T11:17:47.680+0000] {override.py:1769} INFO - Created Permission View: can delete on DAG:example_dag_decorator
[2023-12-20T11:17:47.683+0000] {logging_mixin.py:188} INFO - [2023-12-20T11:17:47.681+0000] {dag.py:3033} INFO - Sync 1 DAGs
[2023-12-20T11:17:47.745+0000] {logging_mixin.py:188} INFO - [2023-12-20T11:17:47.744+0000] {dag.py:3055} INFO - Creating ORM DAG for example_dag_decorator
[2023-12-20T11:17:47.761+0000] {logging_mixin.py:188} INFO - [2023-12-20T11:17:47.761+0000] {dag.py:3820} INFO - Setting next_dagrun for example_dag_decorator to None, run_after=None
[2023-12-20T11:17:47.847+0000] {processor.py:183} INFO - Processing /home/airflow/.local/lib/python3.8/site-packages/airflow/example_dags/example_dag_decorator.py took 1.391 seconds
[2023-12-20T11:18:19.216+0000] {processor.py:161} INFO - Started process (PID=144) to work on /home/airflow/.local/lib/python3.8/site-packages/airflow/example_dags/example_dag_decorator.py
[2023-12-20T11:18:19.218+0000] {processor.py:830} INFO - Processing file /home/airflow/.local/lib/python3.8/site-packages/airflow/example_dags/example_dag_decorator.py for tasks to queue
[2023-12-20T11:18:19.222+0000] {logging_mixin.py:188} INFO - [2023-12-20T11:18:19.221+0000] {dagbag.py:538} INFO - Filling up the DagBag from /home/airflow/.local/lib/python3.8/site-packages/airflow/example_dags/example_dag_decorator.py
[2023-12-20T11:18:20.355+0000] {processor.py:840} INFO - DAG(s) 'example_dag_decorator' retrieved from /home/airflow/.local/lib/python3.8/site-packages/airflow/example_dags/example_dag_decorator.py
[2023-12-20T11:18:20.577+0000] {logging_mixin.py:188} INFO - [2023-12-20T11:18:20.575+0000] {dag.py:3033} INFO - Sync 1 DAGs
[2023-12-20T11:18:20.613+0000] {logging_mixin.py:188} INFO - [2023-12-20T11:18:20.613+0000] {dag.py:3820} INFO - Setting next_dagrun for example_dag_decorator to None, run_after=None
[2023-12-20T11:18:20.680+0000] {processor.py:183} INFO - Processing /home/airflow/.local/lib/python3.8/site-packages/airflow/example_dags/example_dag_decorator.py took 1.474 seconds
[2023-12-20T11:18:50.784+0000] {processor.py:161} INFO - Started process (PID=199) to work on /home/airflow/.local/lib/python3.8/site-packages/airflow/example_dags/example_dag_decorator.py
[2023-12-20T11:18:50.796+0000] {processor.py:830} INFO - Processing file /home/airflow/.local/lib/python3.8/site-packages/airflow/example_dags/example_dag_decorator.py for tasks to queue
[2023-12-20T11:18:50.822+0000] {logging_mixin.py:188} INFO - [2023-12-20T11:18:50.822+0000] {dagbag.py:538} INFO - Filling up the DagBag from /home/airflow/.local/lib/python3.8/site-packages/airflow/example_dags/example_dag_decorator.py
[2023-12-20T11:18:51.610+0000] {processor.py:840} INFO - DAG(s) 'example_dag_decorator' retrieved from /home/airflow/.local/lib/python3.8/site-packages/airflow/example_dags/example_dag_decorator.py
[2023-12-20T11:18:52.315+0000] {logging_mixin.py:188} INFO - [2023-12-20T11:18:52.314+0000] {dag.py:3033} INFO - Sync 1 DAGs
[2023-12-20T11:18:52.381+0000] {logging_mixin.py:188} INFO - [2023-12-20T11:18:52.381+0000] {dag.py:3820} INFO - Setting next_dagrun for example_dag_decorator to None, run_after=None
[2023-12-20T11:18:52.484+0000] {processor.py:183} INFO - Processing /home/airflow/.local/lib/python3.8/site-packages/airflow/example_dags/example_dag_decorator.py took 1.713 seconds
[2023-12-20T11:19:22.749+0000] {processor.py:161} INFO - Started process (PID=256) to work on /home/airflow/.local/lib/python3.8/site-packages/airflow/example_dags/example_dag_decorator.py
[2023-12-20T11:19:22.751+0000] {processor.py:830} INFO - Processing file /home/airflow/.local/lib/python3.8/site-packages/airflow/example_dags/example_dag_decorator.py for tasks to queue
[2023-12-20T11:19:22.758+0000] {logging_mixin.py:188} INFO - [2023-12-20T11:19:22.757+0000] {dagbag.py:538} INFO - Filling up the DagBag from /home/airflow/.local/lib/python3.8/site-packages/airflow/example_dags/example_dag_decorator.py
[2023-12-20T11:19:23.196+0000] {processor.py:840} INFO - DAG(s) 'example_dag_decorator' retrieved from /home/airflow/.local/lib/python3.8/site-packages/airflow/example_dags/example_dag_decorator.py
[2023-12-20T11:19:23.819+0000] {logging_mixin.py:188} INFO - [2023-12-20T11:19:23.816+0000] {dag.py:3033} INFO - Sync 1 DAGs
[2023-12-20T11:19:23.878+0000] {logging_mixin.py:188} INFO - [2023-12-20T11:19:23.878+0000] {dag.py:3820} INFO - Setting next_dagrun for example_dag_decorator to None, run_after=None
[2023-12-20T11:19:24.079+0000] {processor.py:183} INFO - Processing /home/airflow/.local/lib/python3.8/site-packages/airflow/example_dags/example_dag_decorator.py took 1.336 seconds
[2023-12-20T11:19:54.861+0000] {processor.py:161} INFO - Started process (PID=314) to work on /home/airflow/.local/lib/python3.8/site-packages/airflow/example_dags/example_dag_decorator.py
[2023-12-20T11:19:54.867+0000] {processor.py:830} INFO - Processing file /home/airflow/.local/lib/python3.8/site-packages/airflow/example_dags/example_dag_decorator.py for tasks to queue
[2023-12-20T11:19:54.894+0000] {logging_mixin.py:188} INFO - [2023-12-20T11:19:54.893+0000] {dagbag.py:538} INFO - Filling up the DagBag from /home/airflow/.local/lib/python3.8/site-packages/airflow/example_dags/example_dag_decorator.py
[2023-12-20T11:19:56.233+0000] {processor.py:840} INFO - DAG(s) 'example_dag_decorator' retrieved from /home/airflow/.local/lib/python3.8/site-packages/airflow/example_dags/example_dag_decorator.py
[2023-12-20T11:19:59.961+0000] {logging_mixin.py:188} INFO - [2023-12-20T11:19:59.865+0000] {dag.py:3033} INFO - Sync 1 DAGs
[2023-12-20T11:20:00.267+0000] {logging_mixin.py:188} INFO - [2023-12-20T11:20:00.260+0000] {dag.py:3820} INFO - Setting next_dagrun for example_dag_decorator to None, run_after=None
[2023-12-20T11:20:00.707+0000] {processor.py:183} INFO - Processing /home/airflow/.local/lib/python3.8/site-packages/airflow/example_dags/example_dag_decorator.py took 5.909 seconds
