[2023-12-20T11:17:45.551+0000] {processor.py:161} INFO - Started process (PID=84) to work on /home/airflow/.local/lib/python3.8/site-packages/airflow/example_dags/tutorial_dag.py
[2023-12-20T11:17:45.552+0000] {processor.py:830} INFO - Processing file /home/airflow/.local/lib/python3.8/site-packages/airflow/example_dags/tutorial_dag.py for tasks to queue
[2023-12-20T11:17:45.560+0000] {logging_mixin.py:188} INFO - [2023-12-20T11:17:45.559+0000] {dagbag.py:538} INFO - Filling up the DagBag from /home/airflow/.local/lib/python3.8/site-packages/airflow/example_dags/tutorial_dag.py
[2023-12-20T11:17:45.590+0000] {processor.py:840} INFO - DAG(s) 'tutorial_dag' retrieved from /home/airflow/.local/lib/python3.8/site-packages/airflow/example_dags/tutorial_dag.py
[2023-12-20T11:17:45.956+0000] {logging_mixin.py:188} INFO - [2023-12-20T11:17:45.955+0000] {override.py:1769} INFO - Created Permission View: can edit on DAG:tutorial_dag
[2023-12-20T11:17:45.991+0000] {logging_mixin.py:188} INFO - [2023-12-20T11:17:45.990+0000] {override.py:1769} INFO - Created Permission View: can read on DAG:tutorial_dag
[2023-12-20T11:17:46.040+0000] {logging_mixin.py:188} INFO - [2023-12-20T11:17:46.039+0000] {override.py:1769} INFO - Created Permission View: can delete on DAG:tutorial_dag
[2023-12-20T11:17:46.043+0000] {logging_mixin.py:188} INFO - [2023-12-20T11:17:46.041+0000] {dag.py:3033} INFO - Sync 1 DAGs
[2023-12-20T11:17:46.113+0000] {logging_mixin.py:188} INFO - [2023-12-20T11:17:46.112+0000] {dag.py:3055} INFO - Creating ORM DAG for tutorial_dag
[2023-12-20T11:17:46.116+0000] {logging_mixin.py:188} INFO - [2023-12-20T11:17:46.116+0000] {dag.py:3820} INFO - Setting next_dagrun for tutorial_dag to None, run_after=None
[2023-12-20T11:17:46.207+0000] {processor.py:183} INFO - Processing /home/airflow/.local/lib/python3.8/site-packages/airflow/example_dags/tutorial_dag.py took 0.671 seconds
[2023-12-20T11:18:18.393+0000] {processor.py:161} INFO - Started process (PID=140) to work on /home/airflow/.local/lib/python3.8/site-packages/airflow/example_dags/tutorial_dag.py
[2023-12-20T11:18:18.406+0000] {processor.py:830} INFO - Processing file /home/airflow/.local/lib/python3.8/site-packages/airflow/example_dags/tutorial_dag.py for tasks to queue
[2023-12-20T11:18:18.417+0000] {logging_mixin.py:188} INFO - [2023-12-20T11:18:18.416+0000] {dagbag.py:538} INFO - Filling up the DagBag from /home/airflow/.local/lib/python3.8/site-packages/airflow/example_dags/tutorial_dag.py
[2023-12-20T11:18:18.445+0000] {processor.py:840} INFO - DAG(s) 'tutorial_dag' retrieved from /home/airflow/.local/lib/python3.8/site-packages/airflow/example_dags/tutorial_dag.py
[2023-12-20T11:18:18.515+0000] {logging_mixin.py:188} INFO - [2023-12-20T11:18:18.513+0000] {dag.py:3033} INFO - Sync 1 DAGs
[2023-12-20T11:18:18.608+0000] {logging_mixin.py:188} INFO - [2023-12-20T11:18:18.608+0000] {dag.py:3820} INFO - Setting next_dagrun for tutorial_dag to None, run_after=None
[2023-12-20T11:18:18.716+0000] {processor.py:183} INFO - Processing /home/airflow/.local/lib/python3.8/site-packages/airflow/example_dags/tutorial_dag.py took 0.341 seconds
[2023-12-20T11:18:49.681+0000] {processor.py:161} INFO - Started process (PID=196) to work on /home/airflow/.local/lib/python3.8/site-packages/airflow/example_dags/tutorial_dag.py
[2023-12-20T11:18:49.691+0000] {processor.py:830} INFO - Processing file /home/airflow/.local/lib/python3.8/site-packages/airflow/example_dags/tutorial_dag.py for tasks to queue
[2023-12-20T11:18:49.728+0000] {logging_mixin.py:188} INFO - [2023-12-20T11:18:49.719+0000] {dagbag.py:538} INFO - Filling up the DagBag from /home/airflow/.local/lib/python3.8/site-packages/airflow/example_dags/tutorial_dag.py
[2023-12-20T11:18:49.754+0000] {processor.py:840} INFO - DAG(s) 'tutorial_dag' retrieved from /home/airflow/.local/lib/python3.8/site-packages/airflow/example_dags/tutorial_dag.py
[2023-12-20T11:18:50.015+0000] {logging_mixin.py:188} INFO - [2023-12-20T11:18:50.014+0000] {dag.py:3033} INFO - Sync 1 DAGs
[2023-12-20T11:18:50.094+0000] {logging_mixin.py:188} INFO - [2023-12-20T11:18:50.093+0000] {dag.py:3820} INFO - Setting next_dagrun for tutorial_dag to None, run_after=None
[2023-12-20T11:18:50.152+0000] {processor.py:183} INFO - Processing /home/airflow/.local/lib/python3.8/site-packages/airflow/example_dags/tutorial_dag.py took 0.489 seconds
[2023-12-20T11:19:21.213+0000] {processor.py:161} INFO - Started process (PID=252) to work on /home/airflow/.local/lib/python3.8/site-packages/airflow/example_dags/tutorial_dag.py
[2023-12-20T11:19:21.215+0000] {processor.py:830} INFO - Processing file /home/airflow/.local/lib/python3.8/site-packages/airflow/example_dags/tutorial_dag.py for tasks to queue
[2023-12-20T11:19:21.224+0000] {logging_mixin.py:188} INFO - [2023-12-20T11:19:21.223+0000] {dagbag.py:538} INFO - Filling up the DagBag from /home/airflow/.local/lib/python3.8/site-packages/airflow/example_dags/tutorial_dag.py
[2023-12-20T11:19:21.239+0000] {processor.py:840} INFO - DAG(s) 'tutorial_dag' retrieved from /home/airflow/.local/lib/python3.8/site-packages/airflow/example_dags/tutorial_dag.py
[2023-12-20T11:19:21.287+0000] {logging_mixin.py:188} INFO - [2023-12-20T11:19:21.285+0000] {dag.py:3033} INFO - Sync 1 DAGs
[2023-12-20T11:19:21.331+0000] {logging_mixin.py:188} INFO - [2023-12-20T11:19:21.331+0000] {dag.py:3820} INFO - Setting next_dagrun for tutorial_dag to None, run_after=None
[2023-12-20T11:19:21.412+0000] {processor.py:183} INFO - Processing /home/airflow/.local/lib/python3.8/site-packages/airflow/example_dags/tutorial_dag.py took 0.206 seconds
[2023-12-20T11:19:51.852+0000] {processor.py:161} INFO - Started process (PID=308) to work on /home/airflow/.local/lib/python3.8/site-packages/airflow/example_dags/tutorial_dag.py
[2023-12-20T11:19:51.854+0000] {processor.py:830} INFO - Processing file /home/airflow/.local/lib/python3.8/site-packages/airflow/example_dags/tutorial_dag.py for tasks to queue
[2023-12-20T11:19:51.859+0000] {logging_mixin.py:188} INFO - [2023-12-20T11:19:51.858+0000] {dagbag.py:538} INFO - Filling up the DagBag from /home/airflow/.local/lib/python3.8/site-packages/airflow/example_dags/tutorial_dag.py
[2023-12-20T11:19:51.877+0000] {processor.py:840} INFO - DAG(s) 'tutorial_dag' retrieved from /home/airflow/.local/lib/python3.8/site-packages/airflow/example_dags/tutorial_dag.py
[2023-12-20T11:19:51.922+0000] {logging_mixin.py:188} INFO - [2023-12-20T11:19:51.920+0000] {dag.py:3033} INFO - Sync 1 DAGs
[2023-12-20T11:19:51.951+0000] {logging_mixin.py:188} INFO - [2023-12-20T11:19:51.951+0000] {dag.py:3820} INFO - Setting next_dagrun for tutorial_dag to None, run_after=None
[2023-12-20T11:19:51.986+0000] {processor.py:183} INFO - Processing /home/airflow/.local/lib/python3.8/site-packages/airflow/example_dags/tutorial_dag.py took 0.140 seconds
