[2023-12-20T11:17:49.897+0000] {processor.py:161} INFO - Started process (PID=94) to work on /home/airflow/.local/lib/python3.8/site-packages/airflow/example_dags/tutorial_objectstorage.py
[2023-12-20T11:17:49.899+0000] {processor.py:830} INFO - Processing file /home/airflow/.local/lib/python3.8/site-packages/airflow/example_dags/tutorial_objectstorage.py for tasks to queue
[2023-12-20T11:17:49.905+0000] {logging_mixin.py:188} INFO - [2023-12-20T11:17:49.905+0000] {dagbag.py:538} INFO - Filling up the DagBag from /home/airflow/.local/lib/python3.8/site-packages/airflow/example_dags/tutorial_objectstorage.py
[2023-12-20T11:17:49.915+0000] {processor.py:840} INFO - DAG(s) 'tutorial_objectstorage' retrieved from /home/airflow/.local/lib/python3.8/site-packages/airflow/example_dags/tutorial_objectstorage.py
[2023-12-20T11:17:50.151+0000] {logging_mixin.py:188} INFO - [2023-12-20T11:17:50.149+0000] {override.py:1769} INFO - Created Permission View: can edit on DAG:tutorial_objectstorage
[2023-12-20T11:17:50.172+0000] {logging_mixin.py:188} INFO - [2023-12-20T11:17:50.171+0000] {override.py:1769} INFO - Created Permission View: can read on DAG:tutorial_objectstorage
[2023-12-20T11:17:50.195+0000] {logging_mixin.py:188} INFO - [2023-12-20T11:17:50.195+0000] {override.py:1769} INFO - Created Permission View: can delete on DAG:tutorial_objectstorage
[2023-12-20T11:17:50.198+0000] {logging_mixin.py:188} INFO - [2023-12-20T11:17:50.197+0000] {dag.py:3033} INFO - Sync 1 DAGs
[2023-12-20T11:17:50.218+0000] {logging_mixin.py:188} INFO - [2023-12-20T11:17:50.218+0000] {dag.py:3055} INFO - Creating ORM DAG for tutorial_objectstorage
[2023-12-20T11:17:50.220+0000] {logging_mixin.py:188} INFO - [2023-12-20T11:17:50.219+0000] {dag.py:3820} INFO - Setting next_dagrun for tutorial_objectstorage to None, run_after=None
[2023-12-20T11:17:50.272+0000] {processor.py:183} INFO - Processing /home/airflow/.local/lib/python3.8/site-packages/airflow/example_dags/tutorial_objectstorage.py took 0.383 seconds
[2023-12-20T11:18:20.701+0000] {processor.py:161} INFO - Started process (PID=150) to work on /home/airflow/.local/lib/python3.8/site-packages/airflow/example_dags/tutorial_objectstorage.py
[2023-12-20T11:18:20.703+0000] {processor.py:830} INFO - Processing file /home/airflow/.local/lib/python3.8/site-packages/airflow/example_dags/tutorial_objectstorage.py for tasks to queue
[2023-12-20T11:18:20.707+0000] {logging_mixin.py:188} INFO - [2023-12-20T11:18:20.707+0000] {dagbag.py:538} INFO - Filling up the DagBag from /home/airflow/.local/lib/python3.8/site-packages/airflow/example_dags/tutorial_objectstorage.py
[2023-12-20T11:18:20.730+0000] {processor.py:840} INFO - DAG(s) 'tutorial_objectstorage' retrieved from /home/airflow/.local/lib/python3.8/site-packages/airflow/example_dags/tutorial_objectstorage.py
[2023-12-20T11:18:20.772+0000] {logging_mixin.py:188} INFO - [2023-12-20T11:18:20.771+0000] {dag.py:3033} INFO - Sync 1 DAGs
[2023-12-20T11:18:20.796+0000] {logging_mixin.py:188} INFO - [2023-12-20T11:18:20.796+0000] {dag.py:3820} INFO - Setting next_dagrun for tutorial_objectstorage to None, run_after=None
[2023-12-20T11:18:20.847+0000] {processor.py:183} INFO - Processing /home/airflow/.local/lib/python3.8/site-packages/airflow/example_dags/tutorial_objectstorage.py took 0.151 seconds
[2023-12-20T11:18:53.651+0000] {processor.py:161} INFO - Started process (PID=206) to work on /home/airflow/.local/lib/python3.8/site-packages/airflow/example_dags/tutorial_objectstorage.py
[2023-12-20T11:18:53.654+0000] {processor.py:830} INFO - Processing file /home/airflow/.local/lib/python3.8/site-packages/airflow/example_dags/tutorial_objectstorage.py for tasks to queue
[2023-12-20T11:18:53.664+0000] {logging_mixin.py:188} INFO - [2023-12-20T11:18:53.663+0000] {dagbag.py:538} INFO - Filling up the DagBag from /home/airflow/.local/lib/python3.8/site-packages/airflow/example_dags/tutorial_objectstorage.py
[2023-12-20T11:18:53.706+0000] {processor.py:840} INFO - DAG(s) 'tutorial_objectstorage' retrieved from /home/airflow/.local/lib/python3.8/site-packages/airflow/example_dags/tutorial_objectstorage.py
[2023-12-20T11:18:53.848+0000] {logging_mixin.py:188} INFO - [2023-12-20T11:18:53.844+0000] {dag.py:3033} INFO - Sync 1 DAGs
[2023-12-20T11:18:53.910+0000] {logging_mixin.py:188} INFO - [2023-12-20T11:18:53.909+0000] {dag.py:3820} INFO - Setting next_dagrun for tutorial_objectstorage to None, run_after=None
[2023-12-20T11:18:53.948+0000] {processor.py:183} INFO - Processing /home/airflow/.local/lib/python3.8/site-packages/airflow/example_dags/tutorial_objectstorage.py took 0.310 seconds
[2023-12-20T11:19:25.128+0000] {processor.py:161} INFO - Started process (PID=262) to work on /home/airflow/.local/lib/python3.8/site-packages/airflow/example_dags/tutorial_objectstorage.py
[2023-12-20T11:19:25.130+0000] {processor.py:830} INFO - Processing file /home/airflow/.local/lib/python3.8/site-packages/airflow/example_dags/tutorial_objectstorage.py for tasks to queue
[2023-12-20T11:19:25.135+0000] {logging_mixin.py:188} INFO - [2023-12-20T11:19:25.135+0000] {dagbag.py:538} INFO - Filling up the DagBag from /home/airflow/.local/lib/python3.8/site-packages/airflow/example_dags/tutorial_objectstorage.py
[2023-12-20T11:19:25.151+0000] {processor.py:840} INFO - DAG(s) 'tutorial_objectstorage' retrieved from /home/airflow/.local/lib/python3.8/site-packages/airflow/example_dags/tutorial_objectstorage.py
[2023-12-20T11:19:25.251+0000] {logging_mixin.py:188} INFO - [2023-12-20T11:19:25.250+0000] {dag.py:3033} INFO - Sync 1 DAGs
[2023-12-20T11:19:25.289+0000] {logging_mixin.py:188} INFO - [2023-12-20T11:19:25.289+0000] {dag.py:3820} INFO - Setting next_dagrun for tutorial_objectstorage to None, run_after=None
[2023-12-20T11:19:26.468+0000] {processor.py:183} INFO - Processing /home/airflow/.local/lib/python3.8/site-packages/airflow/example_dags/tutorial_objectstorage.py took 1.346 seconds
[2023-12-20T11:20:01.061+0000] {processor.py:161} INFO - Started process (PID=318) to work on /home/airflow/.local/lib/python3.8/site-packages/airflow/example_dags/tutorial_objectstorage.py
[2023-12-20T11:20:01.064+0000] {processor.py:830} INFO - Processing file /home/airflow/.local/lib/python3.8/site-packages/airflow/example_dags/tutorial_objectstorage.py for tasks to queue
[2023-12-20T11:20:01.070+0000] {logging_mixin.py:188} INFO - [2023-12-20T11:20:01.069+0000] {dagbag.py:538} INFO - Filling up the DagBag from /home/airflow/.local/lib/python3.8/site-packages/airflow/example_dags/tutorial_objectstorage.py
[2023-12-20T11:20:01.089+0000] {processor.py:840} INFO - DAG(s) 'tutorial_objectstorage' retrieved from /home/airflow/.local/lib/python3.8/site-packages/airflow/example_dags/tutorial_objectstorage.py
[2023-12-20T11:20:01.177+0000] {logging_mixin.py:188} INFO - [2023-12-20T11:20:01.174+0000] {dag.py:3033} INFO - Sync 1 DAGs
[2023-12-20T11:20:01.229+0000] {logging_mixin.py:188} INFO - [2023-12-20T11:20:01.228+0000] {dag.py:3820} INFO - Setting next_dagrun for tutorial_objectstorage to None, run_after=None
[2023-12-20T11:20:01.541+0000] {processor.py:183} INFO - Processing /home/airflow/.local/lib/python3.8/site-packages/airflow/example_dags/tutorial_objectstorage.py took 0.487 seconds
