[2023-12-20T11:17:27.655+0000] {processor.py:161} INFO - Started process (PID=51) to work on /home/airflow/.local/lib/python3.8/site-packages/airflow/example_dags/tutorial.py
[2023-12-20T11:17:27.658+0000] {processor.py:830} INFO - Processing file /home/airflow/.local/lib/python3.8/site-packages/airflow/example_dags/tutorial.py for tasks to queue
[2023-12-20T11:17:27.672+0000] {logging_mixin.py:188} INFO - [2023-12-20T11:17:27.671+0000] {dagbag.py:538} INFO - Filling up the DagBag from /home/airflow/.local/lib/python3.8/site-packages/airflow/example_dags/tutorial.py
[2023-12-20T11:17:27.724+0000] {processor.py:840} INFO - DAG(s) 'tutorial' retrieved from /home/airflow/.local/lib/python3.8/site-packages/airflow/example_dags/tutorial.py
[2023-12-20T11:17:29.231+0000] {logging_mixin.py:188} INFO - [2023-12-20T11:17:29.206+0000] {override.py:1769} INFO - Created Permission View: can edit on DAG:tutorial
[2023-12-20T11:17:29.467+0000] {logging_mixin.py:188} INFO - [2023-12-20T11:17:29.350+0000] {override.py:1769} INFO - Created Permission View: can read on DAG:tutorial
[2023-12-20T11:17:29.599+0000] {logging_mixin.py:188} INFO - [2023-12-20T11:17:29.598+0000] {override.py:1769} INFO - Created Permission View: can delete on DAG:tutorial
[2023-12-20T11:17:29.608+0000] {logging_mixin.py:188} INFO - [2023-12-20T11:17:29.608+0000] {dag.py:3033} INFO - Sync 1 DAGs
[2023-12-20T11:17:29.728+0000] {logging_mixin.py:188} INFO - [2023-12-20T11:17:29.728+0000] {dag.py:3055} INFO - Creating ORM DAG for tutorial
[2023-12-20T11:17:29.785+0000] {logging_mixin.py:188} INFO - [2023-12-20T11:17:29.784+0000] {dag.py:3820} INFO - Setting next_dagrun for tutorial to 2023-12-19T00:00:00+00:00, run_after=2023-12-20T00:00:00+00:00
[2023-12-20T11:17:29.953+0000] {processor.py:183} INFO - Processing /home/airflow/.local/lib/python3.8/site-packages/airflow/example_dags/tutorial.py took 2.312 seconds
[2023-12-20T11:18:00.186+0000] {processor.py:161} INFO - Started process (PID=107) to work on /home/airflow/.local/lib/python3.8/site-packages/airflow/example_dags/tutorial.py
[2023-12-20T11:18:00.187+0000] {processor.py:830} INFO - Processing file /home/airflow/.local/lib/python3.8/site-packages/airflow/example_dags/tutorial.py for tasks to queue
[2023-12-20T11:18:00.197+0000] {logging_mixin.py:188} INFO - [2023-12-20T11:18:00.196+0000] {dagbag.py:538} INFO - Filling up the DagBag from /home/airflow/.local/lib/python3.8/site-packages/airflow/example_dags/tutorial.py
[2023-12-20T11:18:00.223+0000] {processor.py:840} INFO - DAG(s) 'tutorial' retrieved from /home/airflow/.local/lib/python3.8/site-packages/airflow/example_dags/tutorial.py
[2023-12-20T11:18:00.280+0000] {logging_mixin.py:188} INFO - [2023-12-20T11:18:00.279+0000] {dag.py:3033} INFO - Sync 1 DAGs
[2023-12-20T11:18:00.351+0000] {logging_mixin.py:188} INFO - [2023-12-20T11:18:00.351+0000] {dag.py:3820} INFO - Setting next_dagrun for tutorial to 2023-12-19T00:00:00+00:00, run_after=2023-12-20T00:00:00+00:00
[2023-12-20T11:18:00.428+0000] {processor.py:183} INFO - Processing /home/airflow/.local/lib/python3.8/site-packages/airflow/example_dags/tutorial.py took 0.267 seconds
[2023-12-20T11:18:30.825+0000] {processor.py:161} INFO - Started process (PID=163) to work on /home/airflow/.local/lib/python3.8/site-packages/airflow/example_dags/tutorial.py
[2023-12-20T11:18:30.830+0000] {processor.py:830} INFO - Processing file /home/airflow/.local/lib/python3.8/site-packages/airflow/example_dags/tutorial.py for tasks to queue
[2023-12-20T11:18:30.867+0000] {logging_mixin.py:188} INFO - [2023-12-20T11:18:30.865+0000] {dagbag.py:538} INFO - Filling up the DagBag from /home/airflow/.local/lib/python3.8/site-packages/airflow/example_dags/tutorial.py
[2023-12-20T11:18:30.901+0000] {processor.py:840} INFO - DAG(s) 'tutorial' retrieved from /home/airflow/.local/lib/python3.8/site-packages/airflow/example_dags/tutorial.py
[2023-12-20T11:18:31.144+0000] {logging_mixin.py:188} INFO - [2023-12-20T11:18:31.143+0000] {dag.py:3033} INFO - Sync 1 DAGs
[2023-12-20T11:18:31.442+0000] {logging_mixin.py:188} INFO - [2023-12-20T11:18:31.441+0000] {dag.py:3820} INFO - Setting next_dagrun for tutorial to 2023-12-19T00:00:00+00:00, run_after=2023-12-20T00:00:00+00:00
[2023-12-20T11:18:31.514+0000] {processor.py:183} INFO - Processing /home/airflow/.local/lib/python3.8/site-packages/airflow/example_dags/tutorial.py took 0.697 seconds
[2023-12-20T11:19:01.652+0000] {processor.py:161} INFO - Started process (PID=219) to work on /home/airflow/.local/lib/python3.8/site-packages/airflow/example_dags/tutorial.py
[2023-12-20T11:19:01.655+0000] {processor.py:830} INFO - Processing file /home/airflow/.local/lib/python3.8/site-packages/airflow/example_dags/tutorial.py for tasks to queue
[2023-12-20T11:19:01.663+0000] {logging_mixin.py:188} INFO - [2023-12-20T11:19:01.662+0000] {dagbag.py:538} INFO - Filling up the DagBag from /home/airflow/.local/lib/python3.8/site-packages/airflow/example_dags/tutorial.py
[2023-12-20T11:19:01.677+0000] {processor.py:840} INFO - DAG(s) 'tutorial' retrieved from /home/airflow/.local/lib/python3.8/site-packages/airflow/example_dags/tutorial.py
[2023-12-20T11:19:01.734+0000] {logging_mixin.py:188} INFO - [2023-12-20T11:19:01.734+0000] {dag.py:3033} INFO - Sync 1 DAGs
[2023-12-20T11:19:01.804+0000] {logging_mixin.py:188} INFO - [2023-12-20T11:19:01.804+0000] {dag.py:3820} INFO - Setting next_dagrun for tutorial to 2023-12-19T00:00:00+00:00, run_after=2023-12-20T00:00:00+00:00
[2023-12-20T11:19:01.853+0000] {processor.py:183} INFO - Processing /home/airflow/.local/lib/python3.8/site-packages/airflow/example_dags/tutorial.py took 0.210 seconds
[2023-12-20T11:19:32.222+0000] {processor.py:161} INFO - Started process (PID=275) to work on /home/airflow/.local/lib/python3.8/site-packages/airflow/example_dags/tutorial.py
[2023-12-20T11:19:32.231+0000] {processor.py:830} INFO - Processing file /home/airflow/.local/lib/python3.8/site-packages/airflow/example_dags/tutorial.py for tasks to queue
[2023-12-20T11:19:32.250+0000] {logging_mixin.py:188} INFO - [2023-12-20T11:19:32.250+0000] {dagbag.py:538} INFO - Filling up the DagBag from /home/airflow/.local/lib/python3.8/site-packages/airflow/example_dags/tutorial.py
[2023-12-20T11:19:32.316+0000] {processor.py:840} INFO - DAG(s) 'tutorial' retrieved from /home/airflow/.local/lib/python3.8/site-packages/airflow/example_dags/tutorial.py
[2023-12-20T11:19:32.570+0000] {logging_mixin.py:188} INFO - [2023-12-20T11:19:32.570+0000] {dag.py:3033} INFO - Sync 1 DAGs
[2023-12-20T11:19:32.776+0000] {logging_mixin.py:188} INFO - [2023-12-20T11:19:32.775+0000] {dag.py:3820} INFO - Setting next_dagrun for tutorial to 2023-12-19T00:00:00+00:00, run_after=2023-12-20T00:00:00+00:00
[2023-12-20T11:19:32.819+0000] {processor.py:183} INFO - Processing /home/airflow/.local/lib/python3.8/site-packages/airflow/example_dags/tutorial.py took 0.628 seconds
