[2023-12-20T11:17:27.368+0000] {processor.py:161} INFO - Started process (PID=50) to work on /home/airflow/.local/lib/python3.8/site-packages/airflow/example_dags/tutorial_taskflow_api.py
[2023-12-20T11:17:27.382+0000] {processor.py:830} INFO - Processing file /home/airflow/.local/lib/python3.8/site-packages/airflow/example_dags/tutorial_taskflow_api.py for tasks to queue
[2023-12-20T11:17:27.424+0000] {logging_mixin.py:188} INFO - [2023-12-20T11:17:27.423+0000] {dagbag.py:538} INFO - Filling up the DagBag from /home/airflow/.local/lib/python3.8/site-packages/airflow/example_dags/tutorial_taskflow_api.py
[2023-12-20T11:17:27.519+0000] {processor.py:840} INFO - DAG(s) 'tutorial_taskflow_api' retrieved from /home/airflow/.local/lib/python3.8/site-packages/airflow/example_dags/tutorial_taskflow_api.py
[2023-12-20T11:17:29.237+0000] {logging_mixin.py:188} INFO - [2023-12-20T11:17:29.235+0000] {override.py:1769} INFO - Created Permission View: can edit on DAG:tutorial_taskflow_api
[2023-12-20T11:17:29.309+0000] {logging_mixin.py:188} INFO - [2023-12-20T11:17:29.308+0000] {override.py:1769} INFO - Created Permission View: can read on DAG:tutorial_taskflow_api
[2023-12-20T11:17:29.430+0000] {logging_mixin.py:188} INFO - [2023-12-20T11:17:29.429+0000] {override.py:1769} INFO - Created Permission View: can delete on DAG:tutorial_taskflow_api
[2023-12-20T11:17:29.433+0000] {logging_mixin.py:188} INFO - [2023-12-20T11:17:29.432+0000] {dag.py:3033} INFO - Sync 1 DAGs
[2023-12-20T11:17:29.508+0000] {logging_mixin.py:188} INFO - [2023-12-20T11:17:29.507+0000] {dag.py:3055} INFO - Creating ORM DAG for tutorial_taskflow_api
[2023-12-20T11:17:29.526+0000] {logging_mixin.py:188} INFO - [2023-12-20T11:17:29.526+0000] {dag.py:3820} INFO - Setting next_dagrun for tutorial_taskflow_api to None, run_after=None
[2023-12-20T11:17:29.644+0000] {processor.py:183} INFO - Processing /home/airflow/.local/lib/python3.8/site-packages/airflow/example_dags/tutorial_taskflow_api.py took 2.554 seconds
[2023-12-20T11:17:59.703+0000] {processor.py:161} INFO - Started process (PID=106) to work on /home/airflow/.local/lib/python3.8/site-packages/airflow/example_dags/tutorial_taskflow_api.py
[2023-12-20T11:17:59.706+0000] {processor.py:830} INFO - Processing file /home/airflow/.local/lib/python3.8/site-packages/airflow/example_dags/tutorial_taskflow_api.py for tasks to queue
[2023-12-20T11:17:59.720+0000] {logging_mixin.py:188} INFO - [2023-12-20T11:17:59.717+0000] {dagbag.py:538} INFO - Filling up the DagBag from /home/airflow/.local/lib/python3.8/site-packages/airflow/example_dags/tutorial_taskflow_api.py
[2023-12-20T11:17:59.792+0000] {processor.py:840} INFO - DAG(s) 'tutorial_taskflow_api' retrieved from /home/airflow/.local/lib/python3.8/site-packages/airflow/example_dags/tutorial_taskflow_api.py
[2023-12-20T11:17:59.964+0000] {logging_mixin.py:188} INFO - [2023-12-20T11:17:59.963+0000] {dag.py:3033} INFO - Sync 1 DAGs
[2023-12-20T11:17:59.998+0000] {logging_mixin.py:188} INFO - [2023-12-20T11:17:59.998+0000] {dag.py:3820} INFO - Setting next_dagrun for tutorial_taskflow_api to None, run_after=None
[2023-12-20T11:18:00.103+0000] {processor.py:183} INFO - Processing /home/airflow/.local/lib/python3.8/site-packages/airflow/example_dags/tutorial_taskflow_api.py took 0.406 seconds
[2023-12-20T11:18:30.511+0000] {processor.py:161} INFO - Started process (PID=162) to work on /home/airflow/.local/lib/python3.8/site-packages/airflow/example_dags/tutorial_taskflow_api.py
[2023-12-20T11:18:30.522+0000] {processor.py:830} INFO - Processing file /home/airflow/.local/lib/python3.8/site-packages/airflow/example_dags/tutorial_taskflow_api.py for tasks to queue
[2023-12-20T11:18:30.548+0000] {logging_mixin.py:188} INFO - [2023-12-20T11:18:30.544+0000] {dagbag.py:538} INFO - Filling up the DagBag from /home/airflow/.local/lib/python3.8/site-packages/airflow/example_dags/tutorial_taskflow_api.py
[2023-12-20T11:18:30.628+0000] {processor.py:840} INFO - DAG(s) 'tutorial_taskflow_api' retrieved from /home/airflow/.local/lib/python3.8/site-packages/airflow/example_dags/tutorial_taskflow_api.py
[2023-12-20T11:18:30.691+0000] {logging_mixin.py:188} INFO - [2023-12-20T11:18:30.689+0000] {dag.py:3033} INFO - Sync 1 DAGs
[2023-12-20T11:18:30.719+0000] {logging_mixin.py:188} INFO - [2023-12-20T11:18:30.719+0000] {dag.py:3820} INFO - Setting next_dagrun for tutorial_taskflow_api to None, run_after=None
[2023-12-20T11:18:30.771+0000] {processor.py:183} INFO - Processing /home/airflow/.local/lib/python3.8/site-packages/airflow/example_dags/tutorial_taskflow_api.py took 0.342 seconds
[2023-12-20T11:19:01.582+0000] {processor.py:161} INFO - Started process (PID=218) to work on /home/airflow/.local/lib/python3.8/site-packages/airflow/example_dags/tutorial_taskflow_api.py
[2023-12-20T11:19:01.591+0000] {processor.py:830} INFO - Processing file /home/airflow/.local/lib/python3.8/site-packages/airflow/example_dags/tutorial_taskflow_api.py for tasks to queue
[2023-12-20T11:19:01.599+0000] {logging_mixin.py:188} INFO - [2023-12-20T11:19:01.599+0000] {dagbag.py:538} INFO - Filling up the DagBag from /home/airflow/.local/lib/python3.8/site-packages/airflow/example_dags/tutorial_taskflow_api.py
[2023-12-20T11:19:01.624+0000] {processor.py:840} INFO - DAG(s) 'tutorial_taskflow_api' retrieved from /home/airflow/.local/lib/python3.8/site-packages/airflow/example_dags/tutorial_taskflow_api.py
[2023-12-20T11:19:01.680+0000] {logging_mixin.py:188} INFO - [2023-12-20T11:19:01.679+0000] {dag.py:3033} INFO - Sync 1 DAGs
[2023-12-20T11:19:01.713+0000] {logging_mixin.py:188} INFO - [2023-12-20T11:19:01.712+0000] {dag.py:3820} INFO - Setting next_dagrun for tutorial_taskflow_api to None, run_after=None
[2023-12-20T11:19:01.765+0000] {processor.py:183} INFO - Processing /home/airflow/.local/lib/python3.8/site-packages/airflow/example_dags/tutorial_taskflow_api.py took 0.196 seconds
[2023-12-20T11:19:32.194+0000] {processor.py:161} INFO - Started process (PID=274) to work on /home/airflow/.local/lib/python3.8/site-packages/airflow/example_dags/tutorial_taskflow_api.py
[2023-12-20T11:19:32.196+0000] {processor.py:830} INFO - Processing file /home/airflow/.local/lib/python3.8/site-packages/airflow/example_dags/tutorial_taskflow_api.py for tasks to queue
[2023-12-20T11:19:32.219+0000] {logging_mixin.py:188} INFO - [2023-12-20T11:19:32.218+0000] {dagbag.py:538} INFO - Filling up the DagBag from /home/airflow/.local/lib/python3.8/site-packages/airflow/example_dags/tutorial_taskflow_api.py
[2023-12-20T11:19:32.265+0000] {processor.py:840} INFO - DAG(s) 'tutorial_taskflow_api' retrieved from /home/airflow/.local/lib/python3.8/site-packages/airflow/example_dags/tutorial_taskflow_api.py
[2023-12-20T11:19:32.413+0000] {logging_mixin.py:188} INFO - [2023-12-20T11:19:32.411+0000] {dag.py:3033} INFO - Sync 1 DAGs
[2023-12-20T11:19:32.484+0000] {logging_mixin.py:188} INFO - [2023-12-20T11:19:32.472+0000] {dag.py:3820} INFO - Setting next_dagrun for tutorial_taskflow_api to None, run_after=None
[2023-12-20T11:19:32.661+0000] {processor.py:183} INFO - Processing /home/airflow/.local/lib/python3.8/site-packages/airflow/example_dags/tutorial_taskflow_api.py took 0.480 seconds
[2023-12-20T11:20:05.005+0000] {processor.py:161} INFO - Started process (PID=329) to work on /home/airflow/.local/lib/python3.8/site-packages/airflow/example_dags/tutorial_taskflow_api.py
[2023-12-20T11:20:05.032+0000] {processor.py:830} INFO - Processing file /home/airflow/.local/lib/python3.8/site-packages/airflow/example_dags/tutorial_taskflow_api.py for tasks to queue
[2023-12-20T11:20:05.037+0000] {logging_mixin.py:188} INFO - [2023-12-20T11:20:05.037+0000] {dagbag.py:538} INFO - Filling up the DagBag from /home/airflow/.local/lib/python3.8/site-packages/airflow/example_dags/tutorial_taskflow_api.py
[2023-12-20T11:20:05.095+0000] {processor.py:840} INFO - DAG(s) 'tutorial_taskflow_api' retrieved from /home/airflow/.local/lib/python3.8/site-packages/airflow/example_dags/tutorial_taskflow_api.py
[2023-12-20T11:20:08.739+0000] {logging_mixin.py:188} INFO - [2023-12-20T11:20:08.702+0000] {dag.py:3033} INFO - Sync 1 DAGs
[2023-12-20T11:20:09.724+0000] {logging_mixin.py:188} INFO - [2023-12-20T11:20:09.724+0000] {dag.py:3820} INFO - Setting next_dagrun for tutorial_taskflow_api to None, run_after=None
[2023-12-20T11:20:13.607+0000] {processor.py:183} INFO - Processing /home/airflow/.local/lib/python3.8/site-packages/airflow/example_dags/tutorial_taskflow_api.py took 8.612 seconds
